10:18:26.318944> WebSocket connected! Start Partial @depth20 [Future] process...
10:18:26.319944> Lenta has started...Start SubscribeToAggTradeStream @aggTrade [future] process...
10:18:26.320943> WebSocket connected! Start @depth [Future] process...
10:18:26.323945> WebSocket connected! Start Partial @depth20 [MARGIN] process...
10:18:26.528956> Binance - Vxxv1AWf[MARGIN] MARGIN Balance: 0.8857515 USDT
10:18:26.673964> WebSocket connected! Start Partial @depth20 [MARGIN] process...
10:18:27.170163> WebSocket connected! Start Partial @depth20 [Future] process...
10:18:27.170163> WebSocket connected! Start @depth [Future] process...
10:18:27.211158> Lenta has started...Start SubscribeToAggTradeStream @aggTrade [future] process...
10:18:27.756650> BinanceFuture - Vxxv1AWf[USD_M] USD_M Balance: 369.88113137 USDT
10:18:30.002084> Try Close ALL Buy Pos by market
10:18:30.003084> Support: 68030.7 VolS:10.285 Resistence: 68035 VolR:1.447
10:18:30.003084> Ask1: 68030.80 Vol:0.112 Bid1: 68030.70 Vol:10.285
10:18:30.004084> Ask2: 68030.00000000 Vol:0.00059000 Bid2: 68029.99000000 Vol:2.21580000
10:18:30.299248> [1Leg]: Sell OK BTCUSDT at 0.0000;Gap=0.71000000;Price=68030.8000;Slippage=68030.8;Execution=291.154 ms;
10:18:30.300235> Shuxer! Close ALL Buy Pos by market
10:18:35.001425> Try Close ALL Buy Pos by market
10:18:35.002416> Support: 68030.7 VolS:8.694 Resistence: 68035 VolR:1.447
10:18:35.002416> Ask1: 68030.80 Vol:0.251 Bid1: 68030.70 Vol:8.694
10:18:35.002416> Ask2: 68031.86000000 Vol:0.42617000 Bid2: 68031.85000000 Vol:6.63303000
10:18:35.266940> [1Leg]: Sell OK BTCUSDT at 0.0000;Gap=-1.15000000;Price=68030.8000;Slippage=68030.8;Execution=263.537 ms;
10:18:35.266940> Shuxer! Close ALL Buy Pos by market
