17:51:56.150015> Lenta has started...Start SubscribeToAggTradeStream @aggTrade [future] process...
17:51:56.150015> WebSocket connected! Start @depth [Future] process...
17:51:56.154016> WebSocket connected! Start @depth [Future] process...
17:51:56.159016> WebSocket connected! Start Partial @depth20 [Future] process...
17:51:56.184017> Lenta has started...Start SubscribeToAggTradeStream @aggTrade [future] process...
17:51:56.185016> WebSocket connected! Start Partial @depth20 [Future] process...
17:51:57.166659> Lenta has started...Start SubscribeToAggTradeStream @aggTrade [future] process...
17:51:57.168663> Lenta has started...Start SubscribeToAggTradeStream @aggTrade [future] process...
17:51:57.171663> WebSocket connected! Start @depth [Future] process...
17:51:57.171663> WebSocket connected! Start Partial @depth20 [Future] process...
17:51:57.180661> WebSocket connected! Start Partial @depth20 [Future] process...
17:51:57.207658> WebSocket connected! Start @depth [Future] process...
17:51:58.665648> BinanceFuture - Vxxv1AWf[USD_M] USD_M Balance: 748.62005748 USDT
17:52:42.163779> Try Open BuyLimit, Bid: 66802.30 Ask:  66802.40
17:52:42.163779> Support: 66802.3 VolS:15.019 Resistence: 66810.6 VolR:1
17:52:42.437539> [1Leg]: Buy OK BTCUSDT at 66755.0000;Gap=-0.86;Price=66802.4000;Slippage=47.4;Execution=270.761 ms;
17:52:42.437539> Elapsted Open BuyLimit 
17:52:53.805587> Try Modify Buy order, 
17:52:53.806587> Support: 66858.3 VolS:6.59 Resistence: 66861.8 VolR:0.17
17:57:59.028007> WebSocket [ConnectToDepthStream()] [future] error: Received an unexpected EOF or 0 bytes from the transport stream.
17:57:59.289024> [1Leg]: BUY OK MODIFY BTCUSDT at 0.002 lot;price=66777.6000;execution=1544.086 ms;
17:57:59.430030> Modify BuyLimit (1Leg)
17:57:59.462030> Try Modify Buy order, 
17:57:59.463031> Support: 66863.3 VolS:0.262 Resistence: 66870 VolR:8.492
17:57:59.493052> WebSocket [ConnectToDepthStream()] [future] error: Received an unexpected EOF or 0 bytes from the transport stream.
17:58:00.301081> [1Leg]: BUY OK MODIFY BTCUSDT at 0.002 lot;price=66855.0000;execution=838.050 ms;
17:58:00.301081> Modify BuyLimit (1Leg)
17:58:00.306078> Try Open Sell Pos, deviationSell: 24.42 Ask: 66917.40
17:58:00.307079> Support: 66917.3 VolS:1.713 Resistence: 66917.4 VolR:2.277
17:58:00.566095> [1Leg]: Sell OK BTCUSDT at 66975.0000;Gap=24.42;Price=66864.4000;Slippage=-110.6;Execution=259.016 ms;
17:58:00.567094> Elapsted Open Sell (1Leg)
17:58:00.742104> Try Modify Buy order, 
17:58:00.742104> Support: 66853.6 VolS:3.127 Resistence: 66855.2 VolR:5.036
17:58:00.999122> [1Leg]: BUY OK MODIFY BTCUSDT at 0.002 lot;price=66798.6000;execution=256.018 ms;
17:58:00.999122> Modify BuyLimit (1Leg)
17:58:04.057800> BinanceFuture - Vxxv1AWf[USD_M] Reconect ConnectToDepthStream() to WebSocket #
17:58:04.058796> WebSocket [ConnectToDepthStream()] [Closed] [future] and reconnect again [during Task.Delay]..
17:58:04.493956> BinanceFuture - Vxxv1AWf[USD_M] Reconect ConnectToDepthStream() to WebSocket #
17:58:04.493956> WebSocket [ConnectToDepthStream()] [Closed] [future] and reconnect again [during Task.Delay]..
17:58:04.943096> BinanceFuture - Vxxv1AWf[USD_M] Reconect ConnectToDepthStream() to WebSocket #
17:58:04.944088> WebSocket [ConnectToDepthStream()] [Closed] [future] and reconnect again [during Task.Delay]..
17:58:05.064106> WebSocket connected! Start @depth [Future] process...
17:58:05.106099> BinanceFuture - Vxxv1AWf[USD_M] Reconect ConnectToDepthStream() to WebSocket #
17:58:05.106099> WebSocket [ConnectToDepthStream()] [Closed] [future] and reconnect again [during Task.Delay]..
17:58:05.482804> BinanceFuture - Vxxv1AWf[USD_M] Reconect to WebSocket #
17:58:05.483803> WebSocket [SubscribeToAggTradeStream()] [Closed] [future] and reconnect again [with Task.Delay]..
17:58:05.523825> WebSocket connected! Start @depth [Future] process...
17:58:05.944392> WebSocket connected! Start @depth [Future] process...
17:58:06.091402> WebSocket connected! Start @depth [Future] process...
17:58:06.454427> Lenta has started...Start SubscribeToAggTradeStream @aggTrade [future] process...
