13:39:05.222947> WebSocket connected! Start @depth [Future] process...
13:39:05.223949> WebSocket connected! Start Partial @depth20 [Future] process...
13:39:05.225947> Lenta has started...Start SubscribeToAggTradeStream @aggTrade [future] process...
13:39:05.224945> WebSocket connected! Start Partial @depth20 [MARGIN] process...
13:39:05.952903> WebSocket connected! Start Partial @depth20 [MARGIN] process...
13:39:05.954900> Binance - Vxxv1AWf[MARGIN] MARGIN Balance: 0.90858861 USDT
13:39:06.125946> WebSocket connected! Start Partial @depth20 [Future] process...
13:39:06.143907> Lenta has started...Start SubscribeToAggTradeStream @aggTrade [future] process...
13:39:06.149912> WebSocket connected! Start @depth [Future] process...
13:39:06.666573> BinanceFuture - Vxxv1AWf[USD_M] USD_M Balance: 427.97391887 USDT
13:49:07.831866>  DevBUY (+): 124.76100000 avgGapBuy:36.87900000 
16:24:59.375776>  DevBUY (+): 126.30150000 avgGapBuy:36.55850000 
16:32:49.815831> WebSocket connected! Start Partial @depth20 [Future] process...
16:32:49.834842> WebSocket connected! Start Partial @depth20 [Future] process...
16:36:40.458719> Unable to read data from the transport connection: An existing connection was forcibly closed by the remote host.
16:36:41.107744> Unable to read data from the transport connection: An existing connection was forcibly closed by the remote host.
16:36:45.541999> BinanceFuture - Vxxv1AWf[USD_M] Reconect to WebSocket #
16:36:45.549999> WebSocket [SubscribeToAggTradeStream()] [Closed] [future] and reconnect again [with Task.Delay]..
16:36:46.384048> BinanceFuture - Vxxv1AWf[USD_M] Reconect to WebSocket #
16:36:46.385049> WebSocket [SubscribeToAggTradeStream()] [Closed] [future] and reconnect again [with Task.Delay]..
16:36:47.520113> Lenta has started...Start SubscribeToAggTradeStream @aggTrade [future] process...
16:36:48.012142> Lenta has started...Start SubscribeToAggTradeStream @aggTrade [future] process...
16:38:13.901705> WebSocket [ConnectToDepthStream()] [future] error: Unable to read data from the transport connection: An established connection was aborted by the software in your host machine.
16:38:20.405077> BinanceFuture - Vxxv1AWf[USD_M] Reconect ConnectToDepthStream() to WebSocket #
16:38:20.406080> WebSocket [ConnectToDepthStream()] [Closed] [future] and reconnect again [during Task.Delay]..
16:38:21.584145> WebSocket connected! Start @depth [Future] process...
16:38:26.321417> BinanceFuture - Vxxv1AWf[USD_M] Reconect to WebSocket #
16:38:26.321417> WebSocket [SubscribeToAggTradeStream()] [Closed] [future] and reconnect again [with Task.Delay]..
16:38:27.542492> Lenta has started...Start SubscribeToAggTradeStream @aggTrade [future] process...
16:44:30.999325> Unable to read data from the transport connection: An existing connection was forcibly closed by the remote host.
16:44:36.048615> BinanceFuture - Vxxv1AWf[USD_M] Reconect to WebSocket #
16:44:36.130620> WebSocket [SubscribeToAggTradeStream()] [Closed] [future] and reconnect again [with Task.Delay]..
16:44:38.800775> Lenta has started...Start SubscribeToAggTradeStream @aggTrade [future] process...
16:48:51.628562> Unable to read data from the transport connection: An existing connection was forcibly closed by the remote host.
16:48:59.306003> BinanceFuture - Vxxv1AWf[USD_M] Reconect to WebSocket #
16:48:59.307003> WebSocket [SubscribeToAggTradeStream()] [Closed] [future] and reconnect again [with Task.Delay]..
16:49:10.440642> Lenta has started...Start SubscribeToAggTradeStream @aggTrade [future] process...
16:52:12.916102> Unable to read data from the transport connection: An existing connection was forcibly closed by the remote host.
16:52:20.549540> BinanceFuture - Vxxv1AWf[USD_M] Reconect to WebSocket #
16:52:21.085572> WebSocket [SubscribeToAggTradeStream()] [Closed] [future] and reconnect again [with Task.Delay]..
16:54:05.142539> Lenta has started...Start SubscribeToAggTradeStream @aggTrade [future] process...
