19:11:20.564802> WebSocket connected! Start Partial @depth20 [Future] process...
19:11:20.565801> WebSocket connected! Start Partial @depth20 [SPOT] process...
19:11:20.566802> WebSocket connected! Start @depth [Future] process...
19:11:20.566802> Lenta has started...Start SubscribeToAggTradeStream @aggTrade [future] process...
19:11:20.582805> Binance - Vxxv1AWf[SPOT] SPOT Balance: 0 USDT
19:11:20.828816> WebSocket connected! Start Partial @depth20 [SPOT] process...
19:11:21.361229> WebSocket connected! Start Partial @depth20 [Future] process...
19:11:21.363214> WebSocket connected! Start @depth [Future] process...
19:11:21.413216> Lenta has started...Start SubscribeToAggTradeStream @aggTrade [future] process...
19:11:21.912244> BinanceFuture - Vxxv1AWf[USD_M] USD_M Balance: 61.46755637 USDT
19:51:20.947483>  DevBUY (+): 140.5246666666666666666666667 avgGapBuy:4184.2753333333333333333333333 
19:51:21.693537>  DevBUY (-): 137.8646666666666666666666667 avgGapBuy:4184.2753333333333333333333333 
19:51:21.913984>  DevBUY (+): 156.7646666666666666666666667 avgGapBuy:4184.2753333333333333333333333 
19:51:22.693912>  DevBUY (-): 154.3246666666666666666666667 avgGapBuy:4184.2753333333333333333333333 
19:51:22.936042>  DevBUY (+): 158.0146666666666666666666667 avgGapBuy:4184.2753333333333333333333333 
19:51:48.461726>  DevBUY (+): 160.6246666666666666666666667 avgGapBuy:4184.2753333333333333333333333 
19:54:55.388562>  DevBUY (+): 165.4146666666666666666666667 avgGapBuy:4184.2753333333333333333333333 
19:55:38.670161>  DevBUY (+): 170.6846666666666666666666667 avgGapBuy:4184.2753333333333333333333333 
20:11:27.765512>  DevBUY (-): 165.05500000 avgGapBuy:4121.48500000 
20:13:22.732289>  DevBUY (+): 172.57500000 avgGapBuy:4121.48500000 
20:13:40.657423>  DevBUY (+): 173.69500000 avgGapBuy:4121.48500000 
20:14:50.729989>  DevBUY (+): 177.12500000 avgGapBuy:4121.48500000 
