21:43:11.153365> WebSocket connected! Start @depth [Future] process...
21:43:11.160364> WebSocket connected! Start @depth [Future] process...
21:43:11.162364> Lenta has started...Start SubscribeToAggTradeStream @aggTrade [future] process...
21:43:11.162364> Lenta has started...Start SubscribeToAggTradeStream @aggTrade [future] process...
21:43:11.167366> WebSocket connected! Start Partial @depth20 [Future] process...
21:43:11.172378> WebSocket connected! Start Partial @depth20 [Future] process...
21:43:11.610466> Try Open BuyLimit, Bid: 64755.00 Ask:  64755.10
21:43:11.611460> Support: 64748.6 VolS:2.687 Resistence: 64755.1 VolR:12.251
21:43:12.165525> WebSocket connected! Start Partial @depth20 [Future] process...
21:43:12.166524> WebSocket connected! Start @depth [Future] process...
21:43:12.194526> WebSocket connected! Start Partial @depth20 [Future] process...
21:43:12.196527> WebSocket connected! Start @depth [Future] process...
21:43:12.215527> Lenta has started...Start SubscribeToAggTradeStream @aggTrade [future] process...
21:43:12.222530> Lenta has started...Start SubscribeToAggTradeStream @aggTrade [future] process...
21:43:12.223526> BinanceFuture - Vxxv1AWf[USD_M] USD_M Balance: 751.78929507 USDT
21:43:12.225526> [1Leg]: Buy OK BTCUSDT at 64255.0000;Gap=0.00;Price=64755.1000;Slippage=500.1;Execution=611.063 ms;
21:43:12.225526> Elapsted Open BuyLimit 
21:43:24.944302> Try Open BuyLimit, Bid: 64755.00 Ask:  64755.10
21:43:24.945300> Support: 64755 VolS:2.832 Resistence: 64755.1 VolR:3.626
21:43:25.197315> [1Leg]: Buy OK BTCUSDT at 64755.0000;Gap=0.00;Price=64755.1000;Slippage=0.1;Execution=250.013 ms;
21:43:25.197315> Elapsted Open BuyLimit 
21:43:25.199315> Try Open BuyLimit, Bid: 64755.00 Ask:  64755.10
21:43:25.199315> Support: 64755 VolS:7.836 Resistence: 64760 VolR:0.458
21:43:25.452330> [1Leg]: Buy OK BTCUSDT at 64755.0000;Gap=0.00;Price=64755.1000;Slippage=0.1;Execution=252.014 ms;
21:43:25.453329> Elapsted Open BuyLimit 
