16:49:36.212802> WebSocket connected! Start Partial @depth20 [Future] process...
16:49:36.212802> WebSocket connected! Start @depth [Future] process...
16:49:36.217799> WebSocket connected! Start Partial @depth20 [SPOT] process...
16:49:36.218802> Lenta has started...Start SubscribeToAggTradeStream @aggTrade [future] process...
16:49:36.447814> Binance - Vxxv1AWf[SPOT] SPOT Balance: 0 USDT
16:49:36.690852> WebSocket connected! Start Partial @depth20 [SPOT] process...
16:49:37.158481> WebSocket connected! Start Partial @depth20 [Future] process...
16:49:37.164492> Lenta has started...Start SubscribeToAggTradeStream @aggTrade [future] process...
16:49:37.190478> WebSocket connected! Start @depth [Future] process...
16:49:37.777571> BinanceFuture - Vxxv1AWf[USD_M] USD_M Balance: 8.29095496 USDT
17:48:09.042324>  DevBUY (+): 134.93912500 avgGapBuy:4640.41087500 
17:59:40.812552>  DevBUY (+): 141.47250000 avgGapBuy:4587.36750000 
17:59:41.099565>  DevBUY (-): 128.93250000 avgGapBuy:4587.36750000 
17:59:59.099789>  DevBUY (-): 130.52250000 avgGapBuy:4587.36750000 
18:00:02.536813>  DevBUY (+): 150.82250000 avgGapBuy:4587.36750000 
18:00:09.103745>  DevBUY (-): 134.46250000 avgGapBuy:4587.36750000 
18:00:11.309322>  DevBUY (+): 152.82250000 avgGapBuy:4587.36750000 
18:00:16.104946>  DevBUY (-): 147.52250000 avgGapBuy:4587.36750000 
18:01:06.270067>  DevBUY (+): 162.11250000 avgGapBuy:4587.36750000 
18:01:07.107358>  DevBUY (-): 152.07250000 avgGapBuy:4587.36750000 
18:01:08.106297>  DevBUY (-): 154.42250000 avgGapBuy:4587.36750000 
18:03:07.113034>  DevBUY (-): 156.33250000 avgGapBuy:4587.36750000 
18:03:21.801807>  DevBUY (+): 180.95250000 avgGapBuy:4587.36750000 
18:04:38.121506>  DevBUY (-): 157.10250000 avgGapBuy:4587.36750000 
18:05:07.123822>  DevBUY (-): 163.86250000 avgGapBuy:4587.36750000 
18:05:13.987380>  DevBUY (+): 186.13250000 avgGapBuy:4587.36750000 
18:05:14.124378>  DevBUY (-): 164.73250000 avgGapBuy:4587.36750000 
18:05:17.124348>  DevBUY (-): 166.06250000 avgGapBuy:4587.36750000 
18:05:59.125899>  DevBUY (-): 166.12250000 avgGapBuy:4587.36750000 
18:06:09.034239>  DevBUY (+): 190.01250000 avgGapBuy:4587.36750000 
18:06:15.127355>  DevBUY (-): 168.33250000 avgGapBuy:4587.36750000 
18:06:46.128568>  DevBUY (-): 169.13250000 avgGapBuy:4587.36750000 
18:07:11.130146>  DevBUY (-): 170.08250000 avgGapBuy:4587.36750000 
18:07:19.129783>  DevBUY (-): 175.11250000 avgGapBuy:4587.36750000 
18:07:31.100522>  DevBUY (+): 191.32250000 avgGapBuy:4587.36750000 
18:49:39.301399>  DevBUY (+): 124.54575000 avgGapBuy:4603.20425000 
18:49:46.106789>  DevBUY (+): 124.64575000 avgGapBuy:4603.20425000 
18:50:06.287945>  DevBUY (+): 130.84575000 avgGapBuy:4603.20425000 
18:50:13.382353>  DevBUY (-): 124.25575000 avgGapBuy:4603.20425000 
18:50:14.366409>  DevBUY (-): 129.54575000 avgGapBuy:4603.20425000 
18:50:26.331477>  DevBUY (-): 132.27575000 avgGapBuy:4603.20425000 
18:50:35.066946>  DevBUY (+): 151.28575000 avgGapBuy:4603.20425000 
18:50:35.331952>  DevBUY (-): 135.29575000 avgGapBuy:4603.20425000 
