11:09:59.907440> Binance - Vxxv1AWf[SPOT] SPOT Balance: 0 USDT
11:10:00.974815> WebSocket connected! Start Partial @depth20 [Future] process...
11:10:02.066098> WebSocket connected! Start Partial @depth20 [SPOT] process...
11:10:05.003671> Lenta has started...Start SubscribeToAggTradeStream @aggTrade [future] process...
11:10:05.505032> BinanceFuture - Vxxv1AWf[USD_M] USD_M Balance: 0 USDT
11:10:05.905397> WebSocket connected! Start Partial @depth20 [SPOT] process...
11:10:06.848550> WebSocket connected! Start @depth [Future] process...
11:10:09.350693> Lenta has started...Start SubscribeToAggTradeStream @aggTrade [future] process...
11:10:10.299716> WebSocket connected! Start @depth [Future] process...
11:10:15.506016> WebSocket connected! Start Partial @depth20 [Future] process...
11:10:15.508019>  DevBUY (+): 188.8731578947368421052631579 avgGapBuy:3342.6168421052631578947368421 
11:10:15.548012>  DevBUY (-): 188.8831578947368421052631579 avgGapBuy:3342.6168421052631578947368421 
11:10:17.437144>  DevBUY (+): 191.7831578947368421052631579 avgGapBuy:3342.6168421052631578947368421 
11:10:18.556534>  DevBUY (-): 191.8031578947368421052631579 avgGapBuy:3342.6168421052631578947368421 
11:10:26.446697>  DevBUY (+): 197.43950000 avgGapBuy:3354.41050000 
11:10:26.582702>  DevBUY (-): 192.97950000 avgGapBuy:3354.41050000 
11:14:03.827860>  DevBUY (+): 187.32300000 avgGapBuy:3351.73700000 
11:14:04.271891>  DevBUY (+): 225.02300000 avgGapBuy:3351.73700000 
11:14:08.430629>  DevBUY (+): 233.35300000 avgGapBuy:3357.20700000 
11:14:08.500633>  DevBUY (-): 189.37300000 avgGapBuy:3357.20700000 
11:14:39.013298>  DevBUY (+): 191.82450000 avgGapBuy:3350.23550000 
11:17:16.054416>  DevBUY (+): 196.31200000 avgGapBuy:3354.10800000 
11:17:28.043828>  DevBUY (+): 195.66550000 avgGapBuy:3357.13450000 
11:20:12.023171>  DevBUY (+): 187.07400000 avgGapBuy:3362.32600000 
11:21:19.952670>  DevSELL (+): -284.19150000 avgGapSell:3547.69150000 
11:21:20.167907>  DevBUY (+): 187.90550000 avgGapBuy:3357.68450000 
11:21:20.629933>  DevBUY (+): 191.28550000 avgGapBuy:3357.68450000 
11:21:21.196495>  DevBUY (+): 203.08550000 avgGapBuy:3357.68450000 
11:21:21.666514>  DevBUY (+): 188.57550000 avgGapBuy:3357.68450000 
11:21:22.201522>  DevBUY (+): 194.77550000 avgGapBuy:3357.68450000 
11:21:22.694549>  DevBUY (+): 191.51550000 avgGapBuy:3357.68450000 
11:21:24.457347>  DevBUY (+): 199.78550000 avgGapBuy:3357.68450000 
11:21:24.744361>  DevBUY (+): 191.63550000 avgGapBuy:3357.68450000 
11:21:25.168380>  DevBUY (+): 369.03200000 avgGapBuy:3180.28800000 
11:21:25.295388>  DevBUY (+): 389.03200000 avgGapBuy:3180.28800000 
11:21:27.365291>  DevBUY (+): 390.91200000 avgGapBuy:3180.28800000 
11:21:27.545302>  DevBUY (-): 384.01200000 avgGapBuy:3180.28800000 
11:21:28.919437>  DevBUY (+): 403.91200000 avgGapBuy:3180.28800000 
11:21:29.066445>  DevBUY (-): 401.44200000 avgGapBuy:3180.28800000 
11:21:46.120919>  DevBUY (+): 198.07250000 avgGapBuy:3376.69750000 
11:21:46.545944>  DevBUY (-): 191.71250000 avgGapBuy:3376.69750000 
11:22:00.270123>  DevBUY (+): 192.85450000 avgGapBuy:3379.24550000 
11:22:02.310785>  DevBUY (+): 202.34450000 avgGapBuy:3379.24550000 
11:22:10.610271>  DevBUY (+): 358.18300000 avgGapBuy:3206.39700000 
11:22:11.448561>  DevBUY (+): 362.48300000 avgGapBuy:3206.39700000 
11:22:11.552567>  DevBUY (-): 355.95300000 avgGapBuy:3206.39700000 
11:22:13.543227>  DevBUY (+): 365.35300000 avgGapBuy:3206.39700000 
11:22:13.547226>  DevBUY (-): 356.80300000 avgGapBuy:3206.39700000 
11:23:44.326520>  DevBUY (+): 211.74850000 avgGapBuy:3375.87150000 
11:23:44.835028>  DevBUY (+): 212.14850000 avgGapBuy:3375.87150000 
11:23:45.072039>  DevBUY (-): 187.35850000 avgGapBuy:3375.87150000 
11:23:55.553104>  DevBUY (-): 188.02650000 avgGapBuy:3377.32350000 
11:24:05.682891>  DevBUY (+): 360.98700000 avgGapBuy:3205.09300000 
11:24:07.068293>  DevBUY (-): 350.48700000 avgGapBuy:3205.09300000 
11:24:07.554325>  DevBUY (-): 357.40700000 avgGapBuy:3205.09300000 
11:24:13.384796>  DevBUY (+): 361.68250000 avgGapBuy:3207.17750000 
11:24:21.562969>  DevBUY (-): 358.58850000 avgGapBuy:3200.70150000 
11:24:22.895155>  DevBUY (+): 362.08850000 avgGapBuy:3200.70150000 
11:24:25.209217>  DevBUY (+): 376.28850000 avgGapBuy:3200.70150000 
11:24:26.067518>  DevBUY (-): 359.38550000 avgGapBuy:3201.61450000 
11:24:28.314957>  DevBUY (+): 378.08550000 avgGapBuy:3201.61450000 
11:24:29.565383>  DevBUY (-): 361.55550000 avgGapBuy:3201.61450000 
11:25:11.568070>  DevBUY (-): 186.50750000 avgGapBuy:3378.08250000 
11:25:15.171143>  DevBUY (+): 186.10750000 avgGapBuy:3378.08250000 
11:25:22.570265>  DevBUY (-): 189.41150000 avgGapBuy:3375.69850000 
11:25:23.599977>  DevBUY (-): 200.55150000 avgGapBuy:3375.69850000 
11:25:23.610977>  DevBUY (+): 190.55150000 avgGapBuy:3375.69850000 
11:26:44.204134>  DevBUY (+): 186.94950000 avgGapBuy:3370.25050000 
11:26:46.520351>  DevBUY (+): 209.37350000 avgGapBuy:3370.12650000 
11:27:45.772219>  DevBUY (+): 362.53450000 avgGapBuy:3200.72550000 
11:27:48.530753>  DevBUY (+): 365.93450000 avgGapBuy:3200.72550000 
11:27:48.581747>  DevBUY (-): 356.74450000 avgGapBuy:3200.72550000 
11:27:49.061010>  DevBUY (+): 371.74450000 avgGapBuy:3200.72550000 
11:27:49.578094>  DevBUY (-): 359.78450000 avgGapBuy:3200.72550000 
11:29:01.011691>  DevBUY (+): 187.68050000 avgGapBuy:3378.79950000 
11:29:03.660500>  DevBUY (+): 189.43050000 avgGapBuy:3378.79950000 
11:29:05.806033>  DevBUY (+): 362.98300000 avgGapBuy:3204.64700000 
11:29:06.592044>  DevBUY (-): 368.87300000 avgGapBuy:3204.64700000 
11:29:07.342227>  DevBUY (+): 369.87300000 avgGapBuy:3204.64700000 
11:29:50.843987>  DevBUY (+): 191.87200000 avgGapBuy:3378.55800000 
11:30:26.969557>  DevBUY (+): 194.07650000 avgGapBuy:3388.41350000 
11:30:53.373191>  DevBUY (+): 190.42550000 avgGapBuy:3384.65450000 
11:31:05.888992>  DevBUY (+): 219.18100000 avgGapBuy:3374.23900000 
11:31:07.603392>  DevBUY (-): 194.18100000 avgGapBuy:3374.23900000 
11:31:35.986368>  DevBUY (+): 190.30200000 avgGapBuy:3381.05800000 
11:31:36.511411>  DevBUY (+): 196.90200000 avgGapBuy:3381.05800000 
11:31:37.622387>  DevBUY (-): 190.54200000 avgGapBuy:3381.05800000 
11:31:45.031053>  DevBUY (-): 203.34400000 avgGapBuy:3386.14600000 
11:31:45.284066>  DevBUY (-): 213.18400000 avgGapBuy:3386.14600000 
11:31:45.518090>  DevBUY (+): 205.28400000 avgGapBuy:3386.14600000 
11:31:45.532093>  DevBUY (-): 224.34400000 avgGapBuy:3386.14600000 
11:31:45.782096>  DevBUY (-): 234.41400000 avgGapBuy:3386.14600000 
11:32:15.914967>  DevBUY (+): 191.36300000 avgGapBuy:3380.56700000 
11:32:17.237043>  DevBUY (+): 202.95300000 avgGapBuy:3380.56700000 
11:32:20.915295>  DevBUY (-): 352.99600000 avgGapBuy:3210.36400000 
11:32:21.025302>  DevBUY (+): 359.49600000 avgGapBuy:3210.36400000 
11:32:23.608519>  DevBUY (-): 355.93600000 avgGapBuy:3210.36400000 
11:33:15.953689>  DevBUY (+): 195.45550000 avgGapBuy:3380.78450000 
11:33:16.469720>  DevBUY (+): 196.35550000 avgGapBuy:3380.78450000 
11:33:17.485062>  DevBUY (+): 207.25550000 avgGapBuy:3380.78450000 
11:33:17.613069>  DevBUY (-): 191.15550000 avgGapBuy:3380.78450000 
11:33:30.944160>  DevBUY (-): 186.60800000 avgGapBuy:3381.79200000 
11:33:31.045167>  DevBUY (+): 186.00800000 avgGapBuy:3381.79200000 
11:34:45.977659>  DevBUY (+): 348.52250000 avgGapBuy:3193.86750000 
11:34:46.627697>  DevBUY (-): 352.58250000 avgGapBuy:3193.86750000 
11:34:52.623338>  DevBUY (-): 355.87350000 avgGapBuy:3193.68650000 
11:34:53.743405>  DevBUY (+): 353.41350000 avgGapBuy:3193.68650000 
11:34:54.626801>  DevBUY (-): 367.69350000 avgGapBuy:3193.68650000 
11:34:54.780812>  DevBUY (+): 361.99350000 avgGapBuy:3193.68650000 
11:35:12.361668>  DevBUY (+): 189.76050000 avgGapBuy:3375.71950000 
11:35:16.420748>  DevBUY (+): 190.37800000 avgGapBuy:3374.83200000 
11:35:30.989763>  DevBUY (+): 358.82750000 avgGapBuy:3195.15250000 
11:35:31.628681>  DevBUY (-): 352.16750000 avgGapBuy:3195.15250000 
11:35:36.025521>  DevBUY (+): 524.29450000 avgGapBuy:3016.39550000 
11:35:36.626835>  DevBUY (-): 520.71450000 avgGapBuy:3016.39550000 
11:35:37.628558>  DevBUY (-): 523.27450000 avgGapBuy:3016.39550000 
11:35:39.624343>  DevBUY (-): 529.99450000 avgGapBuy:3016.39550000 
11:35:40.839095>  DevBUY (+): 535.06450000 avgGapBuy:3016.39550000 
11:36:01.033662>  DevBUY (-): 186.69300000 avgGapBuy:3371.61700000 
11:36:05.444804>  DevBUY (+): 196.69300000 avgGapBuy:3371.61700000 
11:36:05.633815>  DevBUY (-): 187.46300000 avgGapBuy:3371.61700000 
11:36:26.618735>  DevBUY (+): 200.99050000 avgGapBuy:3362.10950000 
11:36:31.077777>  DevBUY (+): 362.03900000 avgGapBuy:3187.40100000 
11:36:31.636439>  DevBUY (-): 362.68900000 avgGapBuy:3187.40100000 
11:36:32.724736>  DevBUY (+): 363.07900000 avgGapBuy:3187.40100000 
11:36:36.363708>  DevBUY (+): 363.77650000 avgGapBuy:3189.16350000 
11:37:28.049987>  DevBUY (+): 194.13250000 avgGapBuy:3385.23750000 
11:37:28.575011>  DevBUY (+): 194.23250000 avgGapBuy:3385.23750000 
11:40:26.159894>  DevBUY (-): 361.75900000 avgGapBuy:3202.44100000 
11:40:26.183887>  DevBUY (+): 359.95900000 avgGapBuy:3202.44100000 
11:40:27.825177>  DevBUY (+): 361.65900000 avgGapBuy:3202.44100000 
11:40:28.502205>  DevBUY (+): 367.55900000 avgGapBuy:3202.44100000 
11:40:31.663913>  DevBUY (-): 370.33650000 avgGapBuy:3204.51350000 
11:40:46.167635>  DevBUY (-): 356.45400000 avgGapBuy:3203.74600000 
11:40:52.492078>  DevBUY (+): 369.55400000 avgGapBuy:3203.74600000 
11:40:52.657086>  DevBUY (-): 358.92400000 avgGapBuy:3203.74600000 
11:40:57.656948>  DevBUY (-): 360.76250000 avgGapBuy:3202.94750000 
11:41:31.204024>  DevBUY (+): 192.62250000 avgGapBuy:3384.58750000 
11:41:52.197929>  DevBUY (+): 191.85950000 avgGapBuy:3382.34050000 
11:41:55.911712>  DevBUY (+): 193.59950000 avgGapBuy:3382.34050000 
11:42:00.661289>  DevBUY (-): 186.94800000 avgGapBuy:3387.85200000 
11:42:59.474480>  DevBUY (+): 193.11100000 avgGapBuy:3386.68900000 
11:43:39.704166>  DevBUY (-): 186.26550000 avgGapBuy:3387.99450000 
11:43:41.262171>  DevBUY (+): 360.38800000 avgGapBuy:3212.05200000 
11:43:41.673193>  DevBUY (-): 366.01800000 avgGapBuy:3212.05200000 
11:43:42.339473>  DevBUY (+): 365.91800000 avgGapBuy:3212.05200000 
11:45:05.691229>  DevBUY (-): 186.34400000 avgGapBuy:3384.34600000 
11:45:55.053492>  DevBUY (+): 187.48000000 avgGapBuy:3391.55000000 
11:46:11.318099>  DevBUY (+): 187.18600000 avgGapBuy:3396.98400000 
11:46:11.619117>  DevBUY (+): 193.98600000 avgGapBuy:3396.98400000 
11:46:16.317286>  DevBUY (+): 359.57250000 avgGapBuy:3221.29750000 
11:46:22.192023>  DevBUY (+): 362.90050000 avgGapBuy:3222.96950000 
11:46:22.690052>  DevBUY (-): 355.57050000 avgGapBuy:3222.96950000 
11:46:23.694636>  DevBUY (-): 364.16050000 avgGapBuy:3222.96950000 
11:46:24.330239>  DevBUY (+): 367.86050000 avgGapBuy:3222.96950000 
11:46:46.334251>  DevBUY (+): 389.21300000 avgGapBuy:3231.20700000 
11:46:46.700312>  DevBUY (-): 357.20300000 avgGapBuy:3231.20700000 
11:46:48.694864>  DevBUY (-): 357.39300000 avgGapBuy:3231.20700000 
11:46:50.701322>  DevBUY (-): 357.92300000 avgGapBuy:3231.20700000 
11:47:01.883523>  DevBUY (+): 197.05700000 avgGapBuy:3403.74300000 
11:47:39.081745>  DevBUY (+): 195.04900000 avgGapBuy:3385.34100000 
11:47:39.576778>  DevBUY (+): 197.14900000 avgGapBuy:3385.34100000 
11:49:36.461129>  DevBUY (+): 192.15800000 avgGapBuy:3367.00200000 
11:49:41.461805>  DevBUY (+): 350.58050000 avgGapBuy:3193.49950000 
11:49:41.838684>  DevBUY (+): 353.68050000 avgGapBuy:3193.49950000 
11:49:42.709412>  DevBUY (-): 355.37050000 avgGapBuy:3193.49950000 
11:49:48.726500>  DevBUY (+): 364.94800000 avgGapBuy:3194.25200000 
11:49:49.709851>  DevBUY (-): 356.78800000 avgGapBuy:3194.25200000 
11:50:03.762795>  DevBUY (+): 189.36700000 avgGapBuy:3367.13300000 
11:50:11.680754>  DevBUY (+): 204.32950000 avgGapBuy:3368.03050000 
11:50:11.715756>  DevBUY (-): 193.64950000 avgGapBuy:3368.03050000 
11:51:12.996772>  DevBUY (+): 192.67900000 avgGapBuy:3379.57100000 
11:51:13.540801>  DevBUY (+): 201.67900000 avgGapBuy:3379.57100000 
11:51:16.506644>  DevBUY (+): 357.56350000 avgGapBuy:3205.97650000 
11:51:16.717657>  DevBUY (-): 354.72350000 avgGapBuy:3205.97650000 
11:51:17.722591>  DevBUY (-): 355.70350000 avgGapBuy:3205.97650000 
11:51:17.892600>  DevBUY (+): 361.90350000 avgGapBuy:3205.97650000 
11:51:26.508618>  DevBUY (+): 378.71500000 avgGapBuy:3208.56500000 
11:51:30.721538>  DevBUY (-): 356.69500000 avgGapBuy:3208.56500000 
11:52:11.521976>  DevBUY (+): 192.32200000 avgGapBuy:3372.16800000 
11:52:12.510849>  DevBUY (+): 194.75200000 avgGapBuy:3372.16800000 
11:52:12.726856>  DevBUY (-): 189.13200000 avgGapBuy:3372.16800000 
11:53:15.093917>  DevBUY (+): 198.47500000 avgGapBuy:3378.70500000 
11:55:28.857282>  DevBUY (+): 188.03150000 avgGapBuy:3375.92850000 
11:55:29.389313>  DevBUY (+): 195.73150000 avgGapBuy:3375.92850000 
11:55:43.748016>  DevBUY (-): 190.24750000 avgGapBuy:3381.31250000 
11:55:44.755515>  DevBUY (-): 200.25750000 avgGapBuy:3381.31250000 
11:56:21.599847>  DevBUY (+): 352.31050000 avgGapBuy:3207.05950000 
11:56:22.145320>  DevBUY (+): 357.21050000 avgGapBuy:3207.05950000 
11:56:23.207574>  DevBUY (+): 364.71050000 avgGapBuy:3207.05950000 
11:56:23.755613>  DevBUY (-): 357.66050000 avgGapBuy:3207.05950000 
11:56:31.272033>  DevBUY (+): 372.86250000 avgGapBuy:3204.56750000 
11:56:53.687841>  DevBUY (+): 193.44350000 avgGapBuy:3373.14650000 
11:56:53.760845>  DevBUY (-): 188.94350000 avgGapBuy:3373.14650000 
11:57:01.462416>  DevBUY (+): 195.61350000 avgGapBuy:3374.22650000 
11:57:58.576636>  DevBUY (+): 199.55350000 avgGapBuy:3374.92650000 
11:58:00.768156>  DevBUY (-): 187.47350000 avgGapBuy:3374.92650000 
11:58:26.630600>  DevBUY (+): 359.57350000 avgGapBuy:3201.50650000 
11:58:26.767601>  DevBUY (-): 360.54350000 avgGapBuy:3201.50650000 
11:58:27.241627>  DevBUY (+): 360.34350000 avgGapBuy:3201.50650000 
11:58:27.768657>  DevBUY (+): 365.24350000 avgGapBuy:3201.50650000 
11:58:28.268693>  DevBUY (+): 371.94350000 avgGapBuy:3201.50650000 
11:58:28.766962>  DevBUY (-): 363.17350000 avgGapBuy:3201.50650000 
11:58:30.361611>  DevBUY (+): 381.50350000 avgGapBuy:3201.50650000 
11:59:56.688080>  DevBUY (+): 187.44000000 avgGapBuy:3379.59000000 
12:00:26.706193>  DevBUY (+): 358.88650000 avgGapBuy:3199.95350000 
12:00:27.080213>  DevBUY (+): 367.98650000 avgGapBuy:3199.95350000 
12:00:28.787428>  DevBUY (-): 351.74650000 avgGapBuy:3199.95350000 
12:00:30.797531>  DevBUY (-): 360.60650000 avgGapBuy:3199.95350000 
12:01:01.719228>  DevBUY (-): 359.08850000 avgGapBuy:3197.07150000 
12:01:01.781248>  DevBUY (-): 362.81850000 avgGapBuy:3197.07150000 
12:01:02.299259>  DevBUY (+): 360.41850000 avgGapBuy:3197.07150000 
12:01:02.786297>  DevBUY (-): 362.83850000 avgGapBuy:3197.07150000 
12:01:04.099727>  DevBUY (+): 362.13850000 avgGapBuy:3197.07150000 
12:01:21.726597>  DevBUY (+): 370.87650000 avgGapBuy:3202.03350000 
12:01:22.817704>  DevBUY (-): 363.27650000 avgGapBuy:3202.03350000 
12:01:28.782774>  DevBUY (-): 363.55200000 avgGapBuy:3202.52800000 
12:01:41.729384>  DevBUY (+): 191.21150000 avgGapBuy:3379.95850000 
12:02:41.744444>  DevBUY (+): 192.42650000 avgGapBuy:3372.04350000 
12:03:31.816174>  DevBUY (-): 186.52250000 avgGapBuy:3378.57750000 
12:03:32.329052>  DevBUY (+): 193.22250000 avgGapBuy:3378.57750000 
12:03:36.769605>  DevBUY (+): 354.44000000 avgGapBuy:3204.66000000 
12:03:37.216638>  DevBUY (+): 355.84000000 avgGapBuy:3204.66000000 
12:04:09.795247>  DevBUY (-): 349.06000000 avgGapBuy:3209.47000000 
12:04:09.959253>  DevBUY (+): 360.96000000 avgGapBuy:3209.47000000 
12:04:10.490308>  DevBUY (+): 367.66000000 avgGapBuy:3209.47000000 
12:04:10.799324>  DevBUY (-): 354.13000000 avgGapBuy:3209.47000000 
12:04:11.795384>  DevBUY (-): 359.65200000 avgGapBuy:3208.75800000 
12:04:13.575526>  DevBUY (+): 388.65200000 avgGapBuy:3208.75800000 
12:04:13.794550>  DevBUY (-): 365.89200000 avgGapBuy:3208.75800000 
12:06:46.328997>  DevBUY (+): 196.01250000 avgGapBuy:3383.69750000 
12:06:46.807730>  DevBUY (-): 192.86250000 avgGapBuy:3383.69750000 
12:06:46.966742>  DevBUY (-): 370.25150000 avgGapBuy:3206.30850000 
12:06:47.049747>  DevBUY (+): 369.65150000 avgGapBuy:3206.30850000 
12:07:28.932650>  DevBUY (+): 186.95100000 avgGapBuy:3381.94900000 
12:07:29.501692>  DevBUY (+): 187.35100000 avgGapBuy:3381.94900000 
12:07:31.982046>  DevBUY (+): 356.55100000 avgGapBuy:3207.92900000 
12:07:57.817211>  DevBUY (+): 188.23900000 avgGapBuy:3380.71100000 
12:07:59.383713>  DevBUY (+): 188.63900000 avgGapBuy:3380.71100000 
12:08:01.984881>  DevBUY (+): 357.21500000 avgGapBuy:3206.96500000 
12:08:09.532145>  DevBUY (+): 357.39000000 avgGapBuy:3206.79000000 
12:08:46.382245>  DevBUY (+): 190.34400000 avgGapBuy:3371.65600000 
12:08:48.845650>  DevBUY (-): 187.24400000 avgGapBuy:3371.51600000 
12:09:22.547870>  DevBUY (+): 202.31300000 avgGapBuy:3378.18700000 
12:09:27.032186>  DevBUY (-): 362.59350000 avgGapBuy:3200.37650000 
12:09:27.180197>  DevBUY (+): 347.29350000 avgGapBuy:3200.37650000 
12:09:28.200207>  DevBUY (+): 349.81350000 avgGapBuy:3200.37650000 
12:09:29.856547>  DevBUY (+): 358.71350000 avgGapBuy:3200.37650000 
12:09:35.355171>  DevBUY (+): 361.51850000 avgGapBuy:3199.29150000 
12:09:36.411536>  DevBUY (+): 369.81850000 avgGapBuy:3199.29150000 
12:10:57.702629>  DevBUY (+): 209.77150000 avgGapBuy:3374.21850000 
12:11:07.086876>  DevBUY (-): 359.37350000 avgGapBuy:3206.02650000 
12:11:07.149881>  DevBUY (+): 350.67350000 avgGapBuy:3206.02650000 
12:11:07.696476>  DevBUY (+): 350.77350000 avgGapBuy:3206.02650000 
12:11:09.346735>  DevBUY (+): 354.37350000 avgGapBuy:3206.02650000 
12:13:32.713484>  DevBUY (+): 188.25950000 avgGapBuy:3371.33050000 
12:13:33.206974>  DevBUY (+): 191.65950000 avgGapBuy:3371.33050000 
12:13:41.559804>  DevBUY (+): 196.69050000 avgGapBuy:3373.43950000 
12:13:41.861828>  DevBUY (-): 187.96050000 avgGapBuy:3373.43950000 
12:14:21.864179>  DevBUY (-): 187.29600000 avgGapBuy:3370.54400000 
12:14:57.239948>  DevBUY (+): 186.93800000 avgGapBuy:3368.26200000 
12:15:06.594733>  DevBUY (+): 193.21000000 avgGapBuy:3369.08000000 
12:15:06.878750>  DevBUY (-): 192.92000000 avgGapBuy:3369.08000000 
12:15:27.879064>  DevBUY (-): 186.25500000 avgGapBuy:3374.67500000 
12:15:29.409144>  DevBUY (+): 186.25500000 avgGapBuy:3374.67500000 
12:16:06.301350>  DevBUY (+): 192.15500000 avgGapBuy:3377.84500000 
12:17:09.515561>  DevBUY (+): 191.97350000 avgGapBuy:3366.83650000 
12:17:09.888583>  DevBUY (-): 188.32350000 avgGapBuy:3366.83650000 
12:17:09.999588>  DevBUY (+): 195.92350000 avgGapBuy:3366.83650000 
12:17:10.885535>  DevBUY (-): 191.99350000 avgGapBuy:3366.83650000 
12:17:11.545718>  DevBUY (+): 196.09350000 avgGapBuy:3366.83650000 
12:17:11.917741>  DevBUY (-): 196.08350000 avgGapBuy:3366.83650000 
12:17:44.181041>  DevBUY (+): 187.55750000 avgGapBuy:3373.74250000 
12:17:44.732019>  DevBUY (+): 188.15750000 avgGapBuy:3373.74250000 
12:17:44.888030>  DevBUY (-): 186.66750000 avgGapBuy:3373.74250000 
12:17:48.972334>  DevBUY (+): 190.18500000 avgGapBuy:3374.24500000 
12:17:49.515270>  DevBUY (+): 190.48500000 avgGapBuy:3374.24500000 
12:17:49.890291>  DevBUY (-): 187.75500000 avgGapBuy:3374.24500000 
12:17:54.369680>  DevBUY (+): 191.49600000 avgGapBuy:3379.43400000 
12:19:12.893709>  DevBUY (-): 189.41800000 avgGapBuy:3371.77200000 
12:19:17.203000>  DevBUY (+): 187.08800000 avgGapBuy:3371.77200000 
12:19:33.872420>  DevBUY (+): 186.73050000 avgGapBuy:3375.74950000 
12:19:37.668078>  DevBUY (+): 187.34300000 avgGapBuy:3376.85700000 
12:19:40.323903>  DevBUY (+): 194.09300000 avgGapBuy:3376.85700000 
12:20:24.325418>  DevBUY (+): 198.22200000 avgGapBuy:3358.93800000 
12:20:44.428663>  DevBUY (+): 200.96400000 avgGapBuy:3345.52600000 
12:21:23.647594>  DevBUY (+): 189.40050000 avgGapBuy:3334.51950000 
12:21:48.307065>  DevBUY (+): 195.60950000 avgGapBuy:3321.62050000 
12:21:48.906101>  DevBUY (-): 187.16950000 avgGapBuy:3321.62050000 
12:22:47.403973>  DevBUY (+): 352.21900000 avgGapBuy:3160.08100000 
12:22:47.912616>  DevBUY (-): 343.92900000 avgGapBuy:3160.08100000 
12:22:51.140789>  DevBUY (+): 357.32900000 avgGapBuy:3160.08100000 
12:22:51.750493>  DevBUY (+): 364.02900000 avgGapBuy:3160.08100000 
12:22:51.910517>  DevBUY (-): 352.31900000 avgGapBuy:3160.08100000 
12:22:52.404532>  DevBUY (+): 533.19750000 avgGapBuy:2985.90250000 
12:22:52.781551>  DevBUY (+): 539.89750000 avgGapBuy:2985.90250000 
12:22:52.913558>  DevBUY (-): 529.89750000 avgGapBuy:2985.90250000 
12:22:55.926226>  DevBUY (-): 534.62750000 avgGapBuy:2985.90250000 
12:23:27.416755>  DevBUY (+): 192.79200000 avgGapBuy:3334.26800000 
12:23:59.354857>  DevBUY (+): 188.17400000 avgGapBuy:3337.11600000 
12:24:08.886044>  DevBUY (+): 192.33200000 avgGapBuy:3341.99800000 
12:24:12.422909>  DevBUY (+): 340.83600000 avgGapBuy:3165.45400000 
12:24:12.919765>  DevBUY (-): 354.54600000 avgGapBuy:3165.45400000 
12:24:14.239276>  DevBUY (+): 343.19600000 avgGapBuy:3165.45400000 
12:24:14.775625>  DevBUY (+): 345.09600000 avgGapBuy:3165.45400000 
12:24:15.301637>  DevBUY (+): 348.15600000 avgGapBuy:3165.45400000 
12:25:42.448784>  DevBUY (+): 347.31000000 avgGapBuy:3173.38000000 
12:25:42.929263>  DevBUY (-): 351.06000000 avgGapBuy:3173.38000000 
12:25:43.101269>  DevBUY (+): 359.66000000 avgGapBuy:3173.38000000 
12:25:43.929809>  DevBUY (-): 356.10000000 avgGapBuy:3173.38000000 
12:25:46.929033>  DevBUY (-): 357.97000000 avgGapBuy:3173.38000000 
12:26:07.830557>  DevBUY (+): 187.78900000 avgGapBuy:3352.87100000 
12:26:37.673412>  DevBUY (+): 190.44000000 avgGapBuy:3354.66000000 
12:26:42.474430>  DevBUY (-): 351.17650000 avgGapBuy:3182.02350000 
12:26:43.421386>  DevBUY (+): 364.57650000 avgGapBuy:3182.02350000 
12:26:43.934709>  DevBUY (+): 368.27650000 avgGapBuy:3182.02350000 
12:26:43.941710>  DevBUY (-): 355.81650000 avgGapBuy:3182.02350000 
12:27:04.549570>  DevBUY (+): 192.85800000 avgGapBuy:3359.44200000 
12:27:32.573497>  DevBUY (+): 190.43400000 avgGapBuy:3363.96600000 
12:27:52.532808>  DevBUY (-): 358.41900000 avgGapBuy:3184.10100000 
12:27:52.601811>  DevBUY (+): 365.21900000 avgGapBuy:3184.10100000 
12:28:00.730314>  DevBUY (+): 370.60000000 avgGapBuy:3188.17000000 
12:28:00.946341>  DevBUY (-): 361.56000000 avgGapBuy:3188.17000000 
12:28:54.163654>  DevBUY (+): 189.87850000 avgGapBuy:3366.27150000 
12:29:27.553195>  DevBUY (+): 187.30250000 avgGapBuy:3376.14750000 
12:29:37.288189>  DevBUY (+): 187.63500000 avgGapBuy:3375.87500000 
12:31:43.807020>  DevBUY (+): 187.37350000 avgGapBuy:3378.62650000 
12:31:45.973884>  DevBUY (-): 188.74350000 avgGapBuy:3378.62650000 
12:32:17.621909>  DevBUY (+): 191.46250000 avgGapBuy:3380.23750000 
12:33:57.680236>  DevBUY (+): 357.26050000 avgGapBuy:3202.83950000 
12:33:57.978279>  DevBUY (-): 347.26050000 avgGapBuy:3202.83950000 
12:33:58.200264>  DevBUY (+): 357.86050000 avgGapBuy:3202.83950000 
12:33:58.786972>  DevBUY (+): 360.76050000 avgGapBuy:3202.83950000 
12:34:00.978087>  DevBUY (-): 353.07050000 avgGapBuy:3202.83950000 
12:34:07.978842>  DevBUY (-): 370.02700000 avgGapBuy:3198.86300000 
12:34:09.948976>  DevBUY (+): 372.39700000 avgGapBuy:3198.86300000 
12:34:10.948343>  DevBUY (+): 379.54700000 avgGapBuy:3198.86300000 
12:34:38.187725>  DevBUY (+): 190.58450000 avgGapBuy:3382.94550000 
12:34:42.695953>  DevBUY (+): 355.01800000 avgGapBuy:3205.71200000 
12:34:43.319063>  DevBUY (+): 361.31800000 avgGapBuy:3205.71200000 
12:34:45.983112>  DevBUY (-): 357.38800000 avgGapBuy:3205.71200000 
12:35:55.148754>  DevBUY (+): 186.04350000 avgGapBuy:3382.14650000 
12:35:56.324701>  DevBUY (+): 186.77350000 avgGapBuy:3382.14650000 
12:35:56.821729>  DevBUY (+): 187.97350000 avgGapBuy:3382.14650000 
12:36:25.953248>  DevBUY (+): 189.26450000 avgGapBuy:3370.92550000 
12:36:26.458840>  DevBUY (+): 195.86450000 avgGapBuy:3370.92550000 
12:36:26.970182>  DevBUY (+): 197.66450000 avgGapBuy:3370.92550000 
12:37:12.738571>  DevBUY (+): 351.94350000 avgGapBuy:3191.24650000 
12:37:13.001306>  DevBUY (-): 355.14350000 avgGapBuy:3191.24650000 
12:37:13.383676>  DevBUY (+): 355.04350000 avgGapBuy:3191.24650000 
12:37:14.390846>  DevBUY (+): 355.54350000 avgGapBuy:3191.24650000 
12:37:16.001238>  DevBUY (-): 356.95350000 avgGapBuy:3191.24650000 
12:37:16.997561>  DevBUY (-): 358.54350000 avgGapBuy:3191.24650000 
12:37:17.162564>  DevBUY (+): 357.04350000 avgGapBuy:3191.24650000 
12:38:12.003822>  DevBUY (-): 188.81750000 avgGapBuy:3368.73250000 
12:38:12.753036>  DevBUY (+): 523.44650000 avgGapBuy:3016.70350000 
12:38:13.045061>  DevBUY (+): 530.84650000 avgGapBuy:3016.70350000 
12:38:15.761154>  DevBUY (+): 531.84650000 avgGapBuy:3016.70350000 
12:38:32.004509>  DevBUY (-): 362.34100000 avgGapBuy:3192.82900000 
12:40:57.798547>  DevBUY (+): 357.44150000 avgGapBuy:3189.27850000 
12:40:58.024554>  DevBUY (-): 349.48150000 avgGapBuy:3189.27850000 
12:40:58.308569>  DevBUY (+): 360.38150000 avgGapBuy:3189.27850000 
12:41:01.022997>  DevBUY (-): 353.60150000 avgGapBuy:3189.27850000 
12:41:04.711067>  DevBUY (+): 362.54300000 avgGapBuy:3186.73700000 
12:43:34.791064>  DevBUY (+): 190.85050000 avgGapBuy:3357.14950000 
12:45:22.960061>  DevBUY (+): 248.27400000 avgGapBuy:3363.20600000 
12:45:25.048491>  DevBUY (-): 190.93400000 avgGapBuy:3363.20600000 
12:45:27.052061>  DevBUY (-): 191.46400000 avgGapBuy:3363.20600000 
12:46:07.956186>  DevBUY (+): 197.52250000 avgGapBuy:3360.78750000 
12:46:08.059186>  DevBUY (-): 191.21250000 avgGapBuy:3360.78750000 
12:46:09.037438>  DevBUY (+): 198.01250000 avgGapBuy:3360.78750000 
12:47:12.972909>  DevBUY (-): 352.24150000 avgGapBuy:3193.95850000 
12:47:13.431356>  DevBUY (+): 358.45150000 avgGapBuy:3193.95850000 
12:47:13.941386>  DevBUY (+): 363.25150000 avgGapBuy:3193.95850000 
12:47:14.064405>  DevBUY (-): 356.74150000 avgGapBuy:3193.95850000 
12:47:19.067179>  DevBUY (-): 358.06650000 avgGapBuy:3194.00350000 
12:47:55.070996>  DevBUY (+): 190.20550000 avgGapBuy:3365.54450000 
12:48:23.536709>  DevBUY (+): 192.96400000 avgGapBuy:3364.32600000 
12:48:24.043731>  DevBUY (+): 197.16400000 avgGapBuy:3364.32600000 
12:49:01.623563>  DevBUY (+): 192.47750000 avgGapBuy:3365.18250000 
12:49:02.075222>  DevBUY (-): 187.52750000 avgGapBuy:3365.18250000 
12:49:03.009923>  DevBUY (+): 345.46650000 avgGapBuy:3189.04350000 
12:49:03.093929>  DevBUY (-): 350.40650000 avgGapBuy:3189.04350000 
12:49:03.172933>  DevBUY (+): 349.50650000 avgGapBuy:3189.04350000 
12:49:03.704964>  DevBUY (+): 352.10650000 avgGapBuy:3189.04350000 
12:49:04.800079>  DevBUY (+): 357.40650000 avgGapBuy:3189.04350000 
12:49:05.377841>  DevBUY (+): 368.60650000 avgGapBuy:3189.04350000 
12:49:06.073791>  DevBUY (-): 360.13650000 avgGapBuy:3189.04350000 
12:50:03.024430>  DevBUY (+): 196.34600000 avgGapBuy:3367.92400000 
12:50:11.080230>  DevBUY (-): 191.01300000 avgGapBuy:3368.95700000 
12:50:53.041909>  DevBUY (+): 193.59200000 avgGapBuy:3358.90800000 
12:50:57.019436>  DevBUY (+): 204.79200000 avgGapBuy:3358.90800000 
12:50:57.085424>  DevBUY (-): 188.04200000 avgGapBuy:3358.90800000 
12:50:58.042719>  DevBUY (+): 354.34700000 avgGapBuy:3191.20300000 
12:52:42.596181>  DevBUY (+): 188.94250000 avgGapBuy:3354.72750000 
12:52:43.080649>  DevBUY (+): 189.82700000 avgGapBuy:3353.84300000 
12:54:14.897082>  DevBUY (+): 188.35400000 avgGapBuy:3362.47600000 
12:54:27.889171>  DevBUY (+): 193.75150000 avgGapBuy:3361.07850000 
12:54:36.109501>  DevBUY (-): 188.33800000 avgGapBuy:3362.11200000 
12:57:43.238186>  DevBUY (-): 186.10350000 avgGapBuy:3365.38650000 
12:59:02.142036>  DevBUY (+): 186.64650000 avgGapBuy:3362.37350000 
13:01:38.328291>  DevBUY (+): 349.42200000 avgGapBuy:3187.66800000 
13:01:39.159156>  DevBUY (-): 357.50200000 avgGapBuy:3187.66800000 
13:01:40.161091>  DevBUY (-): 357.52200000 avgGapBuy:3187.66800000 
13:01:42.784662>  DevBUY (+): 351.52200000 avgGapBuy:3187.66800000 
13:01:48.331553>  DevBUY (-): 358.83000000 avgGapBuy:3188.00000000 
13:01:48.371547>  DevBUY (+): 357.03000000 avgGapBuy:3188.00000000 
13:01:58.332876>  DevBUY (+): 362.49300000 avgGapBuy:3190.03700000 
13:04:27.446513>  DevBUY (+): 187.72700000 avgGapBuy:3381.67300000 
13:05:36.187300>  DevBUY (-): 187.10300000 avgGapBuy:3380.46700000 
13:05:38.164253>  DevBUY (+): 186.50300000 avgGapBuy:3380.46700000 
13:05:38.392111>  DevBUY (+): 361.81050000 avgGapBuy:3205.15950000 
13:05:40.780278>  DevBUY (+): 361.91050000 avgGapBuy:3205.15950000 
13:05:41.207254>  DevBUY (-): 354.94050000 avgGapBuy:3205.15950000 
13:05:46.188893>  DevBUY (-): 356.51450000 avgGapBuy:3206.18550000 
13:05:47.735583>  DevBUY (+): 364.01450000 avgGapBuy:3206.18550000 
13:05:48.187508>  DevBUY (-): 359.51450000 avgGapBuy:3206.18550000 
13:06:03.401614>  DevBUY (+): 361.32100000 avgGapBuy:3209.57900000 
13:06:07.183326>  DevBUY (-): 348.46100000 avgGapBuy:3209.57900000 
13:06:08.184820>  DevBUY (-): 357.15100000 avgGapBuy:3209.57900000 
13:06:08.406862>  DevBUY (-): 358.99350000 avgGapBuy:3207.73650000 
13:06:08.435830>  DevBUY (+): 365.69350000 avgGapBuy:3207.73650000 
13:06:09.185020>  DevBUY (-): 362.90350000 avgGapBuy:3207.73650000 
13:10:29.833479>  DevBUY (+): 190.38000000 avgGapBuy:3347.02000000 
13:10:35.217505>  DevBUY (-): 186.05750000 avgGapBuy:3348.14250000 
13:10:38.217809>  DevBUY (-): 188.18750000 avgGapBuy:3348.14250000 
13:12:13.562839>  DevBUY (+): 187.92950000 avgGapBuy:3360.96050000 
13:12:13.601842>  DevBUY (+): 194.62950000 avgGapBuy:3360.96050000 
13:12:14.230693>  DevBUY (-): 188.34950000 avgGapBuy:3360.96050000 
13:12:14.611713>  DevBUY (+): 194.94950000 avgGapBuy:3360.96050000 
13:12:15.228914>  DevBUY (-): 190.28950000 avgGapBuy:3360.96050000 
13:12:28.108319>  DevBUY (+): 196.57950000 avgGapBuy:3366.77050000 
13:13:43.604878>  DevBUY (+): 351.54200000 avgGapBuy:3193.75800000 
13:13:44.234530>  DevBUY (-): 349.86200000 avgGapBuy:3193.75800000 
13:13:44.425538>  DevBUY (+): 359.36200000 avgGapBuy:3193.75800000 
13:14:54.168749>  DevBUY (+): 190.91550000 avgGapBuy:3371.44450000 
13:14:54.240762>  DevBUY (-): 190.89550000 avgGapBuy:3371.44450000 
13:15:28.246099>  DevBUY (-): 191.10450000 avgGapBuy:3380.00550000 
13:15:37.384683>  DevBUY (+): 187.71200000 avgGapBuy:3380.41800000 
13:15:46.162080>  DevBUY (+): 191.26950000 avgGapBuy:3383.07050000 
13:15:58.664653>  DevBUY (+): 532.20650000 avgGapBuy:3026.59350000 
13:15:59.454698>  DevBUY (+): 538.50650000 avgGapBuy:3026.59350000 
13:15:59.984006>  DevBUY (+): 538.90650000 avgGapBuy:3026.59350000 
13:16:00.272022>  DevBUY (-): 533.28650000 avgGapBuy:3026.59350000 
13:16:01.272496>  DevBUY (-): 535.40650000 avgGapBuy:3026.59350000 
13:17:46.835950>  DevBUY (+): 194.17550000 avgGapBuy:3396.37450000 
13:18:26.011864>  DevBUY (+): 193.60850000 avgGapBuy:3397.06150000 
13:18:27.057099>  DevBUY (+): 195.84850000 avgGapBuy:3397.06150000 
13:18:28.728498>  DevBUY (-): 351.68200000 avgGapBuy:3222.70800000 
13:18:31.891893>  DevBUY (+): 358.68200000 avgGapBuy:3222.70800000 
13:18:32.425049>  DevBUY (+): 358.98200000 avgGapBuy:3222.70800000 
13:18:33.026501>  DevBUY (+): 364.58200000 avgGapBuy:3222.70800000 
13:18:33.263260>  DevBUY (-): 356.56200000 avgGapBuy:3222.70800000 
13:18:49.618150>  DevBUY (+): 194.76450000 avgGapBuy:3397.89550000 
13:18:53.734384>  DevBUY (-): 349.05800000 avgGapBuy:3221.01200000 
13:18:53.875391>  DevBUY (+): 345.75800000 avgGapBuy:3221.01200000 
13:18:54.266413>  DevBUY (-): 354.28800000 avgGapBuy:3221.01200000 
13:18:56.183719>  DevBUY (+): 356.88800000 avgGapBuy:3221.01200000 
13:18:56.736650>  DevBUY (+): 361.18800000 avgGapBuy:3221.01200000 
13:18:57.249938>  DevBUY (+): 361.68800000 avgGapBuy:3221.01200000 
13:18:58.296729>  DevBUY (+): 364.78800000 avgGapBuy:3221.01200000 
13:19:53.747502>  DevBUY (+): 356.71100000 avgGapBuy:3224.17900000 
13:19:56.443273>  DevBUY (+): 363.31100000 avgGapBuy:3224.17900000 
13:20:02.273785>  DevBUY (-): 362.11850000 avgGapBuy:3224.38150000 
13:20:04.363908>  DevBUY (+): 363.75200000 avgGapBuy:3225.77800000 
13:20:04.884947>  DevBUY (+): 379.55200000 avgGapBuy:3225.77800000 
13:20:05.277517>  DevBUY (-): 369.86200000 avgGapBuy:3225.77800000 
13:21:17.462248>  DevBUY (+): 188.41700000 avgGapBuy:3414.26300000 
13:21:21.721658>  DevBUY (+): 188.88350000 avgGapBuy:3414.39650000 
13:22:44.308187>  DevBUY (-): 195.94100000 avgGapBuy:3421.63900000 
13:22:45.064721>  DevBUY (+): 195.44100000 avgGapBuy:3421.63900000 
13:24:13.859572>  DevBUY (+): 209.02900000 avgGapBuy:3418.06100000 
13:24:16.300196>  DevBUY (-): 186.36900000 avgGapBuy:3418.06100000 
13:24:17.301255>  DevBUY (-): 187.41900000 avgGapBuy:3418.06100000 
13:24:34.057846>  DevBUY (+): 208.95300000 avgGapBuy:3429.44700000 
13:24:34.304858>  DevBUY (-): 188.95300000 avgGapBuy:3429.44700000 
13:24:39.302974>  DevBUY (-): 190.88050000 avgGapBuy:3432.27950000 
13:25:13.088060>  DevBUY (+): 188.94850000 avgGapBuy:3424.72150000 
13:25:14.111369>  DevBUY (+): 190.95150000 avgGapBuy:3426.31850000 
13:25:36.174562>  DevBUY (+): 187.11500000 avgGapBuy:3430.10500000 
13:25:36.688193>  DevBUY (+): 187.55500000 avgGapBuy:3430.10500000 
13:25:37.720058>  DevBUY (+): 188.35500000 avgGapBuy:3430.10500000 
13:25:42.582255>  DevBUY (+): 195.95400000 avgGapBuy:3429.88600000 
13:25:43.310243>  DevBUY (-): 191.07400000 avgGapBuy:3429.88600000 
13:25:43.890405>  DevBUY (-): 368.33400000 avgGapBuy:3252.62600000 
13:25:44.194425>  DevBUY (+): 362.13400000 avgGapBuy:3252.62600000 
13:25:44.313430>  DevBUY (-): 372.41400000 avgGapBuy:3252.62600000 
13:25:44.703453>  DevBUY (+): 372.21400000 avgGapBuy:3252.62600000 
13:25:52.660335>  DevBUY (+): 374.81200000 avgGapBuy:3254.72800000 
13:26:04.198934>  DevBUY (+): 208.90350000 avgGapBuy:3439.97650000 
13:26:04.315943>  DevBUY (-): 187.86350000 avgGapBuy:3439.97650000 
13:26:05.211922>  DevBUY (+): 243.36350000 avgGapBuy:3439.97650000 
13:26:05.321927>  DevBUY (-): 196.42350000 avgGapBuy:3439.97650000 
13:26:08.900065>  DevBUY (+): 354.54000000 avgGapBuy:3266.59000000 
13:26:09.269684>  DevBUY (+): 354.84000000 avgGapBuy:3266.59000000 
13:26:09.310685>  DevBUY (-): 354.94000000 avgGapBuy:3266.59000000 
13:26:09.808481>  DevBUY (+): 363.04000000 avgGapBuy:3266.59000000 
13:26:11.312008>  DevBUY (-): 362.80000000 avgGapBuy:3266.59000000 
13:26:19.292533>  DevBUY (+): 191.26400000 avgGapBuy:3437.47600000 
13:26:19.823441>  DevBUY (+): 203.86400000 avgGapBuy:3437.47600000 
13:26:20.320685>  DevBUY (-): 196.02400000 avgGapBuy:3437.47600000 
13:26:23.903653>  DevBUY (-): 371.39050000 avgGapBuy:3261.57950000 
13:26:23.983651>  DevBUY (+): 370.99050000 avgGapBuy:3261.57950000 
13:26:24.317671>  DevBUY (-): 381.22050000 avgGapBuy:3261.57950000 
13:26:25.048525>  DevBUY (+): 378.72050000 avgGapBuy:3261.57950000 
13:26:40.738717>  DevBUY (+): 381.15050000 avgGapBuy:3262.36950000 
13:26:54.310973>  DevBUY (+): 193.50950000 avgGapBuy:3448.09050000 
13:26:54.317975>  DevBUY (-): 193.43950000 avgGapBuy:3448.09050000 
13:26:55.831267>  DevBUY (+): 210.09950000 avgGapBuy:3448.09050000 
13:26:57.342402>  DevBUY (-): 203.55950000 avgGapBuy:3448.09050000 
13:27:09.163253>  DevBUY (+): 190.15250000 avgGapBuy:3458.36750000 
13:27:13.317564>  DevBUY (-): 187.46250000 avgGapBuy:3458.36750000 
13:27:14.280553>  DevBUY (+): 194.14400000 avgGapBuy:3459.38600000 
13:27:33.948372>  DevBUY (+): 191.49600000 avgGapBuy:3456.68400000 
13:27:36.317674>  DevBUY (-): 186.94600000 avgGapBuy:3456.68400000 
13:27:38.948570>  DevBUY (+): 361.78650000 avgGapBuy:3275.77350000 
13:27:39.316139>  DevBUY (-): 364.75650000 avgGapBuy:3275.77350000 
13:27:39.346141>  DevBUY (+): 362.95650000 avgGapBuy:3275.77350000 
13:27:41.896535>  DevBUY (+): 367.21650000 avgGapBuy:3275.77350000 
13:27:45.317396>  DevBUY (-): 371.37750000 avgGapBuy:3273.38250000 
13:27:46.573251>  DevBUY (+): 368.00750000 avgGapBuy:3273.38250000 
13:27:59.011242>  DevBUY (+): 187.56150000 avgGapBuy:3454.11850000 
13:28:08.962772>  DevBUY (+): 360.40150000 avgGapBuy:3259.25850000 
13:28:09.321868>  DevBUY (-): 348.69150000 avgGapBuy:3259.25850000 
13:28:09.365805>  DevBUY (+): 363.79150000 avgGapBuy:3259.25850000 
13:28:10.318581>  DevBUY (-): 349.74150000 avgGapBuy:3259.25850000 
13:28:13.043582>  DevBUY (+): 394.24150000 avgGapBuy:3259.25850000 
13:28:13.328598>  DevBUY (-): 388.98150000 avgGapBuy:3259.25850000 
13:28:58.298861>  DevBUY (+): 189.58950000 avgGapBuy:3423.50050000 
13:28:58.809076>  DevBUY (+): 203.78950000 avgGapBuy:3423.50050000 
13:28:59.336104>  DevBUY (-): 189.99750000 avgGapBuy:3424.27250000 
13:30:01.897231>  DevBUY (+): 190.00850000 avgGapBuy:3403.76150000 
13:30:09.640322>  DevBUY (+): 198.28000000 avgGapBuy:3399.37000000 
13:30:10.332039>  DevBUY (-): 188.14000000 avgGapBuy:3399.37000000 
13:30:11.144413>  DevBUY (+): 199.84000000 avgGapBuy:3399.37000000 
13:30:17.333996>  DevBUY (-): 189.33050000 avgGapBuy:3400.42950000 
13:30:18.962688>  DevBUY (+): 205.96050000 avgGapBuy:3400.42950000 
13:30:29.023193>  DevBUY (+): 189.39850000 avgGapBuy:3403.34150000 
13:30:29.794225>  DevBUY (+): 194.11850000 avgGapBuy:3403.34150000 
13:30:30.289967>  DevBUY (+): 194.81850000 avgGapBuy:3403.34150000 
13:30:31.831477>  DevBUY (+): 203.48850000 avgGapBuy:3403.34150000 
13:30:32.327775>  DevBUY (+): 206.28850000 avgGapBuy:3403.34150000 
13:30:44.031588>  DevBUY (+): 192.77750000 avgGapBuy:3403.35250000 
13:30:44.141594>  DevBUY (+): 206.07750000 avgGapBuy:3403.35250000 
13:30:47.337122>  DevBUY (-): 186.23750000 avgGapBuy:3403.35250000 
13:30:49.033902>  DevBUY (-): 353.24300000 avgGapBuy:3230.73700000 
13:30:49.138908>  DevBUY (+): 350.74300000 avgGapBuy:3230.73700000 
13:30:50.333145>  DevBUY (-): 359.29300000 avgGapBuy:3230.73700000 
13:30:51.788038>  DevBUY (+): 355.68300000 avgGapBuy:3230.73700000 
13:31:40.602371>  DevBUY (+): 220.46050000 avgGapBuy:3390.75950000 
13:31:41.123705>  DevBUY (+): 224.06050000 avgGapBuy:3390.75950000 
13:31:43.335505>  DevBUY (-): 188.18050000 avgGapBuy:3390.75950000 
13:31:51.340214>  DevBUY (-): 191.92950000 avgGapBuy:3390.40050000 
13:32:14.091849>  DevBUY (+): 186.91700000 avgGapBuy:3396.65300000 
13:32:14.158852>  DevBUY (+): 193.81700000 avgGapBuy:3396.65300000 
13:32:15.828731>  DevBUY (+): 197.14700000 avgGapBuy:3396.65300000 
13:32:16.872112>  DevBUY (+): 208.91700000 avgGapBuy:3396.65300000 
13:32:17.342014>  DevBUY (-): 186.76700000 avgGapBuy:3396.65300000 
13:32:59.342534>  DevBUY (-): 189.25300000 avgGapBuy:3391.02700000 
13:32:59.519545>  DevBUY (+): 186.35300000 avgGapBuy:3391.02700000 
13:33:00.344468>  DevBUY (-): 190.82300000 avgGapBuy:3391.02700000 
13:33:00.572398>  DevBUY (+): 192.52300000 avgGapBuy:3391.02700000 
13:33:01.084061>  DevBUY (+): 198.12300000 avgGapBuy:3391.02700000 
13:33:10.007438>  DevBUY (+): 207.85250000 avgGapBuy:3402.30750000 
13:33:11.347694>  DevBUY (-): 195.85250000 avgGapBuy:3402.30750000 
13:33:14.114996>  DevBUY (-): 364.39000000 avgGapBuy:3224.20000000 
13:33:14.888259>  DevBUY (+): 364.19000000 avgGapBuy:3224.20000000 
13:33:15.990649>  DevBUY (+): 372.24000000 avgGapBuy:3224.20000000 
13:33:20.350440>  DevBUY (-): 369.26850000 avgGapBuy:3225.43150000 
13:33:23.223587>  DevBUY (+): 379.04850000 avgGapBuy:3225.43150000 
13:34:05.304910>  DevBUY (+): 203.77150000 avgGapBuy:3405.00850000 
13:34:05.341921>  DevBUY (-): 195.97150000 avgGapBuy:3405.00850000 
13:34:49.154954>  DevBUY (+): 355.96950000 avgGapBuy:3226.10050000 
13:34:51.344924>  DevBUY (-): 353.25950000 avgGapBuy:3226.10050000 
13:34:52.369132>  DevBUY (-): 359.67950000 avgGapBuy:3226.10050000 
13:34:53.853152>  DevBUY (+): 360.53950000 avgGapBuy:3226.10050000 
13:35:32.290312>  DevBUY (+): 205.86100000 avgGapBuy:3415.86900000 
13:35:33.286372>  DevBUY (+): 209.05100000 avgGapBuy:3415.86900000 
13:35:33.352374>  DevBUY (-): 188.69100000 avgGapBuy:3415.86900000 
13:35:55.090530>  DevBUY (+): 207.90200000 avgGapBuy:3407.01800000 
13:35:55.345544>  DevBUY (-): 191.02200000 avgGapBuy:3407.01800000 
13:35:58.348692>  DevBUY (-): 194.68200000 avgGapBuy:3407.01800000 
13:36:14.194995>  DevBUY (+): 199.04350000 avgGapBuy:3415.77650000 
13:36:20.259464>  DevBUY (+): 201.88750000 avgGapBuy:3419.81250000 
13:36:44.351898>  DevBUY (+): 187.82950000 avgGapBuy:3423.17050000 
13:36:45.357956>  DevBUY (+): 189.05950000 avgGapBuy:3423.17050000 
13:36:49.014334>  DevBUY (+): 190.30950000 avgGapBuy:3423.17050000 
13:37:14.214869>  DevBUY (+): 542.97350000 avgGapBuy:3066.08650000 
13:37:14.358877>  DevBUY (-): 530.72350000 avgGapBuy:3066.08650000 
13:37:15.355935>  DevBUY (-): 545.12350000 avgGapBuy:3066.08650000 
13:37:18.087604>  DevBUY (+): 545.78350000 avgGapBuy:3066.08650000 
13:38:11.282683>  DevBUY (+): 197.27250000 avgGapBuy:3421.59750000 
13:38:11.354699>  DevBUY (-): 187.69250000 avgGapBuy:3421.59750000 
13:38:13.360874>  DevBUY (-): 192.36250000 avgGapBuy:3421.59750000 
13:38:49.247395>  DevBUY (+): 186.15850000 avgGapBuy:3431.15150000 
13:38:53.213659>  DevBUY (+): 187.56850000 avgGapBuy:3431.15150000 
13:39:09.629021>  DevBUY (+): 196.24400000 avgGapBuy:3420.36600000 
13:39:10.152719>  DevBUY (+): 202.34400000 avgGapBuy:3420.36600000 
13:39:10.359672>  DevBUY (-): 190.27400000 avgGapBuy:3420.36600000 
13:39:11.362902>  DevBUY (-): 200.18400000 avgGapBuy:3420.36600000 
13:39:54.546560>  DevBUY (+): 193.56450000 avgGapBuy:3419.05550000 
13:40:49.295397>  DevBUY (+): 212.16000000 avgGapBuy:3416.27000000 
13:40:49.370400>  DevBUY (-): 198.77000000 avgGapBuy:3416.27000000 
13:40:50.985496>  DevBUY (+): 213.97000000 avgGapBuy:3416.27000000 
13:40:52.486170>  DevBUY (+): 233.57000000 avgGapBuy:3416.27000000 
13:40:54.296941>  DevBUY (+): 362.63650000 avgGapBuy:3252.60350000 
13:40:54.392948>  DevBUY (-): 370.88650000 avgGapBuy:3252.60350000 
13:40:56.225051>  DevBUY (+): 378.38650000 avgGapBuy:3252.60350000 
13:40:56.756084>  DevBUY (+): 385.28650000 avgGapBuy:3252.60350000 
13:40:57.774141>  DevBUY (+): 398.28650000 avgGapBuy:3252.60350000 
13:41:29.317044>  DevBUY (+): 201.08550000 avgGapBuy:3484.49450000 
13:41:29.371052>  DevBUY (-): 207.29550000 avgGapBuy:3484.49450000 
13:41:30.466114>  DevBUY (+): 201.62550000 avgGapBuy:3484.49450000 
13:41:32.642523>  DevBUY (+): 210.12550000 avgGapBuy:3484.49450000 
13:41:39.380399>  DevBUY (-): 212.99500000 avgGapBuy:3496.68500000 
13:41:41.587621>  DevBUY (+): 226.39500000 avgGapBuy:3496.68500000 
13:41:42.377665>  DevBUY (-): 217.43500000 avgGapBuy:3496.68500000 
13:41:43.328720>  DevBUY (+): 226.43500000 avgGapBuy:3496.68500000 
13:42:59.355185>  DevBUY (+): 192.67150000 avgGapBuy:3507.75850000 
13:42:59.384176>  DevBUY (-): 187.87150000 avgGapBuy:3507.75850000 
13:43:08.760013>  DevBUY (+): 212.24450000 avgGapBuy:3501.96550000 
13:43:10.396650>  DevBUY (-): 191.64850000 avgGapBuy:3502.70150000 
13:43:13.421541>  DevBUY (-): 210.35850000 avgGapBuy:3502.70150000 
13:43:13.957572>  DevBUY (+): 217.05850000 avgGapBuy:3502.70150000 
13:44:29.423978>  DevBUY (+): 188.16400000 avgGapBuy:3609.43600000 
13:44:41.391842>  DevBUY (-): 186.09050000 avgGapBuy:3610.49950000 
13:45:34.559921>  DevBUY (-): 195.06150000 avgGapBuy:3642.24850000 
13:45:35.609491>  DevBUY (+): 195.16150000 avgGapBuy:3642.24850000 
13:45:36.397323>  DevBUY (-): 195.28150000 avgGapBuy:3642.24850000 
13:45:39.564149>  DevBUY (-): 195.96450000 avgGapBuy:3641.56550000 
13:45:40.334192>  DevBUY (+): 209.36450000 avgGapBuy:3641.56550000 
13:45:42.398118>  DevBUY (-): 207.26450000 avgGapBuy:3641.56550000 
13:45:43.397184>  DevBUY (-): 211.26450000 avgGapBuy:3641.56550000 
13:45:44.403917>  DevBUY (-): 215.47450000 avgGapBuy:3641.56550000 
13:45:54.569788>  DevBUY (-): 209.63000000 avgGapBuy:3633.48000000 
13:45:55.944451>  DevBUY (+): 209.73000000 avgGapBuy:3633.48000000 
13:45:57.980768>  DevBUY (+): 225.22000000 avgGapBuy:3633.48000000 
13:46:02.405731>  DevBUY (-): 214.86350000 avgGapBuy:3638.89650000 
13:46:03.364859>  DevBUY (-): 223.60350000 avgGapBuy:3638.89650000 
13:46:05.404452>  DevBUY (-): 232.39850000 avgGapBuy:3651.69150000 
13:47:19.711006>  DevBUY (+): 192.81500000 avgGapBuy:3684.08500000 
13:47:20.016027>  DevBUY (+): 194.81500000 avgGapBuy:3684.08500000 
13:47:20.462054>  DevBUY (-): 202.27500000 avgGapBuy:3684.08500000 
13:47:20.491055>  DevBUY (+): 202.07500000 avgGapBuy:3684.08500000 
13:47:21.476108>  DevBUY (-): 206.03500000 avgGapBuy:3684.08500000 
13:47:21.541113>  DevBUY (+): 205.93500000 avgGapBuy:3684.08500000 
13:47:22.445177>  DevBUY (-): 208.73500000 avgGapBuy:3684.08500000 
13:47:23.435221>  DevBUY (-): 229.72500000 avgGapBuy:3684.08500000 
13:48:19.982463>  DevBUY (+): 186.75150000 avgGapBuy:3687.13850000 
13:48:20.558496>  DevBUY (-): 187.18150000 avgGapBuy:3687.13850000 
13:48:20.623501>  DevBUY (+): 186.98150000 avgGapBuy:3687.13850000 
13:48:22.636616>  DevBUY (+): 199.51150000 avgGapBuy:3687.13850000 
13:48:24.419718>  DevBUY (-): 192.08150000 avgGapBuy:3687.13850000 
13:48:25.275767>  DevBUY (+): 239.05800000 avgGapBuy:3680.26200000 
13:48:25.417775>  DevBUY (-): 249.22800000 avgGapBuy:3680.26200000 
13:48:28.454948>  DevBUY (+): 246.12800000 avgGapBuy:3680.26200000 
