14:53:52.644574> WebSocket connected! Start Partial @depth20 [Future] process...
14:53:52.644574> WebSocket connected! Start Partial @depth20 [MARGIN] process...
14:53:52.646575> WebSocket connected! Start @depth [Future] process...
14:53:52.660574> Lenta has started...Start SubscribeToAggTradeStream @aggTrade [future] process...
14:53:53.003860> Binance - Vxxv1AWf[MARGIN] MARGIN Balance: 0.85028711 USDT
14:53:53.006860> WebSocket connected! Start Partial @depth20 [MARGIN] process...
14:53:53.450543> WebSocket connected! Start Partial @depth20 [Future] process...
14:53:53.470213> WebSocket connected! Start @depth [Future] process...
14:53:53.475211> Lenta has started...Start SubscribeToAggTradeStream @aggTrade [future] process...
14:53:53.993388> BinanceFuture - Vxxv1AWf[USD_M] USD_M Balance: 538.72625567 USDT
15:06:08.053228> Try Open Sell Pos, deviationSell: 27.23200000 Ask: 66547.10
15:06:08.053228> Support: 66547 VolS:1.817 Resistence: 66547.1 VolR:2.639
15:06:08.323461> [1Leg]: Sell OK BTCUSDT at 66547.1000;Gap=27.23200000;Price=66547.1000;Slippage=0.0;Execution=267.232 ms;
15:06:08.324461> Elapsted Open Sell (1Leg)
15:06:20.281718> Try Close All Sell Pos by market
15:06:20.282719> Support: 66439.2 VolS:0.779 Resistence: 66440.5 VolR:8.376
15:06:20.282719> Ask1: 66440.10 Vol:3.113 Bid1: 66440.00 Vol:0.137
15:06:20.282719> Ask2: 66422.16000000 Vol:0.13000000 Bid2: 66422.15000000 Vol:0.00010000
15:06:20.556744> [1Leg]: Buy OK BTCUSDT at 0.0000;Gap=17.94000000;Price=66440.1000;Slippage=66440.1;Execution=273.024 ms;
15:06:20.558738> Shuxer! Close ALL Sell Pos by market
15:06:21.003439> Try Close All Sell Pos by market
15:06:21.006421> Support: 66439.1 VolS:7.235 Resistence: 66439.2 VolR:2.364
15:06:21.007436> Ask1: 66439.20 Vol:2.364 Bid1: 66439.10 Vol:7.235
15:06:21.008438> Ask2: 66418.43000000 Vol:0.36000000 Bid2: 66413.87000000 Vol:0.00272000
15:06:22.059799> [1Leg]: Buy OK BTCUSDT at 0.0000;Gap=20.77000000;Price=66453.0000;Slippage=66453.0;Execution=1050.357 ms;
15:06:22.060786> Shuxer! Close ALL Sell Pos by market
15:07:55.671771> Try Close ALL Buy Pos by market
15:07:55.671771> Support: 66572.7 VolS:2.127 Resistence: 66582.7 VolR:2.642
15:07:55.672760> Ask1: 66573.60 Vol:0.016 Bid1: 66572.80 Vol:0.072
15:07:55.673759> Ask2: 66534.88000000 Vol:0.63196000 Bid2: 66534.87000000 Vol:4.55771000
15:07:56.006784> [1Leg]: Sell OK BTCUSDT at 0.0000;Gap=37.93000000;Price=66573.6000;Slippage=66573.6;Execution=333.024 ms;
15:07:56.006784> Shuxer! Close ALL Buy Pos by market
15:07:56.008779> Try Close ALL Buy Pos by market
15:07:56.008779> Support: 66572.7 VolS:2.127 Resistence: 66582.7 VolR:2.642
15:07:56.009779> Ask1: 66573.60 Vol:0.016 Bid1: 66572.80 Vol:0.072
15:07:56.009779> Ask2: 66534.88000000 Vol:0.63196000 Bid2: 66534.87000000 Vol:4.55771000
15:07:56.779429> [1Leg]: Sell OK BTCUSDT at 0.0000;Gap=37.93000000;Price=66574.1000;Slippage=66574.1;Execution=769.650 ms;
15:07:56.780418> Shuxer! Close ALL Buy Pos by market
15:08:08.388389> Try Open Sell Pos, deviationSell: 2.39300000 Ask: 66600.00
15:08:08.388389> Support: 66599.9 VolS:1.649 Resistence: 66600 VolR:38.968
15:08:08.646362> [1Leg]: Sell OK BTCUSDT at 66600.0000;Gap=2.39300000;Price=66600.0000;Slippage=0.0;Execution=257.015 ms;
15:08:08.647363> Elapsted Open Sell (1Leg)
15:09:37.848142> Try Open Sell Pos, deviationSell: 6.02900000 Ask: 66655.00
15:09:37.848142> Support: 66654.9 VolS:11.613 Resistence: 66655 VolR:3.915
15:09:38.109167> [1Leg]: Sell OK BTCUSDT at 66655.0000;Gap=6.02900000;Price=66655.0000;Slippage=0.0;Execution=261.025 ms;
15:09:38.110157> Elapsted Open Sell (1Leg)
15:11:19.371527> Try Open Sell Pos, deviationSell: 3.80100000 Ask: 66714.20
15:11:19.371527> Support: 66711.6 VolS:3.456 Resistence: 66714.2 VolR:0.605
15:11:19.920314> [1Leg]: Sell OK BTCUSDT at 66714.2000;Gap=3.80100000;Price=66714.2000;Slippage=0.0;Execution=547.799 ms;
15:11:19.937315> Elapsted Open Sell (1Leg)
15:21:14.293809> Try Close All Sell Pos by market
15:21:14.293809> Support: 66532.4 VolS:0.922 Resistence: 66532.5 VolR:11.087
15:21:14.294768> Ask1: 66532.50 Vol:11.087 Bid1: 66532.40 Vol:0.922
15:21:14.294768> Ask2: 66527.44000000 Vol:2.72855000 Bid2: 66527.43000000 Vol:0.76216000
15:21:14.551786> [1Leg]: Buy OK BTCUSDT at 0.0000;Gap=5.06000000;Price=66532.5000;Slippage=66532.5;Execution=257.018 ms;
15:21:14.552785> Shuxer! Close ALL Sell Pos by market
15:21:18.558771> Try Close All Sell Pos by market
15:21:18.558771> Support: 66529.8 VolS:0.965 Resistence: 66537.2 VolR:5.243
15:21:18.559774> Ask1: 66534.30 Vol:1.199 Bid1: 66534.20 Vol:0.180
15:21:18.559774> Ask2: 66521.97000000 Vol:1.76419000 Bid2: 66521.96000000 Vol:2.18176000
15:21:18.818009> [1Leg]: Buy OK BTCUSDT at 0.0000;Gap=12.33000000;Price=66534.3000;Slippage=66534.3;Execution=258.235 ms;
15:21:18.819001> Shuxer! Close ALL Sell Pos by market
15:23:24.633101> Try Close ALL Buy Pos by market
15:23:24.634102> Support: 66628.3 VolS:1.022 Resistence: 66637.4 VolR:2.327
15:23:24.634102> Ask1: 66632.50 Vol:1.400 Bid1: 66632.00 Vol:0.004
15:23:24.635103> Ask2: 66612.00000000 Vol:0.07253000 Bid2: 66611.83000000 Vol:0.00037000
15:23:25.012123> [1Leg]: Sell OK BTCUSDT at 0.0000;Gap=20.17000000;Price=66632.5000;Slippage=66632.5;Execution=376.022 ms;
15:23:25.013124> Shuxer! Close ALL Buy Pos by market
15:23:26.001564> Try Close ALL Buy Pos by market
15:23:26.003560> Support: 66632.4 VolS:5.333 Resistence: 66632.5 VolR:2.645
15:23:26.004576> Ask1: 66632.50 Vol:2.645 Bid1: 66632.40 Vol:5.333
15:23:26.005569> Ask2: 66612.00000000 Vol:1.21476000 Bid2: 66611.99000000 Vol:1.58871000
15:23:27.118473> [1Leg]: Sell OK BTCUSDT at 0.0000;Gap=20.41000000;Price=66632.5000;Slippage=66632.5;Execution=1112.904 ms;
15:23:27.118473> Shuxer! Close ALL Buy Pos by market
15:23:36.000954> Try Close All Sell Pos by market
15:23:36.001942> Support: 66572.6 VolS:0.042 Resistence: 66572.7 VolR:8.198
15:23:36.002941> Ask1: 66572.70 Vol:8.198 Bid1: 66572.60 Vol:0.042
15:23:36.002941> Ask2: 66556.72000000 Vol:2.80874000 Bid2: 66556.71000000 Vol:0.08926000
15:23:36.259953> [1Leg]: Buy OK BTCUSDT at 0.0000;Gap=15.98000000;Price=66572.7000;Slippage=66572.7;Execution=256.012 ms;
15:23:36.259953> Shuxer! Close ALL Sell Pos by market
15:23:41.000334> Try Close All Sell Pos by market
15:23:41.001333> Support: 66577 VolS:14.295 Resistence: 66578.5 VolR:0.375
15:23:41.002334> Ask1: 66577.10 Vol:0.241 Bid1: 66577.00 Vol:14.295
15:23:41.002334> Ask2: 66552.02000000 Vol:0.02943000 Bid2: 66552.01000000 Vol:5.78697000
15:23:41.262347> [1Leg]: Buy OK BTCUSDT at 0.0000;Gap=25.08000000;Price=66577.1000;Slippage=66577.1;Execution=259.013 ms;
15:23:41.263348> Shuxer! Close ALL Sell Pos by market
15:25:10.372902> Try Close ALL Buy Pos by market
15:25:10.372902> Support: 66682.9 VolS:10.6 Resistence: 66686.6 VolR:0.35
15:25:10.372902> Ask1: 66683.00 Vol:0.267 Bid1: 66682.90 Vol:10.600
15:25:10.372902> Ask2: 66656.69000000 Vol:1.12849000 Bid2: 66656.68000000 Vol:6.37670000
15:25:11.252217> [1Leg]: Sell OK BTCUSDT at 0.0000;Gap=26.22000000;Price=66673.1000;Slippage=66673.1;Execution=878.314 ms;
15:25:11.254219> Shuxer! Close ALL Buy Pos by market
15:25:14.565678> Try Close ALL Buy Pos by market
15:25:14.565678> Support: 66682.9 VolS:4.411 Resistence: 66683 VolR:1.335
15:25:14.565678> Ask1: 66683.00 Vol:1.335 Bid1: 66682.90 Vol:4.411
15:25:14.566679> Ask2: 66652.01000000 Vol:0.24054000 Bid2: 66652.00000000 Vol:3.43119000
15:25:14.885696> [1Leg]: Sell OK BTCUSDT at 0.0000;Gap=30.90000000;Price=66683.0000;Slippage=66683.0;Execution=319.017 ms;
15:25:14.885696> Shuxer! Close ALL Buy Pos by market
15:25:21.001050> Try Close All Sell Pos by market
15:25:21.034050> Support: 66666.5 VolS:0.532 Resistence: 66666.6 VolR:5.17
15:25:21.034050> Ask1: 66666.60 Vol:5.170 Bid1: 66666.50 Vol:0.532
15:25:21.035050> Ask2: 66652.01000000 Vol:4.71869000 Bid2: 66652.00000000 Vol:0.30228000
15:25:21.825337> [1Leg]: Buy OK BTCUSDT at 0.0000;Gap=14.59000000;Price=66661.0000;Slippage=66661.0;Execution=790.286 ms;
15:25:21.825337> Shuxer! Close ALL Sell Pos by market
15:25:26.000708> Try Close All Sell Pos by market
15:25:26.000708> Support: 66687.3 VolS:8.329 Resistence: 66690 VolR:2.69
15:25:26.001696> Ask1: 66687.40 Vol:0.353 Bid1: 66687.30 Vol:8.329
15:25:26.001696> Ask2: 66664.00000000 Vol:0.18065000 Bid2: 66663.99000000 Vol:2.54033000
15:25:26.265700> [1Leg]: Buy OK BTCUSDT at 0.0000;Gap=23.40000000;Price=66687.4000;Slippage=66687.4;Execution=263.005 ms;
15:25:26.266703> Shuxer! Close ALL Sell Pos by market
15:27:19.438148> Try Close ALL Buy Pos by market
15:27:19.439146> Support: 66782.4 VolS:3.546 Resistence: 66790 VolR:0.951
15:27:19.439146> Ask1: 66788.70 Vol:0.199 Bid1: 66788.60 Vol:0.165
15:27:19.439146> Ask2: 66766.67000000 Vol:0.41395000 Bid2: 66766.66000000 Vol:0.25160000
15:27:19.725167> [1Leg]: Sell OK BTCUSDT at 0.0000;Gap=21.94000000;Price=66788.7000;Slippage=66788.7;Execution=286.020 ms;
15:27:19.725167> Shuxer! Close ALL Buy Pos by market
15:27:21.010021> Try Close ALL Buy Pos by market
15:27:21.010021> Support: 66787.6 VolS:1.125 Resistence: 66791.8 VolR:2.813
15:27:21.011020> Ask1: 66791.00 Vol:1.680 Bid1: 66790.90 Vol:0.104
15:27:21.011020> Ask2: 66777.76000000 Vol:0.25037000 Bid2: 66777.75000000 Vol:4.12754000
15:27:22.086025> [1Leg]: Sell OK BTCUSDT at 0.0000;Gap=13.15000000;Price=66786.0000;Slippage=66786.0;Execution=1075.005 ms;
15:27:22.087024> Shuxer! Close ALL Buy Pos by market
15:27:26.004525> Try Open Sell Pos, deviationSell: 7.77950000 Ask: 66788.00
15:27:26.005525> Support: 66785.9 VolS:0.821 Resistence: 66788 VolR:6.425
15:27:26.258539> [1Leg]: Sell OK BTCUSDT at 66788.0000;Gap=7.77950000;Price=66787.9000;Slippage=-0.1;Execution=253.014 ms;
15:27:26.259535> Elapsted Open Sell (1Leg)
15:30:11.812734> Try Close All Sell Pos by market
15:30:11.813735> Support: 66660 VolS:0.281 Resistence: 66666.9 VolR:1.635
15:30:11.813735> Ask1: 66662.80 Vol:1.154 Bid1: 66660.10 Vol:0.171
15:30:11.814735> Ask2: 66659.65000000 Vol:0.02202000 Bid2: 66650.93000000 Vol:0.04199000
15:30:12.436317> [1Leg]: Buy OK BTCUSDT at 0.0000;Gap=3.15000000;Price=66654.1000;Slippage=66654.1;Execution=621.582 ms;
15:30:12.436317> Shuxer! Close ALL Sell Pos by market
15:30:16.000312> Try Close All Sell Pos by market
15:30:16.001308> Support: 66614.3 VolS:1.368 Resistence: 66615 VolR:1.921
15:30:16.002308> Ask1: 66615.00 Vol:1.921 Bid1: 66614.90 Vol:0.165
15:30:16.002308> Ask2: 66600.03000000 Vol:0.47663000 Bid2: 66600.02000000 Vol:0.09851000
15:30:17.235539> [1Leg]: Buy OK BTCUSDT at 0.0000;Gap=14.97000000;Price=66590.0000;Slippage=66590.0;Execution=1232.231 ms;
15:30:17.236540> Shuxer! Close ALL Sell Pos by market
15:32:47.092132>  DevSELL (+): -125.92000000 avgGapSell:13.48000000 
15:35:29.060769> Try Open BuyLimit, Bid: 66121.60 Ask:  66122.50
15:35:29.060769> Support: 66118 VolS:2.803 Resistence: 66128.7 VolR:1.507
15:35:29.454790> [1Leg]: Buy OK BTCUSDT at 66121.6000;Gap=-11.63800000;Price=66114.9000;Slippage=-6.7;Execution=394.021 ms;
15:35:29.454790> Elapsted Open BuyLimit 
15:35:59.342833> Try Open BuyLimit, Bid: 66069.90 Ask:  66070.00
15:35:59.343826> Support: 66069.9 VolS:3.929 Resistence: 66070 VolR:2.724
15:35:59.599839> [1Leg]: Buy OK BTCUSDT at 66069.9000;Gap=-11.35350000;Price=66070.0000;Slippage=0.1;Execution=256.013 ms;
15:35:59.599839> Elapsted Open BuyLimit 
15:37:18.596405> Try Open BuyLimit, Bid: 65997.40 Ask:  65997.50
15:37:18.606408> Support: 65997.4 VolS:0.885 Resistence: 66000 VolR:329.432
15:37:19.212467> [1Leg]: Buy OK BTCUSDT at 65997.4000;Gap=-89.18950000;Price=65982.5000;Slippage=-14.9;Execution=605.057 ms;
15:37:19.215447> Elapsted Open BuyLimit 
15:56:57.226605> Try Open Sell Pos, deviationSell: 6.68100000 Ask: 66845.00
15:56:57.227596> Support: 66844.9 VolS:5.832 Resistence: 66846 VolR:4.006
15:56:57.508611> [1Leg]: Sell OK BTCUSDT at 66845.0000;Gap=6.68100000;Price=66845.0000;Slippage=0.0;Execution=281.014 ms;
15:56:57.509612> Elapsted Open Sell (1Leg)
15:57:52.656506> Try Open Sell Pos, deviationSell: 8.18650000 Ask: 66897.20
15:57:52.670509> Support: 66891.1 VolS:0.961 Resistence: 66900 VolR:13.913
15:57:53.119534> [1Leg]: Sell OK BTCUSDT at 66897.2000;Gap=8.18650000;Price=66897.2000;Slippage=0.0;Execution=368.024 ms;
15:57:53.119534> Elapsted Open Sell (1Leg)
16:01:19.252532> Try Close All Sell Pos by market
16:01:19.252532> Support: 66767.3 VolS:0.664 Resistence: 66770.1 VolR:8.334
16:01:19.253525> Ask1: 66770.10 Vol:8.334 Bid1: 66770.00 Vol:0.030
16:01:19.253525> Ask2: 66774.01000000 Vol:6.76835000 Bid2: 66774.00000000 Vol:0.18015000
16:01:19.528541> [1Leg]: Buy OK BTCUSDT at 0.0000;Gap=-3.91000000;Price=66770.1000;Slippage=66770.1;Execution=275.016 ms;
16:01:19.529541> Shuxer! Close ALL Sell Pos by market
16:28:36.432304> Try Open Sell Pos, deviationSell: -1.92000000 Ask: 66950.00
16:28:36.434298> Support: 66949.9 VolS:13.016 Resistence: 66950 VolR:4.508
16:28:36.804320> [1Leg]: Sell OK BTCUSDT at 66950.0000;Gap=-1.92000000;Price=66950.0000;Slippage=0.0;Execution=369.022 ms;
16:28:36.804320> Elapsted Open Sell (1Leg)
16:32:14.002734> Try Open Sell Pos, deviationSell: 1.06250000 Ask: 67002.70
16:32:14.006736> Support: 67002.6 VolS:14.397 Resistence: 67002.7 VolR:4.188
16:32:14.319748> [1Leg]: Sell OK BTCUSDT at 67002.7000;Gap=1.06250000;Price=67002.7000;Slippage=0.0;Execution=313.012 ms;
16:32:14.320747> Elapsted Open Sell (1Leg)
16:32:16.453280> Try Close All Sell Pos by market
16:32:16.454281> Support: 67039.9 VolS:7.27 Resistence: 67042.9 VolR:0.351
16:32:16.454281> Ask1: 67040.00 Vol:0.027 Bid1: 67039.90 Vol:7.270
16:32:16.454281> Ask2: 67028.90000000 Vol:0.00008000 Bid2: 67028.69000000 Vol:0.04412000
16:32:16.949310> [1Leg]: Buy OK BTCUSDT at 0.0000;Gap=11.10000000;Price=67050.0000;Slippage=67050.0;Execution=494.029 ms;
16:32:16.950310> Shuxer! Close ALL Sell Pos by market
16:32:21.000750> Try Close All Sell Pos by market
16:32:21.001739> Support: 67049.9 VolS:8.985 Resistence: 67050 VolR:0.647
16:32:21.001739> Ask1: 67050.00 Vol:0.647 Bid1: 67049.90 Vol:8.985
16:32:21.001739> Ask2: 67042.52000000 Vol:0.21249000 Bid2: 67042.51000000 Vol:4.06663000
16:32:21.907529> [1Leg]: Buy OK BTCUSDT at 0.0000;Gap=7.48000000;Price=67061.2000;Slippage=67061.2;Execution=905.790 ms;
16:32:21.918527> Shuxer! Close ALL Sell Pos by market
16:32:26.097784> Try Close All Sell Pos by market
16:32:26.098782> Support: 67076.3 VolS:7.649 Resistence: 67082.5 VolR:4.982
16:32:26.098782> Ask1: 67084.00 Vol:1.047 Bid1: 67082.40 Vol:0.004
16:32:26.098782> Ask2: 67072.01000000 Vol:2.67989000 Bid2: 67072.00000000 Vol:1.97484000
16:32:26.437801> [1Leg]: Buy OK BTCUSDT at 0.0000;Gap=10.49000000;Price=67078.3000;Slippage=67078.3;Execution=339.019 ms;
16:32:26.437801> Shuxer! Close ALL Sell Pos by market
16:32:38.373782> Try Close ALL Buy Pos by market
16:32:38.376784> Support: 67168.3 VolS:9.6 Resistence: 67176.3 VolR:2.53
16:32:38.632797> Ask1: 67175.00 Vol:0.547 Bid1: 67174.90 Vol:1.854
16:32:38.632797> Ask2: 67148.90000000 Vol:0.00008000 Bid2: 67148.89000000 Vol:0.00336000
16:32:38.995819> [1Leg]: Sell OK BTCUSDT at 0.0000;Gap=26.01000000;Price=67176.3000;Slippage=67176.3;Execution=362.021 ms;
16:32:38.996830> Shuxer! Close ALL Buy Pos by market
16:32:41.000959> Try Close ALL Buy Pos by market
16:32:41.000959> Support: 67172.2 VolS:0.853 Resistence: 67172.3 VolR:3.447
16:32:41.001941> Ask1: 67172.30 Vol:3.447 Bid1: 67172.20 Vol:0.853
16:32:41.001941> Ask2: 67164.02000000 Vol:4.01391000 Bid2: 67164.01000000 Vol:1.18497000
16:32:41.257954> [1Leg]: Sell OK BTCUSDT at 0.0000;Gap=8.19000000;Price=67172.3000;Slippage=67172.3;Execution=256.013 ms;
16:32:41.257954> Shuxer! Close ALL Buy Pos by market
16:32:51.025013> Try Close All Sell Pos by market
16:32:51.026014> Support: 67194.1 VolS:4.571 Resistence: 67200 VolR:257.799
16:32:51.026014> Ask1: 67200.00 Vol:257.799 Bid1: 67199.90 Vol:0.808
16:32:51.027014> Ask2: 67188.52000000 Vol:1.47975000 Bid2: 67188.51000000 Vol:1.80886000
16:32:51.282038> [1Leg]: Buy OK BTCUSDT at 0.0000;Gap=11.48000000;Price=67200.0000;Slippage=67200.0;Execution=255.024 ms;
16:32:51.283033> Shuxer! Close ALL Sell Pos by market
16:32:56.001433> Try Close All Sell Pos by market
16:32:56.001433> Support: 67168 VolS:0.552 Resistence: 67170.9 VolR:4.06
16:32:56.002434> Ask1: 67170.90 Vol:4.060 Bid1: 67170.80 Vol:0.174
16:32:56.002434> Ask2: 67172.37000000 Vol:0.25953000 Bid2: 67172.36000000 Vol:3.11797000
16:32:56.286447> [1Leg]: Buy OK BTCUSDT at 0.0000;Gap=-1.47000000;Price=67189.1000;Slippage=67189.1;Execution=284.013 ms;
16:32:56.287449> Shuxer! Close ALL Sell Pos by market
16:43:22.320747> Try Close ALL Buy Pos by market
16:43:22.329740> Support: 67297.9 VolS:10.05 Resistence: 67300 VolR:244.108
16:43:22.330741> Ask1: 67298.00 Vol:0.179 Bid1: 67297.90 Vol:10.050
16:43:22.330741> Ask2: 67269.91000000 Vol:0.00730000 Bid2: 67269.90000000 Vol:3.89470000
16:43:22.677760> [1Leg]: Sell OK BTCUSDT at 0.0000;Gap=28.00000000;Price=67298.0000;Slippage=67298.0;Execution=347.019 ms;
16:43:22.678763> Shuxer! Close ALL Buy Pos by market
16:43:26.000200> Try Close ALL Buy Pos by market
16:43:26.000200> Support: 67298.9 VolS:3.64 Resistence: 67300 VolR:243.108
16:43:26.001196> Ask1: 67299.00 Vol:2.184 Bid1: 67298.90 Vol:3.640
16:43:26.001196> Ask2: 67276.09000000 Vol:0.45393000 Bid2: 67276.08000000 Vol:4.28043000
16:43:27.016268> [1Leg]: Sell OK BTCUSDT at 0.0000;Gap=22.82000000;Price=67300.0000;Slippage=67300.0;Execution=1015.072 ms;
16:43:27.017256> Shuxer! Close ALL Buy Pos by market
16:43:31.000520> Try Open Sell Pos, deviationSell: -7.32150000 Ask: 67300.00
16:43:31.001502> Support: 67299.9 VolS:9.55 Resistence: 67300 VolR:136.412
16:43:31.350521> [1Leg]: Sell OK BTCUSDT at 67300.0000;Gap=-7.32150000;Price=67300.0000;Slippage=0.0;Execution=349.019 ms;
16:43:31.351524> Elapsted Open Sell (1Leg)
16:43:36.604362> Try Open Sell Pos, deviationSell: 17.69050000 Ask: 67353.30
16:43:36.606346> Support: 67353.2 VolS:10.229 Resistence: 67354.3 VolR:4.016
16:43:37.010368> [1Leg]: Sell OK BTCUSDT at 67353.3000;Gap=17.69050000;Price=67353.3000;Slippage=0.0;Execution=401.018 ms;
16:43:37.010368> Elapsted Open Sell (1Leg)
16:47:31.191783> Try Open Sell Pos, deviationSell: 7.15400000 Ask: 67423.70
16:47:31.338782> Support: 67421.9 VolS:7.899 Resistence: 67425 VolR:1.111
16:47:32.698171> [1Leg]: Sell OK BTCUSDT at 67423.7000;Gap=7.15400000;Price=67432.8000;Slippage=9.1;Execution=1358.389 ms;
16:47:32.699173> Elapsted Open Sell (1Leg)
16:51:14.907541> Try Open Sell Pos, deviationSell: 9.74950000 Ask: 67482.60
16:51:14.909541> Support: 67482.5 VolS:2.229 Resistence: 67482.6 VolR:4.102
16:51:15.280560> [1Leg]: Sell OK BTCUSDT at 67482.6000;Gap=9.74950000;Price=67482.6000;Slippage=0.0;Execution=292.016 ms;
16:51:15.280560> Elapsted Open Sell (1Leg)
16:55:20.394299> Try Close All Sell Pos by market
16:55:20.400299> Support: 67527.4 VolS:6.434 Resistence: 67530 VolR:1.226
16:55:20.535308> Ask1: 67527.70 Vol:0.207 Bid1: 67527.60 Vol:3.392
16:55:20.535308> Ask2: 67499.00000000 Vol:0.18577000 Bid2: 67498.99000000 Vol:5.61653000
16:55:20.797322> [1Leg]: Buy OK BTCUSDT at 0.0000;Gap=28.70000000;Price=67530.0000;Slippage=67530.0;Execution=262.014 ms;
16:55:20.797322> Shuxer! Close ALL Sell Pos by market
16:55:21.696373> Try Close All Sell Pos by market
16:55:21.697375> Support: 67530.9 VolS:8.258 Resistence: 67531 VolR:6.301
16:55:21.697375> Ask1: 67530.00 Vol:0.593 Bid1: 67530.90 Vol:8.258
16:55:21.698373> Ask2: 67514.42000000 Vol:0.00020000 Bid2: 67514.41000000 Vol:1.49000000
16:55:22.542427> [1Leg]: Buy OK BTCUSDT at 0.0000;Gap=16.58000000;Price=67530.6000;Slippage=67530.6;Execution=844.054 ms;
16:55:22.542427> Shuxer! Close ALL Sell Pos by market
17:10:24.651752> Try Close ALL Buy Pos by market
17:10:24.651752> Support: 67633 VolS:9.494 Resistence: 67634 VolR:3.017
17:10:24.651752> Ask1: 67633.10 Vol:0.274 Bid1: 67633.00 Vol:9.494
17:10:24.651752> Ask2: 67610.00000000 Vol:0.11125000 Bid2: 67609.99000000 Vol:7.05022000
17:10:24.938784> [1Leg]: Sell OK BTCUSDT at 0.0000;Gap=23.01000000;Price=67633.1000;Slippage=67633.1;Execution=286.033 ms;
17:10:24.938784> Shuxer! Close ALL Buy Pos by market
17:10:27.000475> Try Close ALL Buy Pos by market
17:10:27.000475> Support: 67649.9 VolS:10.908 Resistence: 67651 VolR:0.45
17:10:27.001467> Ask1: 67650.00 Vol:0.423 Bid1: 67649.90 Vol:10.908
17:10:27.001467> Ask2: 67639.00000000 Vol:1.09827000 Bid2: 67638.99000000 Vol:6.72171000
17:10:28.015988> [1Leg]: Sell OK BTCUSDT at 0.0000;Gap=10.91000000;Price=67653.5000;Slippage=67653.5;Execution=1014.521 ms;
17:10:28.016987> Shuxer! Close ALL Buy Pos by market
17:14:21.656450> Try Open Sell Pos, deviationSell: 7.61050000 Ask: 67921.90
17:14:21.657459> Support: 67921.8 VolS:2.271 Resistence: 67921.9 VolR:1.964
17:14:21.982454> [1Leg]: Sell OK BTCUSDT at 67921.9000;Gap=7.61050000;Price=67921.9000;Slippage=0.0;Execution=324.014 ms;
17:14:21.983454> Elapsted Open Sell (1Leg)
17:25:36.959334> Try Close All Sell Pos by market
17:25:36.960334> Support: 67591.8 VolS:3.199 Resistence: 67591.9 VolR:2.502
17:25:36.960334> Ask1: 67591.90 Vol:2.502 Bid1: 67591.80 Vol:3.199
17:25:36.960334> Ask2: 67592.88000000 Vol:5.92980000 Bid2: 67592.87000000 Vol:0.15548000
17:25:37.359373> [1Leg]: Buy OK BTCUSDT at 0.0000;Gap=-0.98000000;Price=67591.9000;Slippage=67591.9;Execution=398.037 ms;
17:25:37.360354> Shuxer! Close ALL Sell Pos by market
17:25:37.368361> Try Close All Sell Pos by market
17:25:37.368361> Support: 67591.8 VolS:3.199 Resistence: 67591.9 VolR:2.502
17:25:37.368361> Ask1: 67591.90 Vol:2.502 Bid1: 67591.80 Vol:3.199
17:25:37.369357> Ask2: 67585.20000000 Vol:0.44645000 Bid2: 67585.19000000 Vol:0.05916000
17:25:38.761436> [1Leg]: Buy OK BTCUSDT at 0.0000;Gap=6.70000000;Price=67557.9000;Slippage=67557.9;Execution=1392.079 ms;
17:25:38.762436> Shuxer! Close ALL Sell Pos by market
17:32:41.887936> Try Close ALL Buy Pos by market
17:32:41.888927> Support: 67661 VolS:4.159 Resistence: 67661.1 VolR:8.54
17:32:41.888927> Ask1: 67661.10 Vol:8.540 Bid1: 67661.00 Vol:4.159
17:32:41.889926> Ask2: 67636.32000000 Vol:1.11349000 Bid2: 67636.31000000 Vol:3.19692000
17:32:42.175943> [1Leg]: Sell OK BTCUSDT at 0.0000;Gap=24.69000000;Price=67661.1000;Slippage=67661.1;Execution=285.016 ms;
17:32:42.175943> Shuxer! Close ALL Buy Pos by market
17:32:42.282949> Try Close ALL Buy Pos by market
17:32:42.283949> Support: 67661 VolS:4.159 Resistence: 67661.1 VolR:8.54
17:32:42.283949> Ask1: 67661.10 Vol:8.540 Bid1: 67661.00 Vol:4.159
17:32:42.284955> Ask2: 67654.28000000 Vol:1.38148000 Bid2: 67654.27000000 Vol:2.06058000
17:32:43.311164> [1Leg]: Sell OK BTCUSDT at 0.0000;Gap=6.73000000;Price=67661.1000;Slippage=67661.1;Execution=1026.210 ms;
17:32:43.313163> Shuxer! Close ALL Buy Pos by market
17:36:23.053227> Try Close All Sell Pos by market
17:36:23.053227> Support: 67849.9 VolS:7.431 Resistence: 67850 VolR:6.006
17:36:23.054218> Ask1: 67850.00 Vol:6.006 Bid1: 67849.90 Vol:7.431
17:36:23.054218> Ask2: 67852.19000000 Vol:0.28797000 Bid2: 67852.18000000 Vol:7.49432000
17:36:23.370237> [1Leg]: Buy OK BTCUSDT at 0.0000;Gap=-2.19000000;Price=67850.0000;Slippage=67850.0;Execution=316.018 ms;
17:36:23.371238> Shuxer! Close ALL Sell Pos by market
17:36:27.001503> Try Close All Sell Pos by market
17:36:27.007500> Support: 67838.3 VolS:0.805 Resistence: 67843.5 VolR:10.312
17:36:27.008499> Ask1: 67843.50 Vol:10.312 Bid1: 67843.40 Vol:0.446
17:36:27.008499> Ask2: 67843.95000000 Vol:4.61069000 Bid2: 67843.94000000 Vol:0.52763000
17:36:28.032174> [1Leg]: Buy OK BTCUSDT at 0.0000;Gap=-0.45000000;Price=67839.4000;Slippage=67839.4;Execution=1023.675 ms;
17:36:28.033173> Shuxer! Close ALL Sell Pos by market
17:42:27.063454> Try Close ALL Buy Pos by market
17:42:27.064454> Support: 67955.9 VolS:2.404 Resistence: 67956 VolR:3.732
17:42:27.064454> Ask1: 67956.00 Vol:3.732 Bid1: 67955.90 Vol:2.404
17:42:27.065455> Ask2: 67947.27000000 Vol:1.36774000 Bid2: 67947.26000000 Vol:3.27722000
17:42:28.150549> [1Leg]: Sell OK BTCUSDT at 0.0000;Gap=8.64000000;Price=67945.7000;Slippage=67945.7;Execution=1085.094 ms;
17:42:28.151550> Shuxer! Close ALL Buy Pos by market
17:42:33.713658> Try Close ALL Buy Pos by market
17:42:33.733658> Support: 67953.9 VolS:3.17 Resistence: 67955 VolR:5.01
17:42:33.733658> Ask1: 67954.00 Vol:1.891 Bid1: 67953.90 Vol:3.170
17:42:33.734661> Ask2: 67940.25000000 Vol:0.91499000 Bid2: 67940.24000000 Vol:3.53322000
17:42:34.176685> [1Leg]: Sell OK BTCUSDT at 0.0000;Gap=13.66000000;Price=67954.0000;Slippage=67954.0;Execution=442.023 ms;
17:42:34.176685> Shuxer! Close ALL Buy Pos by market
17:42:42.001916> Try Close All Sell Pos by market
17:42:42.004912> Support: 67984.2 VolS:1.106 Resistence: 67990 VolR:6.629
17:42:42.004912> Ask1: 67988.00 Vol:3.292 Bid1: 67987.90 Vol:0.292
17:42:42.004912> Ask2: 67974.34000000 Vol:1.34244000 Bid2: 67974.33000000 Vol:2.75477000
17:42:42.286927> [1Leg]: Buy OK BTCUSDT at 0.0000;Gap=13.66000000;Price=67988.0000;Slippage=67988.0;Execution=282.016 ms;
17:42:42.287927> Shuxer! Close ALL Sell Pos by market
17:49:06.839437> Try Open Sell Pos, deviationSell: 5.66750000 Ask: 68560.00
17:49:06.840437> Support: 68559.9 VolS:13.239 Resistence: 68560 VolR:5.194
17:49:07.144455> [1Leg]: Sell OK BTCUSDT at 68560.0000;Gap=5.66750000;Price=68560.0000;Slippage=0.0;Execution=263.016 ms;
17:49:07.144455> Elapsted Open Sell (1Leg)
17:50:02.261390> Try Close All Sell Pos by market
17:50:02.262378> Support: 68454.5 VolS:0.269 Resistence: 68459.3 VolR:5.432
17:50:02.262378> Ask1: 68458.60 Vol:3.488 Bid1: 68458.50 Vol:0.010
17:50:02.267377> Ask2: 68466.67000000 Vol:5.85110000 Bid2: 68466.66000000 Vol:0.27902000
17:50:02.549396> [1Leg]: Buy OK BTCUSDT at 0.0000;Gap=-8.07000000;Price=68458.6000;Slippage=68458.6;Execution=281.017 ms;
17:50:02.549396> Shuxer! Close ALL Sell Pos by market
17:50:10.891517> Try Close All Sell Pos by market
17:50:10.891517> Support: 68459.2 VolS:0.292 Resistence: 68459.6 VolR:8.331
17:50:10.892518> Ask1: 68459.40 Vol:0.955 Bid1: 68459.30 Vol:0.082
17:50:10.892518> Ask2: 68466.67000000 Vol:4.05163000 Bid2: 68466.66000000 Vol:1.13342000
17:50:11.241537> [1Leg]: Buy OK BTCUSDT at 0.0000;Gap=-7.27000000;Price=68459.4000;Slippage=68459.4;Execution=349.020 ms;
17:50:11.242536> Shuxer! Close ALL Sell Pos by market
19:57:13.670573> Try Close ALL Buy Pos by market
19:57:13.673573> Support: 67899.6 VolS:2.108 Resistence: 67900.4 VolR:5.017
19:57:13.673573> Ask1: 67899.70 Vol:3.262 Bid1: 67899.60 Vol:2.108
19:57:13.673573> Ask2: 67886.19000000 Vol:0.33434000 Bid2: 67886.18000000 Vol:3.49622000
19:57:14.789894> [1Leg]: Sell OK BTCUSDT at 0.0000;Gap=13.42000000;Price=67900.4000;Slippage=67900.4;Execution=1116.321 ms;
19:57:14.789894> Shuxer! Close ALL Buy Pos by market
19:57:17.014207> Try Close ALL Buy Pos by market
19:57:17.014207> Support: 67911.6 VolS:3.559 Resistence: 67916 VolR:2.076
19:57:17.014207> Ask1: 67911.70 Vol:1.578 Bid1: 67911.60 Vol:3.559
19:57:17.015205> Ask2: 67909.40000000 Vol:2.78900000 Bid2: 67909.39000000 Vol:1.60072000
19:57:17.308222> [1Leg]: Sell OK BTCUSDT at 0.0000;Gap=2.21000000;Price=67911.7000;Slippage=67911.7;Execution=293.017 ms;
19:57:17.308222> Shuxer! Close ALL Buy Pos by market
20:05:50.797339> Try Close All Sell Pos by market
20:05:50.806342> Support: 67814.1 VolS:7.044 Resistence: 67814.2 VolR:3.104
20:05:50.807342> Ask1: 67814.20 Vol:3.104 Bid1: 67814.10 Vol:7.044
20:05:50.807342> Ask2: 67820.92000000 Vol:9.59567000 Bid2: 67820.91000000 Vol:0.28363000
20:05:51.740394> [1Leg]: Buy OK BTCUSDT at 0.0000;Gap=-6.72000000;Price=67814.2000;Slippage=67814.2;Execution=933.052 ms;
20:05:51.740394> Shuxer! Close ALL Sell Pos by market
20:05:53.000466> Try Close All Sell Pos by market
20:05:53.000466> Support: 67814.1 VolS:3.228 Resistence: 67814.2 VolR:4.028
20:05:53.001468> Ask1: 67814.20 Vol:4.028 Bid1: 67814.10 Vol:3.228
20:05:53.001468> Ask2: 67820.92000000 Vol:10.66781000 Bid2: 67820.91000000 Vol:0.14840000
20:05:54.085242> [1Leg]: Buy OK BTCUSDT at 0.0000;Gap=-6.72000000;Price=67814.2000;Slippage=67814.2;Execution=1083.775 ms;
20:05:54.086232> Shuxer! Close ALL Sell Pos by market
20:06:03.000351> Try Close ALL Buy Pos by market
20:06:03.006329> Support: 67819 VolS:22.066 Resistence: 67819.2 VolR:2.373
20:06:03.007329> Ask1: 67819.20 Vol:2.373 Bid1: 67819.10 Vol:4.053
20:06:03.007329> Ask2: 67820.92000000 Vol:6.69315000 Bid2: 67820.91000000 Vol:1.83745000
20:06:03.269345> [1Leg]: Sell OK BTCUSDT at 0.0000;Gap=-1.81000000;Price=67819.2000;Slippage=67819.2;Execution=262.016 ms;
20:06:03.269345> Shuxer! Close ALL Buy Pos by market
20:06:08.000148> Try Close ALL Buy Pos by market
20:06:08.000148> Support: 67816 VolS:13.269 Resistence: 67819.2 VolR:0.703
20:06:08.001140> Ask1: 67817.20 Vol:0.158 Bid1: 67817.10 Vol:10.597
20:06:08.001140> Ask2: 67820.91000000 Vol:3.95676000 Bid2: 67820.90000000 Vol:2.10690000
20:06:08.266154> [1Leg]: Sell OK BTCUSDT at 0.0000;Gap=-3.80000000;Price=67822.5000;Slippage=67822.5;Execution=265.014 ms;
20:06:08.267155> Shuxer! Close ALL Buy Pos by market
20:06:18.003627> Try Close All Sell Pos by market
20:06:18.004629> Support: 67766.9 VolS:1.361 Resistence: 67767 VolR:5.759
20:06:18.004629> Ask1: 67767.00 Vol:5.759 Bid1: 67766.90 Vol:1.361
20:06:18.004629> Ask2: 67766.67000000 Vol:5.81391000 Bid2: 67766.66000000 Vol:0.61364000
20:06:18.273642> [1Leg]: Buy OK BTCUSDT at 0.0000;Gap=0.33000000;Price=67767.0000;Slippage=67767.0;Execution=269.013 ms;
20:06:18.274642> Shuxer! Close ALL Sell Pos by market
20:06:23.000033> Try Close All Sell Pos by market
20:06:23.000033> Support: 67763.3 VolS:4.351 Resistence: 67763.4 VolR:4.148
20:06:23.001026> Ask1: 67763.40 Vol:4.148 Bid1: 67763.30 Vol:4.351
20:06:23.001026> Ask2: 67766.67000000 Vol:4.59926000 Bid2: 67766.66000000 Vol:1.86227000
20:06:23.264039> [1Leg]: Buy OK BTCUSDT at 0.0000;Gap=-3.27000000;Price=67763.4000;Slippage=67763.4;Execution=263.014 ms;
20:06:23.264039> Shuxer! Close ALL Sell Pos by market
