11:32:54.119565> WebSocket connected! Start @depth [Future] process...
11:32:54.119565> Lenta has started...Start SubscribeToAggTradeStream @aggTrade [future] process...
11:32:54.122561> WebSocket connected! Start Partial @depth20 [Future] process...
11:32:54.123558> WebSocket connected! Start Partial @depth20 [MARGIN] process...
11:32:54.274563> Binance - Vxxv1AWf[MARGIN] MARGIN Balance: 0.96443352 USDT
11:32:54.480579> WebSocket connected! Start Partial @depth20 [MARGIN] process...
11:32:54.986738> Lenta has started...Start SubscribeToAggTradeStream @aggTrade [future] process...
11:32:54.989736> WebSocket connected! Start Partial @depth20 [Future] process...
11:32:54.997725> WebSocket connected! Start @depth [Future] process...
11:32:55.519597> BinanceFuture - Vxxv1AWf[USD_M] USD_M Balance: 402.50047609 USDT
17:27:20.794408> WebSocket [SubscribePartialDepthStream()] [MARGIN] error: Unable to read data from the transport connection: An existing connection was forcibly closed by the remote host.
17:27:20.795407> WebSocket [ConnectToDepthStream()] [Closed] [MARGIN] and reconnect again..
17:27:20.801407> WebSocket [SubscribePartialDepthStream()] [future] error: Unable to read data from the transport connection: An existing connection was forcibly closed by the remote host.
17:27:23.056535>  DevBUY (-): 201.92650000 avgGapBuy:72.17350000 
17:27:23.418557>  DevBUY (-): 254.45650000 avgGapBuy:72.17350000 
17:27:23.547565>  DevBUY (+): 210.21650000 avgGapBuy:72.17350000 
17:27:23.674571>  DevBUY (+): 225.61650000 avgGapBuy:72.17350000 
17:27:23.675573> WebSocket [SubscribePartialDepthStream()] [future] error: Unable to write data to the transport connection: An established connection was aborted by the software in your host machine.
17:27:23.923586>  DevBUY (-): 259.90650000 avgGapBuy:72.17350000 
17:27:23.938586>  DevBUY (-): 305.91650000 avgGapBuy:72.17350000 
17:27:23.983589>  DevBUY (-): 342.71650000 avgGapBuy:72.17350000 
17:27:23.984590>  DevBUY (-): 360.08650000 avgGapBuy:72.17350000 
17:27:24.358611>  DevBUY (-): 411.30650000 avgGapBuy:72.17350000 
17:27:24.593624>  DevBUY (-): 563.51650000 avgGapBuy:72.17350000 
17:27:24.606625> WebSocket [ConnectToDepthStream()] [Closed] [MARGIN] and reconnect again..
17:27:24.833635> WebSocket connected! Start [MARGIN] @depth@1000ms process...
17:27:25.707688> WebSocket connected! Start [MARGIN] @depth@1000ms process...
17:27:25.821695> BinanceFuture - Vxxv1AWf[USD_M] Reconect to WebSocket #
17:27:25.821695> WebSocket [SubscribePartialDepthStream()] [Closed] [future] and reconnect again [during Task.Delay]..
17:27:25.822698> Binance - Vxxv1AWf[MARGIN] Reconect to WebSocket #
17:27:25.822698> WebSocket [ConnectToDepthStream()] [Closed] [MARGIN] and reconnect again [during Task.Delay]..
17:27:26.870754> WebSocket connected! Start [MARGIN] @depth@1000ms process...
17:27:27.004761> WebSocket connected! Start @depth [Future] process...
17:27:28.709859> BinanceFuture - Vxxv1AWf[USD_M] Reconect to WebSocket #
17:27:28.710860> WebSocket [SubscribePartialDepthStream()] [Closed] [future] and reconnect again [during Task.Delay]..
17:27:29.749918> Binance - Vxxv1AWf[MARGIN] Reconect to WebSocket #
17:27:29.757919> WebSocket [ConnectToDepthStream()] [Closed] [MARGIN] and reconnect again [during Task.Delay]..
17:27:29.767922> WebSocket connected! Start @depth [Future] process...
17:27:31.063995> WebSocket [ConnectToDepthStream()] [future] error: Received an unexpected EOF or 0 bytes from the transport stream.
17:27:31.890043> WebSocket connected! Start [MARGIN] @depth@1000ms process...
17:27:33.378129> BinanceFuture - Vxxv1AWf[USD_M] Reconect ConnectToDepthStream() to WebSocket #
17:27:33.378129> WebSocket [ConnectToDepthStream()] [Closed] [future] and reconnect again [during Task.Delay]..
17:27:34.450189> WebSocket connected! Start @depth [Future] process...
17:27:36.116285> BinanceFuture - Vxxv1AWf[USD_M] Reconect ConnectToDepthStream() to WebSocket #
17:27:36.128286> WebSocket [ConnectToDepthStream()] [Closed] [future] and reconnect again [during Task.Delay]..
17:27:37.015351> Unable to read data from the transport connection: An existing connection was forcibly closed by the remote host.
17:27:37.444361> WebSocket connected! Start @depth [Future] process...
17:27:42.069628> BinanceFuture - Vxxv1AWf[USD_M] Reconect to WebSocket #
17:27:42.070627> WebSocket [SubscribeToAggTradeStream()] [Closed] [future] and reconnect again [with Task.Delay]..
17:27:43.603715> Lenta has started...Start SubscribeToAggTradeStream @aggTrade [future] process...
