20:18:31.390191> WebSocket connected! Start @depth [Future] process...
20:18:31.391192> WebSocket connected! Start Partial @depth20 [Future] process...
20:18:31.392191> WebSocket connected! Start Partial @depth20 [SPOT] process...
20:18:31.392191> Lenta has started...Start SubscribeToAggTradeStream @aggTrade [future] process...
20:18:31.456195> Binance - Vxxv1AWf[SPOT] SPOT Balance: 0 USDT
20:18:31.718239> WebSocket connected! Start Partial @depth20 [SPOT] process...
20:18:32.259086> WebSocket connected! Start @depth [Future] process...
20:18:32.260089> WebSocket connected! Start Partial @depth20 [Future] process...
20:18:32.271086> Lenta has started...Start SubscribeToAggTradeStream @aggTrade [future] process...
20:18:32.801123> BinanceFuture - Vxxv1AWf[USD_M] USD_M Balance: 61.77197112 USDT
20:18:41.828993>  DevBUY (+): 182.5804166666666666666666667 avgGapBuy:4084.2095833333333333333333333 
20:18:42.799052>  DevBUY (-): 170.6204166666666666666666667 avgGapBuy:4084.2095833333333333333333333 
20:18:43.679288>  DevBUY (+): 190.0204166666666666666666667 avgGapBuy:4084.2095833333333333333333333 
20:18:43.798293>  DevBUY (-): 179.8604166666666666666666667 avgGapBuy:4084.2095833333333333333333333 
20:32:36.976357>  DevBUY (-): 149.54975000 avgGapBuy:4086.59025000 
20:32:37.709773>  DevBUY (+): 156.64975000 avgGapBuy:4086.59025000 
20:32:44.603070>  DevBUY (+): 162.38412500 avgGapBuy:4085.81587500 
20:32:44.872092>  DevBUY (-): 161.65412500 avgGapBuy:4085.81587500 
20:36:37.764808>  DevBUY (+): 124.65012500 avgGapBuy:4115.24987500 
20:45:27.123562>  DevBUY (-): 159.48087500 avgGapBuy:4061.29912500 
20:45:27.201561>  DevBUY (+): 152.68087500 avgGapBuy:4061.29912500 
20:45:29.514960>  DevBUY (+): 159.80087500 avgGapBuy:4061.29912500 
20:45:30.152992>  DevBUY (+): 159.90087500 avgGapBuy:4061.29912500 
20:45:33.430113>  DevBUY (+): 159.92912500 avgGapBuy:4061.29087500 
20:45:35.140006>  DevBUY (+): 169.41912500 avgGapBuy:4061.29087500 
20:45:37.102010>  DevBUY (-): 159.64912500 avgGapBuy:4061.29087500 
20:45:37.125013>  DevBUY (-): 213.59662500 avgGapBuy:4007.34337500 
20:45:37.281027>  DevBUY (+): 203.99662500 avgGapBuy:4007.34337500 
20:45:38.385680>  DevBUY (+): 205.17662500 avgGapBuy:4007.34337500 
20:45:39.487749>  DevBUY (+): 218.04662500 avgGapBuy:4007.34337500 
20:45:41.779462>  DevBUY (+): 226.74662500 avgGapBuy:4007.34337500 
20:45:41.939473>  DevBUY (-): 219.15662500 avgGapBuy:4007.34337500 
20:45:45.521787>  DevBUY (+): 227.51787500 avgGapBuy:4007.38212500 
20:45:45.939633>  DevBUY (-): 222.45787500 avgGapBuy:4007.38212500 
20:46:09.704192>  DevBUY (+): 235.87275000 avgGapBuy:4010.80725000 
20:49:17.845499>  DevBUY (+): 127.53962500 avgGapBuy:4122.36037500 
21:06:28.687977>  DevBUY (+): 125.73212500 avgGapBuy:4117.07787500 
21:43:32.765303>  DevBUY (+): 163.86137500 avgGapBuy:4046.73862500 
21:43:32.863314>  DevBUY (+): 164.06137500 avgGapBuy:4046.73862500 
21:43:33.257337>  DevBUY (-): 156.07137500 avgGapBuy:4046.73862500 
21:43:37.257180>  DevBUY (-): 157.65137500 avgGapBuy:4046.73862500 
21:43:37.401181>  DevBUY (+): 164.95137500 avgGapBuy:4046.73862500 
21:43:37.408190>  DevBUY (-): 164.83137500 avgGapBuy:4046.73862500 
21:43:40.638631>  DevBUY (+): 167.02725000 avgGapBuy:4047.11275000 
21:43:46.257734>  DevBUY (-): 176.54737500 avgGapBuy:4048.36262500 
21:43:47.922225>  DevBUY (+): 167.91925000 avgGapBuy:4047.98075000 
21:49:47.186942>  DevBUY (+): 126.45587500 avgGapBuy:4089.48412500 
22:12:49.392997>  DevBUY (+): 135.85525000 avgGapBuy:4056.06475000 
22:14:18.894877>  DevBUY (+): 124.57625000 avgGapBuy:4055.47375000 
22:14:58.073312>  DevBUY (+): 126.55925000 avgGapBuy:4056.17075000 
22:19:48.163226>  DevBUY (+): 153.94362500 avgGapBuy:4006.47637500 
22:19:48.959726>  DevBUY (+): 169.44362500 avgGapBuy:4006.47637500 
22:19:49.447106>  DevBUY (-): 164.65362500 avgGapBuy:4006.47637500 
22:19:55.170535>  DevBUY (+): 170.10900000 avgGapBuy:4006.99100000 
22:19:58.164344>  DevBUY (+): 217.71675000 avgGapBuy:3955.48325000 
22:20:02.442668>  DevBUY (-): 213.89675000 avgGapBuy:3955.48325000 
22:20:08.472020>  DevBUY (+): 219.94975000 avgGapBuy:3956.37025000 
22:20:08.604738>  DevBUY (-): 216.80975000 avgGapBuy:3956.37025000 
22:20:11.090188>  DevBUY (+): 220.02975000 avgGapBuy:3956.37025000 
22:49:59.576498>  DevBUY (-): 202.21900000 avgGapBuy:3856.21100000 
22:50:00.497550>  DevBUY (+): 207.31900000 avgGapBuy:3856.21100000 
22:50:01.697619>  DevBUY (-): 203.18900000 avgGapBuy:3856.21100000 
22:50:02.057641>  DevBUY (-): 208.15900000 avgGapBuy:3856.21100000 
22:50:03.152703>  DevBUY (+): 207.48900000 avgGapBuy:3856.21100000 
22:50:08.458007>  DevBUY (+): 207.66900000 avgGapBuy:3856.63100000 
22:50:10.170106>  DevBUY (+): 208.60737500 avgGapBuy:3857.19262500 
22:50:12.623687>  DevBUY (-): 208.59737500 avgGapBuy:3857.19262500 
22:50:14.598403>  DevBUY (-): 258.85612500 avgGapBuy:3806.93387500 
22:50:16.843626>  DevBUY (+): 257.14612500 avgGapBuy:3806.93387500 
22:50:17.362664>  DevBUY (+): 264.04612500 avgGapBuy:3806.93387500 
22:50:17.622679>  DevBUY (-): 260.45612500 avgGapBuy:3806.93387500 
22:50:21.715739>  DevBUY (+): 264.77675000 avgGapBuy:3807.72325000 
22:50:44.625257>  DevBUY (-): 262.66250000 avgGapBuy:3808.79750000 
22:51:05.848568>  DevBUY (+): 265.17962500 avgGapBuy:3810.22037500 
22:51:08.575643>  DevBUY (+): 269.47962500 avgGapBuy:3810.22037500 
23:02:46.395100>  DevBUY (+): 131.77675000 avgGapBuy:3989.32325000 
23:03:06.000221>  DevBUY (+): 156.17800000 avgGapBuy:3939.01200000 
23:03:06.139229>  DevBUY (+): 164.37800000 avgGapBuy:3939.01200000 
23:03:06.914275>  DevBUY (-): 154.19800000 avgGapBuy:3939.01200000 
23:03:18.310927>  DevBUY (+): 168.16425000 avgGapBuy:3939.63575000 
23:03:18.753955>  DevBUY (-): 156.18425000 avgGapBuy:3939.63575000 
23:03:46.717419>  DevBUY (-): 162.31225000 avgGapBuy:3936.70775000 
23:04:46.689740>  DevBUY (+): 206.99650000 avgGapBuy:3889.54350000 
23:04:50.723973>  DevBUY (-): 203.05650000 avgGapBuy:3889.54350000 
23:04:51.714026>  DevBUY (+): 256.70037500 avgGapBuy:3838.89962500 
23:04:52.989100>  DevBUY (-): 253.33037500 avgGapBuy:3838.89962500 
23:04:56.715314>  DevBUY (+): 296.17112500 avgGapBuy:3787.75887500 
23:04:58.755432>  DevBUY (-): 289.26112500 avgGapBuy:3787.75887500 
23:04:59.101451>  DevBUY (-): 316.04112500 avgGapBuy:3787.75887500 
23:05:00.094509>  DevBUY (+): 300.72112500 avgGapBuy:3787.75887500 
23:05:00.602538>  DevBUY (+): 301.22112500 avgGapBuy:3787.75887500 
23:05:01.666599>  DevBUY (+): 302.62112500 avgGapBuy:3787.75887500 
23:05:01.760605>  DevBUY (+): 303.33675000 avgGapBuy:3787.04325000 
23:05:02.456645>  DevBUY (+): 315.03675000 avgGapBuy:3787.04325000 
23:05:08.739005>  DevBUY (-): 320.69762500 avgGapBuy:3786.63237500 
23:05:09.011020>  DevBUY (+): 320.29762500 avgGapBuy:3786.63237500 
23:05:12.705232>  DevBUY (+): 322.91562500 avgGapBuy:3786.89437500 
23:05:15.957420>  DevBUY (-): 329.82562500 avgGapBuy:3786.89437500 
23:05:16.913476>  DevBUY (+): 411.31650000 avgGapBuy:3686.20350000 
23:05:17.700520>  DevBUY (+): 425.71650000 avgGapBuy:3686.20350000 
23:05:18.244549>  DevBUY (-): 413.47650000 avgGapBuy:3686.20350000 
