20:05:59.651476> Lenta has started...Start SubscribeToAggTradeStream @aggTrade [future] process...
20:05:59.651476> WebSocket connected! Start @depth [Future] process...
20:05:59.653478> WebSocket connected! Start Partial @depth20 [SPOT] process...
20:05:59.656477> WebSocket connected! Start Partial @depth20 [Future] process...
20:05:59.924517> WebSocket connected! Start Partial @depth20 [SPOT] process...
20:06:00.418667> Binance - Vxxv1AWf[SPOT] SPOT Balance: 0 USDT
20:06:00.529682> WebSocket connected! Start @depth [Future] process...
20:06:00.533686> Lenta has started...Start SubscribeToAggTradeStream @aggTrade [future] process...
20:06:00.537674> WebSocket connected! Start Partial @depth20 [Future] process...
20:06:01.104242> BinanceFuture - Vxxv1AWf[USD_M] USD_M Balance: 55.87905931 USDT
22:26:05.387738>  DevBUY (+): 124.43375000 avgGapBuy:4674.34625000 
22:26:15.551718>  DevBUY (+): 125.64375000 avgGapBuy:4674.34625000 
22:26:24.604829>  DevBUY (-): 127.16375000 avgGapBuy:4674.34625000 
22:26:26.467902>  DevBUY (+): 139.55375000 avgGapBuy:4674.34625000 
22:26:28.606057>  DevBUY (-): 135.40375000 avgGapBuy:4674.34625000 
23:56:00.678690>  DevBUY (+): 124.40862500 avgGapBuy:4658.88137500 
23:56:02.171328>  DevBUY (+): 131.70862500 avgGapBuy:4658.88137500 
23:56:02.368615>  DevBUY (-): 129.34862500 avgGapBuy:4658.88137500 
23:56:03.994492>  DevBUY (+): 136.44862500 avgGapBuy:4658.88137500 
23:56:04.369849>  DevBUY (-): 130.93862500 avgGapBuy:4658.88137500 
23:56:27.446811>  DevBUY (+): 136.72862500 avgGapBuy:4658.88137500 
23:56:28.370527>  DevBUY (-): 131.77862500 avgGapBuy:4658.88137500 
23:56:43.871448>  DevBUY (+): 139.07862500 avgGapBuy:4658.88137500 
23:56:44.373468>  DevBUY (-): 137.24862500 avgGapBuy:4658.88137500 
23:56:48.692837>  DevBUY (+): 141.64862500 avgGapBuy:4658.88137500 
23:57:30.903096>  DevBUY (+): 143.25862500 avgGapBuy:4658.88137500 
23:57:31.378717>  DevBUY (-): 138.56862500 avgGapBuy:4658.88137500 
23:57:50.379734>  DevBUY (-): 139.23862500 avgGapBuy:4658.88137500 
23:57:58.951479>  DevBUY (+): 145.39862500 avgGapBuy:4658.88137500 
23:57:59.382925>  DevBUY (-): 139.89862500 avgGapBuy:4658.88137500 
23:58:04.555951>  DevBUY (+): 146.59862500 avgGapBuy:4658.88137500 
23:58:05.383417>  DevBUY (-): 145.71862500 avgGapBuy:4658.88137500 
23:58:06.935594>  DevBUY (+): 149.51862500 avgGapBuy:4658.88137500 
23:59:07.932715>  DevBUY (+): 150.48862500 avgGapBuy:4658.88137500 
23:59:08.393210>  DevBUY (-): 146.66862500 avgGapBuy:4658.88137500 
23:59:20.101836>  DevBUY (+): 161.26862500 avgGapBuy:4658.88137500 
23:59:20.394533>  DevBUY (-): 147.60862500 avgGapBuy:4658.88137500 
23:59:21.394790>  DevBUY (-): 149.17862500 avgGapBuy:4658.88137500 
00:00:09.101134>  DevBUY (+): 167.95862500 avgGapBuy:4658.88137500 
00:01:13.410503>  DevBUY (-): 149.20862500 avgGapBuy:4658.88137500 
00:01:27.411063>  DevBUY (-): 155.82862500 avgGapBuy:4658.88137500 
00:01:54.414241>  DevBUY (-): 155.83862500 avgGapBuy:4658.88137500 
00:02:26.416111>  DevBUY (-): 156.59862500 avgGapBuy:4658.88137500 
00:02:30.416961>  DevBUY (-): 160.00862500 avgGapBuy:4658.88137500 
00:02:34.416689>  DevBUY (-): 163.71862500 avgGapBuy:4658.88137500 
00:04:28.435193>  DevBUY (-): 164.10862500 avgGapBuy:4658.88137500 
00:04:28.892046>  DevBUY (+): 172.40862500 avgGapBuy:4658.88137500 
00:05:27.439650>  DevBUY (-): 164.47862500 avgGapBuy:4658.88137500 
00:05:35.075127>  DevBUY (+): 179.97862500 avgGapBuy:4658.88137500 
00:05:35.440764>  DevBUY (-): 165.69862500 avgGapBuy:4658.88137500 
00:05:36.443006>  DevBUY (-): 170.03862500 avgGapBuy:4658.88137500 
00:05:37.739576>  DevBUY (+): 184.01862500 avgGapBuy:4658.88137500 
00:05:38.237618>  DevBUY (+): 189.01862500 avgGapBuy:4658.88137500 
00:05:40.432560>  DevBUY (+): 207.20862500 avgGapBuy:4658.88137500 
00:05:40.447548>  DevBUY (-): 170.12862500 avgGapBuy:4658.88137500 
00:05:41.443714>  DevBUY (-): 180.57862500 avgGapBuy:4658.88137500 
01:06:00.685439>  DevBUY (+): 171.12000000 avgGapBuy:4659.07000000 
01:06:01.780227>  DevBUY (-): 176.94000000 avgGapBuy:4659.07000000 
01:06:02.787575>  DevBUY (-): 180.02000000 avgGapBuy:4659.07000000 
01:06:03.080513>  DevBUY (+): 179.12000000 avgGapBuy:4659.07000000 
01:06:03.586539>  DevBUY (+): 189.12000000 avgGapBuy:4659.07000000 
01:06:19.781446>  DevBUY (-): 186.76000000 avgGapBuy:4659.07000000 
01:06:21.591663>  DevBUY (+): 194.36000000 avgGapBuy:4659.07000000 
01:06:22.584453>  DevBUY (+): 201.89000000 avgGapBuy:4659.07000000 
01:07:06.786204>  DevBUY (-): 191.39000000 avgGapBuy:4659.07000000 
01:08:49.793758>  DevBUY (-): 194.94000000 avgGapBuy:4659.07000000 
01:11:16.616375>  DevBUY (+): 202.06000000 avgGapBuy:4659.07000000 
01:14:28.825360>  DevBUY (-): 196.52000000 avgGapBuy:4659.07000000 
02:15:08.763025>  DevSELL (+): -169.57750000 avgGapSell:4830.88750000 
02:26:00.697949>  DevBUY (+): 174.35962500 avgGapBuy:4622.67037500 
02:26:04.251652>  DevBUY (-): 168.04962500 avgGapBuy:4622.67037500 
02:26:06.251805>  DevBUY (-): 193.31962500 avgGapBuy:4622.67037500 
02:26:06.977172>  DevBUY (+): 175.41962500 avgGapBuy:4622.67037500 
02:26:07.495311>  DevBUY (+): 177.20962500 avgGapBuy:4622.67037500 
02:26:08.519918>  DevBUY (+): 190.30962500 avgGapBuy:4622.67037500 
02:26:09.017460>  DevBUY (+): 194.50962500 avgGapBuy:4622.67037500 
03:36:11.025344>  DevBUY (-): 124.04637500 avgGapBuy:4584.09362500 
03:36:14.534976>  DevBUY (+): 124.34637500 avgGapBuy:4584.09362500 
03:36:15.104128>  DevBUY (+): 131.08637500 avgGapBuy:4584.09362500 
03:36:18.697737>  DevBUY (+): 136.58637500 avgGapBuy:4584.09362500 
03:36:19.025787>  DevBUY (-): 131.63637500 avgGapBuy:4584.09362500 
03:36:26.945815>  DevBUY (+): 139.28637500 avgGapBuy:4584.09362500 
03:46:53.095544>  DevBUY (-): 134.68887500 avgGapBuy:4571.45112500 
03:47:10.376552>  DevBUY (+): 148.94887500 avgGapBuy:4571.45112500 
03:48:05.101496>  DevBUY (-): 135.14887500 avgGapBuy:4571.45112500 
03:48:25.984016>  DevBUY (+): 159.44887500 avgGapBuy:4571.45112500 
03:48:41.105587>  DevBUY (-): 143.17887500 avgGapBuy:4571.45112500 
03:54:32.133814>  DevBUY (-): 147.60887500 avgGapBuy:4571.45112500 
03:54:34.095468>  DevBUY (+): 169.70887500 avgGapBuy:4571.45112500 
03:54:34.147471>  DevBUY (-): 152.72887500 avgGapBuy:4571.45112500 
03:55:05.137431>  DevBUY (-): 160.29887500 avgGapBuy:4571.45112500 
06:45:13.056330>  DevBUY (+): 128.83250000 avgGapBuy:4616.30750000 
07:11:32.007844>  DevBUY (+): 124.76587500 avgGapBuy:4655.42412500 
07:12:16.236893>  DevBUY (+): 134.08587500 avgGapBuy:4655.42412500 
07:57:09.700294>  DevBUY (+): 124.33987500 avgGapBuy:4658.05012500 
07:57:10.213011>  DevBUY (+): 129.13987500 avgGapBuy:4658.05012500 
07:57:22.163988>  DevBUY (+): 138.12987500 avgGapBuy:4658.05012500 
07:57:22.528998>  DevBUY (-): 129.02987500 avgGapBuy:4658.05012500 
08:46:00.732372>  DevBUY (+): 170.36587500 avgGapBuy:4568.47412500 
08:46:01.826001>  DevBUY (-): 170.79587500 avgGapBuy:4568.47412500 
08:46:02.058023>  DevBUY (+): 170.49587500 avgGapBuy:4568.47412500 
08:46:06.825308>  DevBUY (-): 171.51587500 avgGapBuy:4568.47412500 
08:46:09.908597>  DevBUY (+): 186.41587500 avgGapBuy:4568.47412500 
08:46:10.411633>  DevBUY (+): 194.91587500 avgGapBuy:4568.47412500 
08:46:10.825553>  DevBUY (-): 179.34587500 avgGapBuy:4568.47412500 
08:46:19.834644>  DevBUY (-): 181.10587500 avgGapBuy:4568.47412500 
08:46:34.829914>  DevBUY (-): 187.52587500 avgGapBuy:4568.47412500 
08:47:21.833139>  DevBUY (-): 188.92587500 avgGapBuy:4568.47412500 
08:48:07.547256>  DevBUY (+): 199.61587500 avgGapBuy:4568.47412500 
08:48:08.664291>  DevBUY (+): 200.52587500 avgGapBuy:4568.47412500 
08:49:19.843589>  DevBUY (-): 189.02587500 avgGapBuy:4568.47412500 
08:49:32.238068>  DevBUY (+): 214.24587500 avgGapBuy:4568.47412500 
08:49:32.843705>  DevBUY (-): 196.92587500 avgGapBuy:4568.47412500 
08:49:33.843785>  DevBUY (-): 202.71587500 avgGapBuy:4568.47412500 
11:18:54.222939>  DevBUY (+): 130.59937500 avgGapBuy:4532.07062500 
11:19:03.642457>  DevBUY (-): 124.31937500 avgGapBuy:4532.07062500 
11:19:09.642411>  DevBUY (-): 129.08937500 avgGapBuy:4532.07062500 
11:19:28.646136>  DevBUY (-): 130.61937500 avgGapBuy:4532.07062500 
11:19:30.409204>  DevBUY (+): 136.75937500 avgGapBuy:4532.07062500 
11:20:25.646357>  DevBUY (-): 133.99937500 avgGapBuy:4532.07062500 
11:20:25.876363>  DevBUY (+): 140.39937500 avgGapBuy:4532.07062500 
11:20:26.377961>  DevBUY (+): 148.59937500 avgGapBuy:4532.07062500 
11:20:42.647776>  DevBUY (-): 143.23937500 avgGapBuy:4532.07062500 
11:20:58.531033>  DevBUY (+): 148.92937500 avgGapBuy:4532.07062500 
11:21:16.430548>  DevBUY (+): 151.54937500 avgGapBuy:4532.07062500 
11:21:37.340566>  DevBUY (+): 169.54937500 avgGapBuy:4532.07062500 
11:21:37.649592>  DevBUY (-): 161.21937500 avgGapBuy:4532.07062500 
15:26:11.172878>  DevBUY (+): 127.68762500 avgGapBuy:4434.01237500 
15:26:11.683390>  DevBUY (+): 140.98762500 avgGapBuy:4434.01237500 
15:26:20.817008>  DevBUY (-): 124.80762500 avgGapBuy:4434.01237500 
15:26:58.557744>  DevBUY (+): 162.93762500 avgGapBuy:4434.01237500 
15:26:58.820765>  DevBUY (-): 126.91762500 avgGapBuy:4434.01237500 
15:30:29.828461>  DevBUY (-): 127.13762500 avgGapBuy:4434.01237500 
15:30:47.829389>  DevBUY (-): 135.12762500 avgGapBuy:4434.01237500 
15:30:54.830119>  DevBUY (-): 135.38762500 avgGapBuy:4434.01237500 
15:33:31.840945>  DevBUY (-): 135.88762500 avgGapBuy:4434.01237500 
15:33:41.595503>  DevBUY (+): 179.07762500 avgGapBuy:4434.01237500 
15:33:41.841509>  DevBUY (-): 139.64762500 avgGapBuy:4434.01237500 
15:33:42.843807>  DevBUY (-): 140.22762500 avgGapBuy:4434.01237500 
15:33:54.843361>  DevBUY (-): 143.88762500 avgGapBuy:4434.01237500 
15:33:58.843166>  DevBUY (-): 152.54762500 avgGapBuy:4434.01237500 
15:35:02.844884>  DevBUY (-): 154.22762500 avgGapBuy:4434.01237500 
15:35:12.845561>  DevBUY (-): 165.88762500 avgGapBuy:4434.01237500 
16:11:45.646161>  DevBUY (+): 140.11025000 avgGapBuy:4480.87975000 
16:12:08.982146>  DevBUY (-): 124.41025000 avgGapBuy:4480.87975000 
16:13:06.867391>  DevBUY (+): 157.23025000 avgGapBuy:4480.87975000 
16:13:08.984591>  DevBUY (-): 129.34025000 avgGapBuy:4480.87975000 
16:13:11.983836>  DevBUY (-): 130.49025000 avgGapBuy:4480.87975000 
16:13:47.278827>  DevBUY (+): 164.51025000 avgGapBuy:4480.87975000 
16:13:47.797900>  DevBUY (+): 167.81025000 avgGapBuy:4480.87975000 
16:14:01.986916>  DevBUY (-): 133.84025000 avgGapBuy:4480.87975000 
16:14:05.986850>  DevBUY (-): 140.97025000 avgGapBuy:4480.87975000 
16:14:18.988782>  DevBUY (-): 150.88025000 avgGapBuy:4480.87975000 
16:26:04.421857>  DevBUY (+): 126.10487500 avgGapBuy:4425.88512500 
16:26:17.480831>  DevBUY (+): 137.81487500 avgGapBuy:4425.88512500 
16:26:19.042109>  DevBUY (-): 125.60487500 avgGapBuy:4425.88512500 
16:26:32.626056>  DevBUY (+): 138.76487500 avgGapBuy:4425.88512500 
16:27:55.635541>  DevBUY (+): 145.56487500 avgGapBuy:4425.88512500 
16:28:53.051931>  DevBUY (-): 129.21487500 avgGapBuy:4425.88512500 
16:46:00.774270>  DevBUY (+): 145.49950000 avgGapBuy:4303.19050000 
16:46:01.100700>  DevBUY (-): 164.16950000 avgGapBuy:4303.19050000 
16:46:01.277695>  DevBUY (+): 161.56950000 avgGapBuy:4303.19050000 
16:46:02.101125>  DevBUY (-): 164.53950000 avgGapBuy:4303.19050000 
16:46:02.993352>  DevBUY (+): 177.43950000 avgGapBuy:4303.19050000 
16:46:03.100354>  DevBUY (-): 168.22950000 avgGapBuy:4303.19050000 
16:46:03.495425>  DevBUY (+): 185.32950000 avgGapBuy:4303.19050000 
16:46:04.100128>  DevBUY (-): 170.50950000 avgGapBuy:4303.19050000 
16:46:08.099524>  DevBUY (-): 173.78950000 avgGapBuy:4303.19050000 
16:46:08.421533>  DevBUY (+): 188.58950000 avgGapBuy:4303.19050000 
16:46:43.103740>  DevBUY (-): 175.09950000 avgGapBuy:4303.19050000 
16:47:28.058301>  DevBUY (+): 195.49950000 avgGapBuy:4303.19050000 
16:48:58.110762>  DevBUY (-): 176.84950000 avgGapBuy:4303.19050000 
16:49:57.059802>  DevBUY (+): 197.88950000 avgGapBuy:4303.19050000 
16:50:06.111985>  DevBUY (-): 184.24950000 avgGapBuy:4303.19050000 
