22:53:38.331195> WebSocket connected! Start @depth [Future] process...
22:53:38.333196> Lenta has started...Start SubscribeToAggTradeStream @aggTrade [future] process...
22:53:38.340195> Lenta has started...Start SubscribeToAggTradeStream @aggTrade [future] process...
22:53:38.352196> WebSocket connected! Start Partial @depth20 [Future] process...
22:53:38.372197> WebSocket connected! Start Partial @depth20 [Future] process...
22:53:38.410199> WebSocket connected! Start @depth [Future] process...
22:53:38.594210> Try Open BuyLimit, Bid: 64797.60 Ask:  64797.70
22:53:38.594210> Support: 64797.6 VolS:11.247 Resistence: 64798.1 VolR:1.2
22:53:46.455018> WebSocket connected! Start Partial @depth20 [Future] process...
22:53:46.480008> WebSocket connected! Start @depth [Future] process...
22:53:46.599014> Lenta has started...Start SubscribeToAggTradeStream @aggTrade [future] process...
22:53:46.617016> WebSocket connected! Start Partial @depth20 [Future] process...
22:53:46.621016> Lenta has started...Start SubscribeToAggTradeStream @aggTrade [future] process...
22:53:46.641017> WebSocket connected! Start @depth [Future] process...
22:53:46.673019> [1Leg]: Buy OK BTCUSDT at 64297.6000;Gap=0;Price=64797.7000;Slippage=500.1;Execution=807.741 ms;
22:53:46.745023> Elapsted Open BuyLimit 
22:53:46.752023> Try Open BuyLimit, Bid: 64797.60 Ask:  64797.70
22:53:46.752023> Support: 64792.8 VolS:10.591 Resistence: 64797.7 VolR:3.77
22:53:49.672513> BinanceFuture - Vxxv1AWf[USD_M] USD_M Balance: 646.62134889 USDT
22:53:49.910527> [1Leg]: Buy OK BTCUSDT at 64297.6000;Gap=0.00;Price=64797.7000;Slippage=500.1;Execution=327.019 ms;
22:53:49.914528> Elapsted Open BuyLimit 
22:53:49.915528> Try Open BuyLimit, Bid: 64797.60 Ask:  64797.70
22:53:49.915528> Support: 64792.8 VolS:10.591 Resistence: 64798.1 VolR:1.2
22:53:52.278238> [1Leg]: Buy OK BTCUSDT at 64297.6000;Gap=0.00;Price=64797.7000;Slippage=500.1;Execution=257.928 ms;
22:53:52.279240> Elapsted Open BuyLimit 
