21:45:13.424647> Lenta has started...Start SubscribeToAggTradeStream @aggTrade [future] process...
21:45:13.424647> WebSocket connected! Start Partial @depth20 [Future] process...
21:45:13.426644> WebSocket connected! Start @depth [Future] process...
21:45:13.443645> WebSocket connected! Start @depth [Future] process...
21:45:13.460656> Lenta has started...Start SubscribeToAggTradeStream @aggTrade [future] process...
21:45:13.461647> WebSocket connected! Start Partial @depth20 [Future] process...
21:45:13.953280> Try Open BuyLimit, Bid: 64759.50 Ask:  64759.60
21:45:13.954302> Support: 64759.5 VolS:2.2 Resistence: 64760.6 VolR:2.98
21:45:14.377019> BinanceFuture - Vxxv1AWf[USD_M] USD_M Balance: 751.81144316 USDT
21:45:14.386020> [1Leg]: Buy OK BTCUSDT at 64259.5000;Gap=0.00;Price=64759.6000;Slippage=500.1;Execution=421.742 ms;
21:45:14.387020> Elapsted Open BuyLimit 
21:45:14.388022> WebSocket connected! Start Partial @depth20 [Future] process...
21:45:18.117144> WebSocket connected! Start Partial @depth20 [Future] process...
21:45:18.118144> WebSocket connected! Start @depth [Future] process...
21:45:18.118144> WebSocket connected! Start @depth [Future] process...
21:45:18.119144> Lenta has started...Start SubscribeToAggTradeStream @aggTrade [future] process...
21:45:18.132145> Lenta has started...Start SubscribeToAggTradeStream @aggTrade [future] process...
21:45:54.798107> Try Open BuyLimit, Bid: 64756.90 Ask:  64757.00
21:45:54.799107> Support: 64749.5 VolS:0.56 Resistence: 64757 VolR:4.142
21:45:55.128127> [1Leg]: Buy OK BTCUSDT at 64756.9000;Gap=0.60;Price=64742.3000;Slippage=-14.6;Execution=329.019 ms;
21:45:55.128127> Elapsted Open BuyLimit 
21:45:55.159128> Try Open BuyLimit, Bid: 64742.20 Ask:  64742.30
21:45:55.159128> Support: 64739 VolS:0.349 Resistence: 64742.3 VolR:16.905
21:45:55.419142> [1Leg]: Buy OK BTCUSDT at 64742.2000;Gap=-5.70;Price=64739.1000;Slippage=-3.1;Execution=256.014 ms;
21:45:55.420143> Elapsted Open BuyLimit 
