19:20:30.692992> Lenta has started...Start SubscribeToAggTradeStream @aggTrade [future] process...
19:20:30.692992> WebSocket connected! Start @depth [Future] process...
19:20:30.694992> WebSocket connected! Start Partial @depth20 [MARGIN] process...
19:20:30.698992> WebSocket connected! Start Partial @depth20 [Future] process...
19:20:30.782995> Binance - Vxxv1AWf[MARGIN] MARGIN Balance: 0.89100563 USDT
19:20:30.989024> WebSocket connected! Start Partial @depth20 [MARGIN] process...
19:20:31.524060> Lenta has started...Start SubscribeToAggTradeStream @aggTrade [future] process...
19:20:31.537051> WebSocket connected! Start @depth [Future] process...
19:20:31.539051> WebSocket connected! Start Partial @depth20 [Future] process...
19:20:32.060906> BinanceFuture - Vxxv1AWf[USD_M] USD_M Balance: 447.71346397 USDT
21:49:02.688323> WebSocket [SubscribePartialDepthStream()] [future] error: Unable to read data from the transport connection: An existing connection was forcibly closed by the remote host.
21:49:02.915334> WebSocket [SubscribePartialDepthStream()] [future] error: Unable to read data from the transport connection: An existing connection was forcibly closed by the remote host.
21:49:04.401436> WebSocket [SubscribePartialDepthStream()] [MARGIN] error: Unable to read data from the transport connection: An existing connection was forcibly closed by the remote host.
21:49:04.405436> WebSocket [ConnectToDepthStream()] [Closed] [MARGIN] and reconnect again..
21:49:05.721494> WebSocket connected! Start [MARGIN] @depth@1000ms process...
21:49:07.250581>  DevSELL (-): -138.65400000 avgGapSell:43.94400000 
21:49:07.734609> BinanceFuture - Vxxv1AWf[USD_M] Reconect to WebSocket #
21:49:07.735611> WebSocket [SubscribePartialDepthStream()] [Closed] [future] and reconnect again [during Task.Delay]..
21:49:07.872616>  DevSELL (-): -222.62850000 avgGapSell:19.66850000 
21:49:07.917620> BinanceFuture - Vxxv1AWf[USD_M] Reconect to WebSocket #
21:49:07.917620> WebSocket [SubscribePartialDepthStream()] [Closed] [future] and reconnect again [during Task.Delay]..
21:49:07.979622>  DevSELL (-): -277.21850000 avgGapSell:19.66850000 
21:49:09.082686> WebSocket connected! Start @depth [Future] process...
21:49:09.084686> WebSocket connected! Start @depth [Future] process...
21:49:09.443709> Binance - Vxxv1AWf[MARGIN] Reconect to WebSocket #
21:49:09.445708> WebSocket [ConnectToDepthStream()] [Closed] [MARGIN] and reconnect again [during Task.Delay]..
21:49:10.431765> WebSocket connected! Start [MARGIN] @depth@1000ms process...
21:49:12.922907> Unable to read data from the transport connection: An existing connection was forcibly closed by the remote host.
21:49:16.251896> BinanceFuture - Vxxv1AWf[USD_M] Reconect ConnectToDepthStream() to WebSocket #
21:49:16.252895> WebSocket [ConnectToDepthStream()] [Closed] [future] and reconnect again [during Task.Delay]..
21:49:17.282536> BinanceFuture - Vxxv1AWf[USD_M] Reconect ConnectToDepthStream() to WebSocket #
21:49:17.282536> WebSocket [ConnectToDepthStream()] [Closed] [future] and reconnect again [during Task.Delay]..
21:49:17.361532> WebSocket connected! Start @depth [Future] process...
21:49:17.718559> BinanceFuture - Vxxv1AWf[USD_M] Reconect to WebSocket #
21:49:17.720558> WebSocket [SubscribeToAggTradeStream()] [Closed] [future] and reconnect again [with Task.Delay]..
21:49:18.286902> WebSocket connected! Start @depth [Future] process...
21:49:18.750934> Lenta has started...Start SubscribeToAggTradeStream @aggTrade [future] process...
21:49:42.316705> WebSocket [ConnectToDepthStream()] [Closed] [MARGIN] and reconnect again..
21:49:43.336758> WebSocket connected! Start [MARGIN] @depth@1000ms process...
21:49:47.392985> Binance - Vxxv1AWf[MARGIN] Reconect to WebSocket #
21:49:47.392985> WebSocket [ConnectToDepthStream()] [Closed] [MARGIN] and reconnect again [during Task.Delay]..
21:49:48.999075> WebSocket connected! Start [MARGIN] @depth@1000ms process...
22:52:28.035079> Unable to write data to the transport connection: An existing connection was forcibly closed by the remote host.
22:52:28.036082> A request to send or receive data was disallowed because the socket is not connected and (when sending on a datagram socket using a sendto call) no address was supplied
22:52:33.100371> BinanceFuture - Vxxv1AWf[USD_M] Reconect to WebSocket #
22:52:33.101371> WebSocket [SubscribeToAggTradeStream()] [Closed] [future] and reconnect again [with Task.Delay]..
22:52:34.454447> Lenta has started...Start SubscribeToAggTradeStream @aggTrade [future] process...
23:00:05.706332> Unable to read data from the transport connection: An existing connection was forcibly closed by the remote host.
23:00:10.935623> BinanceFuture - Vxxv1AWf[USD_M] Reconect to WebSocket #
23:00:10.935623> WebSocket [SubscribeToAggTradeStream()] [Closed] [future] and reconnect again [with Task.Delay]..
23:00:12.757727> Lenta has started...Start SubscribeToAggTradeStream @aggTrade [future] process...
23:00:44.697559> WebSocket [ConnectToDepthStream()] [future] error: Unable to read data from the transport connection: An existing connection was forcibly closed by the remote host.
23:00:49.927857> BinanceFuture - Vxxv1AWf[USD_M] Reconect ConnectToDepthStream() to WebSocket #
23:00:49.928861> WebSocket [ConnectToDepthStream()] [Closed] [future] and reconnect again [during Task.Delay]..
23:00:51.047923> WebSocket connected! Start @depth [Future] process...
23:01:30.819202> WebSocket [ConnectToDepthStream()] [future] error: Unable to read data from the transport connection: An existing connection was forcibly closed by the remote host.
23:01:35.917507> BinanceFuture - Vxxv1AWf[USD_M] Reconect ConnectToDepthStream() to WebSocket #
23:01:35.918494> WebSocket [ConnectToDepthStream()] [Closed] [future] and reconnect again [during Task.Delay]..
23:01:37.354577> WebSocket connected! Start @depth [Future] process...
23:06:15.300514> Unable to write data to the transport connection: An existing connection was forcibly closed by the remote host.
23:06:15.301515> A request to send or receive data was disallowed because the socket is not connected and (when sending on a datagram socket using a sendto call) no address was supplied
23:06:20.507811> BinanceFuture - Vxxv1AWf[USD_M] Reconect to WebSocket #
23:06:20.510812> WebSocket [SubscribeToAggTradeStream()] [Closed] [future] and reconnect again [with Task.Delay]..
23:06:21.769886> Lenta has started...Start SubscribeToAggTradeStream @aggTrade [future] process...
23:06:22.137906> WebSocket [ConnectToDepthStream()] [future] error: Unable to read data from the transport connection: An existing connection was forcibly closed by the remote host.
23:06:27.381207> BinanceFuture - Vxxv1AWf[USD_M] Reconect ConnectToDepthStream() to WebSocket #
23:06:27.381207> WebSocket [ConnectToDepthStream()] [Closed] [future] and reconnect again [during Task.Delay]..
23:06:28.856291> WebSocket connected! Start @depth [Future] process...
23:09:33.414872> BinanceFuture - Vxxv1AWf[USD_M] Reconect ConnectToDepthStream() to WebSocket #
23:09:33.414872> WebSocket [ConnectToDepthStream()] [Closed] [future] and reconnect again [during Task.Delay]..
23:09:34.793951> WebSocket connected! Start @depth [Future] process...
23:09:58.740342> Ask error : The given key was not present in the dictionary.
23:15:26.325107> Unable to write data to the transport connection: An existing connection was forcibly closed by the remote host.
23:15:26.360109> A request to send or receive data was disallowed because the socket is not connected and (when sending on a datagram socket using a sendto call) no address was supplied
23:15:31.552408> BinanceFuture - Vxxv1AWf[USD_M] Reconect to WebSocket #
23:15:31.554409> WebSocket [SubscribeToAggTradeStream()] [Closed] [future] and reconnect again [with Task.Delay]..
23:15:32.915486> Lenta has started...Start SubscribeToAggTradeStream @aggTrade [future] process...
23:24:35.274590> Unable to write data to the transport connection: An existing connection was forcibly closed by the remote host.
23:24:35.278584> A request to send or receive data was disallowed because the socket is not connected and (when sending on a datagram socket using a sendto call) no address was supplied
23:24:40.681893> BinanceFuture - Vxxv1AWf[USD_M] Reconect to WebSocket #
23:24:40.681893> WebSocket [SubscribeToAggTradeStream()] [Closed] [future] and reconnect again [with Task.Delay]..
23:24:42.065973> Lenta has started...Start SubscribeToAggTradeStream @aggTrade [future] process...
