21:35:35.577786> WebSocket connected! Start Partial @depth20 [MARGIN] process...
21:35:35.578775> WebSocket connected! Start Partial @depth20 [Future] process...
21:35:35.614776> WebSocket connected! Start @depth [Future] process...
21:35:35.615776> Lenta has started...Start SubscribeToAggTradeStream @aggTrade [future] process...
21:35:35.944802> WebSocket connected! Start Partial @depth20 [MARGIN] process...
21:35:36.441643> WebSocket connected! Start Partial @depth20 [Future] process...
21:35:36.478638> WebSocket connected! Start @depth [Future] process...
21:35:36.482639> Lenta has started...Start SubscribeToAggTradeStream @aggTrade [future] process...
21:39:23.365283> Binance - Vxxv1AWf[MARGIN] MARGIN Balance: 0.8851812 USDT
21:39:23.838308> BinanceFuture - Vxxv1AWf[USD_M] USD_M Balance: 0 USDT
21:39:29.189721> BinanceFuture - Vxxv1AWf[USD_M] Reconect ConnectToDepthStream() to WebSocket #
21:39:29.192716> WebSocket [ConnectToDepthStream()] [Closed] [future] and reconnect again [during Task.Delay]..
21:39:29.250719> BinanceFuture - Vxxv1AWf[USD_M] Reconect ConnectToDepthStream() to WebSocket #
21:39:29.251720> WebSocket [ConnectToDepthStream()] [Closed] [future] and reconnect again [during Task.Delay]..
21:39:30.216997> WebSocket connected! Start @depth [Future] process...
21:39:30.235003> WebSocket connected! Start @depth [Future] process...
21:43:56.617761> WebSocket [ConnectToDepthStream()] [future] error: Received an unexpected EOF or 0 bytes from the transport stream.
21:43:56.623760> WebSocket [ConnectToDepthStream()] [future] error: Received an unexpected EOF or 0 bytes from the transport stream.
21:44:01.662071> BinanceFuture - Vxxv1AWf[USD_M] Reconect ConnectToDepthStream() to WebSocket #
21:44:01.662071> BinanceFuture - Vxxv1AWf[USD_M] Reconect ConnectToDepthStream() to WebSocket #
21:44:01.662071> WebSocket [ConnectToDepthStream()] [Closed] [future] and reconnect again [during Task.Delay]..
21:44:01.666073> WebSocket [ConnectToDepthStream()] [Closed] [future] and reconnect again [during Task.Delay]..
21:44:02.656373> WebSocket connected! Start @depth [Future] process...
21:44:02.675341> WebSocket connected! Start @depth [Future] process...
