11:03:37.804800> WebSocket connected! Start Partial @depth20 [Future] process...
11:03:37.811790> WebSocket connected! Start Partial @depth20 [Future] process...
11:03:38.474163> WebSocket connected! Start Partial @depth20 [Future] process...
11:03:38.476152> WebSocket connected! Start Partial @depth20 [Future] process...
11:03:38.983178> BinanceFuture - Vxxv1AWf[USD_M] USD_M Balance: 78.97688447 USDT
14:02:29.433013> WebSocket [SubscribePartialDepthStream()] [future] error: Unable to read data from the transport connection: An existing connection was forcibly closed by the remote host.
14:02:29.434013> WebSocket [SubscribePartialDepthStream()] [future] error: Unable to read data from the transport connection: An existing connection was forcibly closed by the remote host.
14:02:29.435014> WebSocket [SubscribePartialDepthStream()] [future] error: Unable to read data from the transport connection: An existing connection was forcibly closed by the remote host.
14:02:43.980455> BinanceFuture - Vxxv1AWf[USD_M] Reconect to WebSocket #
14:02:43.981447> WebSocket [SubscribePartialDepthStream()] [Closed] [future] and reconnect again [during Task.Delay]..
14:02:43.987448> BinanceFuture - Vxxv1AWf[USD_M] Reconect to WebSocket #
14:02:43.988448> WebSocket [SubscribePartialDepthStream()] [Closed] [future] and reconnect again [during Task.Delay]..
14:02:43.989446> BinanceFuture - Vxxv1AWf[USD_M] Reconect to WebSocket #
14:02:43.989446> WebSocket [SubscribePartialDepthStream()] [Closed] [future] and reconnect again [during Task.Delay]..
14:02:44.015447> WebSocket [SubscribePartialDepthStream()] [future] error: Received an unexpected EOF or 0 bytes from the transport stream.
14:02:47.174245> WebSocket connected! Start @depth [Future] process...
14:02:47.174245> WebSocket connected! Start @depth [Future] process...
14:02:47.179247> WebSocket connected! Start @depth [Future] process...
14:02:49.458242> BinanceFuture - Vxxv1AWf[USD_M] Reconect to WebSocket #
14:02:49.458242> WebSocket [SubscribePartialDepthStream()] [Closed] [future] and reconnect again [during Task.Delay]..
14:02:49.459242> BinanceFuture - Vxxv1AWf[USD_M] Reconect to WebSocket #
14:02:49.459242> WebSocket [SubscribePartialDepthStream()] [Closed] [future] and reconnect again [during Task.Delay]..
14:02:49.459242> BinanceFuture - Vxxv1AWf[USD_M] Reconect to WebSocket #
14:02:49.460241> WebSocket [SubscribePartialDepthStream()] [Closed] [future] and reconnect again [during Task.Delay]..
14:02:49.460241> BinanceFuture - Vxxv1AWf[USD_M] Reconect to WebSocket #
14:02:49.460241> WebSocket [SubscribePartialDepthStream()] [Closed] [future] and reconnect again [during Task.Delay]..
14:02:49.463241> BinanceFuture - Vxxv1AWf[USD_M] Reconect to WebSocket #
14:02:49.463241> WebSocket [SubscribePartialDepthStream()] [Closed] [future] and reconnect again [during Task.Delay]..
14:02:55.755979> WebSocket connected! Start @depth [Future] process...
14:02:55.756978> WebSocket connected! Start @depth [Future] process...
14:02:55.756978> WebSocket connected! Start @depth [Future] process...
14:02:55.757980> WebSocket connected! Start @depth [Future] process...
14:02:55.757980> WebSocket connected! Start @depth [Future] process...
14:05:52.522262> WebSocket [ConnectToDepthStream()] [future] error: Unable to read data from the transport connection: An existing connection was forcibly closed by the remote host.
14:05:56.110468> WebSocket [ConnectToDepthStream()] [future] error: Unable to read data from the transport connection: An existing connection was forcibly closed by the remote host.
14:05:56.205476> WebSocket [ConnectToDepthStream()] [future] error: Unable to read data from the transport connection: An established connection was aborted by the software in your host machine.
14:05:56.207475> WebSocket [ConnectToDepthStream()] [future] error: Unable to read data from the transport connection: An established connection was aborted by the software in your host machine.
14:05:57.525550> BinanceFuture - Vxxv1AWf[USD_M] Reconect ConnectToDepthStream() to WebSocket #
14:05:57.526550> WebSocket [ConnectToDepthStream()] [Closed] [future] and reconnect again [during Task.Delay]..
14:05:58.768621> WebSocket connected! Start @depth [Future] process...
14:05:59.253649> BinanceFuture - Vxxv1AWf[USD_M] Reconect ConnectToDepthStream() to WebSocket #
14:05:59.254648> WebSocket [ConnectToDepthStream()] [Closed] [future] and reconnect again [during Task.Delay]..
14:06:00.359712> WebSocket connected! Start @depth [Future] process...
14:06:01.115754> BinanceFuture - Vxxv1AWf[USD_M] Reconect ConnectToDepthStream() to WebSocket #
14:06:01.115754> WebSocket [ConnectToDepthStream()] [Closed] [future] and reconnect again [during Task.Delay]..
14:06:01.208761> BinanceFuture - Vxxv1AWf[USD_M] Reconect ConnectToDepthStream() to WebSocket #
14:06:01.208761> WebSocket [ConnectToDepthStream()] [Closed] [future] and reconnect again [during Task.Delay]..
14:06:01.209762> BinanceFuture - Vxxv1AWf[USD_M] Reconect ConnectToDepthStream() to WebSocket #
14:06:01.209762> WebSocket [ConnectToDepthStream()] [Closed] [future] and reconnect again [during Task.Delay]..
14:06:02.207820> WebSocket connected! Start @depth [Future] process...
14:06:02.286825> WebSocket connected! Start @depth [Future] process...
14:06:02.287825> WebSocket connected! Start @depth [Future] process...
