10:54:52.244136> WebSocket connected! Start @depth [Future] process...
10:54:52.244136> WebSocket connected! Start Partial @depth20 [MARGIN] process...
10:54:52.253137> Lenta has started...Start SubscribeToAggTradeStream @aggTrade [future] process...
10:54:52.262136> WebSocket connected! Start Partial @depth20 [Future] process...
10:54:52.397142> Binance - Vxxv1AWf[MARGIN] MARGIN Balance: 0.91490627 USDT
10:54:52.642162> WebSocket connected! Start Partial @depth20 [MARGIN] process...
10:54:53.119138> WebSocket connected! Start @depth [Future] process...
10:54:53.133138> Lenta has started...Start SubscribeToAggTradeStream @aggTrade [future] process...
10:54:53.189133> WebSocket connected! Start Partial @depth20 [Future] process...
10:54:53.640597> BinanceFuture - Vxxv1AWf[USD_M] USD_M Balance: 421.53775504 USDT
10:55:04.077731> Binance - Vxxv1AWf[MARGIN] MARGIN Balance: 0.91490627 USDT
10:55:04.399912> WebSocket connected! Start Partial @depth20 [Future] process...
10:55:04.413905> WebSocket connected! Start @depth [Future] process...
10:55:04.430903> WebSocket connected! Start Partial @depth20 [MARGIN] process...
10:55:04.439907> Lenta has started...Start SubscribeToAggTradeStream @aggTrade [future] process...
10:55:04.627936> WebSocket connected! Start Partial @depth20 [MARGIN] process...
10:55:05.088947> Lenta has started...Start SubscribeToAggTradeStream @aggTrade [future] process...
10:55:05.113941> WebSocket connected! Start @depth [Future] process...
10:55:05.114941> WebSocket connected! Start Partial @depth20 [Future] process...
10:55:05.670406> BinanceFuture - Vxxv1AWf[USD_M] USD_M Balance: 418.20359976 USDT
12:03:45.796263>  DevSELL (-): -154.40700000 avgGapSell:39.70700000 
12:03:56.586861> BinanceFuture - Vxxv1AWf[USD_M] Reconect to WebSocket #
12:03:56.592883> WebSocket [SubscribeToAggTradeStream()] [Closed] [future] and reconnect again [with Task.Delay]..
12:04:06.625459> Lenta has started...Start SubscribeToAggTradeStream @aggTrade [future] process...
12:05:27.626104> BinanceFuture - Vxxv1AWf[USD_M] Reconect to WebSocket #
12:05:27.675105> WebSocket [SubscribeToAggTradeStream()] [Closed] [future] and reconnect again [with Task.Delay]..
12:05:29.456206> Lenta has started...Start SubscribeToAggTradeStream @aggTrade [future] process...
