09:45:49.485029> WebSocket connected! Start @depth [Future] process...
09:45:49.485029> WebSocket connected! Start Partial @depth20 [MARGIN] process...
09:45:49.486041> Lenta has started...Start SubscribeToAggTradeStream @aggTrade [future] process...
09:45:49.488029> WebSocket connected! Start Partial @depth20 [Future] process...
09:45:49.823063> WebSocket connected! Start Partial @depth20 [MARGIN] process...
09:45:50.004057> Binance - Vxxv1AWf[MARGIN] MARGIN Balance: 0.93114025 USDT
09:45:50.366063> WebSocket connected! Start @depth [Future] process...
09:45:50.367044> Lenta has started...Start SubscribeToAggTradeStream @aggTrade [future] process...
09:45:50.377043> WebSocket connected! Start Partial @depth20 [Future] process...
09:45:50.913074> BinanceFuture - Vxxv1AWf[USD_M] USD_M Balance: 400.02802590 USDT
12:28:03.020977> WebSocket [SubscribePartialDepthStream()] [MARGIN] error: Unable to read data from the transport connection: An existing connection was forcibly closed by the remote host.
12:28:03.022979> WebSocket [ConnectToDepthStream()] [Closed] [MARGIN] and reconnect again..
12:28:05.880845> WebSocket [SubscribePartialDepthStream()] [MARGIN] error: Unable to read data from the transport connection: An existing connection was forcibly closed by the remote host.
12:28:05.881846> WebSocket [ConnectToDepthStream()] [Closed] [MARGIN] and reconnect again..
12:28:05.882845> WebSocket [SubscribePartialDepthStream()] [future] error: Unable to read data from the transport connection: An existing connection was forcibly closed by the remote host.
12:28:49.499763> Binance - Vxxv1AWf[MARGIN] Reconect to WebSocket #
12:28:49.504764> WebSocket [ConnectToDepthStream()] [Closed] [MARGIN] and reconnect again [during Task.Delay]..
12:28:49.505764> BinanceFuture - Vxxv1AWf[USD_M] Reconect to WebSocket #
12:28:49.505764> WebSocket [SubscribePartialDepthStream()] [Closed] [future] and reconnect again [during Task.Delay]..
12:28:49.711776> Binance - Vxxv1AWf[MARGIN] Reconect to WebSocket #
12:28:49.712777> WebSocket [ConnectToDepthStream()] [Closed] [MARGIN] and reconnect again [during Task.Delay]..
12:28:50.587828> WebSocket connected! Start [MARGIN] @depth@1000ms process...
12:28:50.591827> WebSocket connected! Start @depth [Future] process...
12:28:50.594828> WebSocket connected! Start [MARGIN] @depth@1000ms process...
12:28:50.622830> WebSocket connected! Start [MARGIN] @depth@1000ms process...
12:28:51.114857> WebSocket connected! Start [MARGIN] @depth@1000ms process...
12:28:54.536052> BinanceFuture - Vxxv1AWf[USD_M] Reconect to WebSocket #
12:28:54.537053> WebSocket [SubscribePartialDepthStream()] [Closed] [future] and reconnect again [during Task.Delay]..
12:28:55.626113> WebSocket connected! Start @depth [Future] process...
12:28:55.662117> WebSocket [ConnectToDepthStream()] [future] error: Received an unexpected EOF or 0 bytes from the transport stream.
12:28:55.751124> WebSocket [ConnectToDepthStream()] [future] error: Unable to read data from the transport connection: An existing connection was forcibly closed by the remote host.
12:29:00.679439> BinanceFuture - Vxxv1AWf[USD_M] Reconect ConnectToDepthStream() to WebSocket #
12:29:00.680441> WebSocket [ConnectToDepthStream()] [Closed] [future] and reconnect again [during Task.Delay]..
12:29:00.752451> BinanceFuture - Vxxv1AWf[USD_M] Reconect ConnectToDepthStream() to WebSocket #
12:29:00.752451> WebSocket [ConnectToDepthStream()] [Closed] [future] and reconnect again [during Task.Delay]..
12:29:01.425228> BinanceFuture - Vxxv1AWf[USD_M] Reconect to WebSocket #
12:29:01.426224> WebSocket [SubscribeToAggTradeStream()] [Closed] [future] and reconnect again [with Task.Delay]..
12:29:01.751256> WebSocket connected! Start @depth [Future] process...
12:29:01.829244> WebSocket connected! Start @depth [Future] process...
12:29:02.455282> Lenta has started...Start SubscribeToAggTradeStream @aggTrade [future] process...
13:02:08.176322> Unable to read data from the transport connection: An existing connection was forcibly closed by the remote host.
13:02:13.299614> BinanceFuture - Vxxv1AWf[USD_M] Reconect to WebSocket #
13:02:13.317615> WebSocket [SubscribeToAggTradeStream()] [Closed] [future] and reconnect again [with Task.Delay]..
13:02:14.665694> Lenta has started...Start SubscribeToAggTradeStream @aggTrade [future] process...
13:02:23.773215> Ask error : The given key was not present in the dictionary.
13:18:05.032185> Unable to read data from the transport connection: An existing connection was forcibly closed by the remote host.
13:18:10.116478> BinanceFuture - Vxxv1AWf[USD_M] Reconect to WebSocket #
13:18:10.123479> WebSocket [SubscribeToAggTradeStream()] [Closed] [future] and reconnect again [with Task.Delay]..
13:18:12.864635> Lenta has started...Start SubscribeToAggTradeStream @aggTrade [future] process...
