17:51:31.704923> WebSocket connected! Start @depth [Future] process...
17:51:31.715925> WebSocket connected! Start Partial @depth20 [Future] process...
17:51:31.724923> Lenta has started...Start SubscribeToAggTradeStream @aggTrade [future] process...
17:51:31.746924> WebSocket connected! Start Partial @depth20 [MARGIN] process...
17:51:32.084943> Binance - Vxxv1AWf[MARGIN] MARGIN Balance: 0.90270323 USDT
17:51:32.114951> WebSocket connected! Start Partial @depth20 [MARGIN] process...
17:51:32.590973> Lenta has started...Start SubscribeToAggTradeStream @aggTrade [future] process...
17:51:32.590973> WebSocket connected! Start Partial @depth20 [Future] process...
17:51:32.595959> WebSocket connected! Start @depth [Future] process...
17:51:33.186842> BinanceFuture - Vxxv1AWf[USD_M] USD_M Balance: 438.24502638 USDT
17:59:43.864842> Binance - Vxxv1AWf[MARGIN] MARGIN Balance: 0.9007614 USDT
17:59:44.478122> WebSocket connected! Start Partial @depth20 [Future] process...
17:59:44.486081> Lenta has started...Start SubscribeToAggTradeStream @aggTrade [future] process...
17:59:44.502083> WebSocket connected! Start Partial @depth20 [MARGIN] process...
17:59:44.505077> WebSocket connected! Start @depth [Future] process...
17:59:44.623084> WebSocket connected! Start Partial @depth20 [MARGIN] process...
17:59:45.334004> WebSocket connected! Start @depth [Future] process...
17:59:45.350994> Lenta has started...Start SubscribeToAggTradeStream @aggTrade [future] process...
17:59:45.354994> WebSocket connected! Start Partial @depth20 [Future] process...
17:59:45.856028> BinanceFuture - Vxxv1AWf[USD_M] USD_M Balance: 447.83464332 USDT
18:18:38.937915> WebSocket [ConnectToDepthStream()] [future] error: Unable to write data to the transport connection: An existing connection was forcibly closed by the remote host.
18:18:39.205925> WebSocket [ConnectToDepthStream()] [future] error: Unable to write data to the transport connection: An existing connection was forcibly closed by the remote host.
18:18:45.397282> BinanceFuture - Vxxv1AWf[USD_M] Reconect ConnectToDepthStream() to WebSocket #
18:18:46.046322> BinanceFuture - Vxxv1AWf[USD_M] Reconect ConnectToDepthStream() to WebSocket #
18:18:47.645415> WebSocket [ConnectToDepthStream()] [Closed] [future] and reconnect again [during Task.Delay]..
18:18:48.143441> WebSocket [ConnectToDepthStream()] [Closed] [future] and reconnect again [during Task.Delay]..
18:19:25.887606> WebSocket connected! Start @depth [Future] process...
18:19:30.076844> WebSocket connected! Start @depth [Future] process...
