11:09:35.244117> WebSocket connected! Start Partial @depth20 [SPOT] process...
11:09:35.244117> Lenta has started...Start SubscribeToAggTradeStream @aggTrade [future] process...
11:09:35.246118> WebSocket connected! Start @depth [Future] process...
11:09:35.265123> WebSocket connected! Start Partial @depth20 [Future] process...
11:09:35.392124> Binance - Vxxv1AWf[SPOT] SPOT Balance: 0 USDT
11:09:35.429129> WebSocket connected! Start Partial @depth20 [SPOT] process...
11:09:36.047379> WebSocket connected! Start Partial @depth20 [Future] process...
11:09:36.049378> WebSocket connected! Start @depth [Future] process...
11:09:36.056370> Lenta has started...Start SubscribeToAggTradeStream @aggTrade [future] process...
11:09:36.587375> BinanceFuture - Vxxv1AWf[USD_M] USD_M Balance: 67.20904166 USDT
11:10:15.899547>  DevBUY (-): 361.68700000 avgGapBuy:3304.41300000 
11:10:16.335565>  DevBUY (+): 354.78700000 avgGapBuy:3304.41300000 
11:10:19.980214>  DevBUY (+): 365.65700000 avgGapBuy:3304.41300000 
11:10:20.887089>  DevBUY (-): 364.74700000 avgGapBuy:3304.41300000 
11:10:45.901822>  DevBUY (-): 186.92500000 avgGapBuy:3434.08500000 
11:10:46.229834>  DevBUY (+): 185.92500000 avgGapBuy:3434.08500000 
11:10:46.890264>  DevBUY (-): 187.90500000 avgGapBuy:3434.08500000 
11:10:47.290282>  DevBUY (+): 193.00500000 avgGapBuy:3434.08500000 
11:10:50.918200>  DevBUY (+): 193.22400000 avgGapBuy:3428.32600000 
11:11:45.909788>  DevBUY (-): 197.59850000 avgGapBuy:3446.36150000 
11:11:47.169469>  DevBUY (+): 188.73850000 avgGapBuy:3446.36150000 
11:12:10.915086>  DevBUY (-): 171.64800000 avgGapBuy:3437.05200000 
11:12:11.736342>  DevBUY (+): 150.94800000 avgGapBuy:3437.05200000 
11:12:12.223016>  DevBUY (+): 163.50800000 avgGapBuy:3437.05200000 
11:12:13.252618>  DevBUY (+): 170.22800000 avgGapBuy:3437.05200000 
11:12:13.892057>  DevBUY (-): 175.33800000 avgGapBuy:3437.05200000 
11:12:14.294981>  DevBUY (+): 174.53800000 avgGapBuy:3437.05200000 
11:12:35.920028>  DevBUY (+): 203.52550000 avgGapBuy:3435.84450000 
11:12:36.388868>  DevBUY (+): 206.82550000 avgGapBuy:3435.84450000 
11:12:36.899661>  DevBUY (-): 183.15550000 avgGapBuy:3435.84450000 
11:12:37.423303>  DevBUY (+): 220.45550000 avgGapBuy:3435.84450000 
11:12:38.894322>  DevBUY (-): 199.40550000 avgGapBuy:3435.84450000 
11:13:05.922660>  DevBUY (-): 178.36700000 avgGapBuy:3449.83300000 
11:13:06.309934>  DevBUY (+): 191.56700000 avgGapBuy:3449.83300000 
11:13:08.897146>  DevBUY (-): 183.22700000 avgGapBuy:3449.83300000 
11:13:09.379651>  DevBUY (+): 196.42700000 avgGapBuy:3449.83300000 
11:13:09.892817>  DevBUY (+): 199.62700000 avgGapBuy:3449.83300000 
11:13:09.896826>  DevBUY (-): 188.14700000 avgGapBuy:3449.83300000 
11:13:10.908595>  DevBUY (+): 201.46700000 avgGapBuy:3449.83300000 
11:14:03.331394>  DevBUY (+): 134.17500000 avgGapBuy:3653.02500000 
11:14:03.835690>  DevBUY (+): 258.37500000 avgGapBuy:3653.02500000 
11:14:04.901980>  DevSELL (-): -125.74800000 avgGapSell:3656.04800000 
11:15:15.957795>  DevBUY (-): 173.26900000 avgGapBuy:3502.71100000 
11:15:16.137792>  DevBUY (+): 171.96900000 avgGapBuy:3502.71100000 
11:15:30.960288>  DevBUY (-): 186.77800000 avgGapBuy:3504.85200000 
11:15:31.036303>  DevBUY (+): 201.67800000 avgGapBuy:3504.85200000 
11:16:25.975818>  DevBUY (-): 223.89850000 avgGapBuy:3487.35150000 
11:16:26.187830>  DevBUY (+): 237.19850000 avgGapBuy:3487.35150000 
11:16:30.976164>  DevBUY (+): 371.02750000 avgGapBuy:3324.27250000 
11:16:31.909201>  DevBUY (-): 361.92750000 avgGapBuy:3324.27250000 
11:16:34.908565>  DevBUY (-): 365.93750000 avgGapBuy:3324.27250000 
11:17:05.981629>  DevBUY (-): 170.31750000 avgGapBuy:3525.16250000 
11:17:06.006621>  DevBUY (+): 151.91750000 avgGapBuy:3525.16250000 
11:17:06.911899>  DevBUY (-): 171.53750000 avgGapBuy:3525.16250000 
11:17:07.048907>  DevBUY (+): 186.13750000 avgGapBuy:3525.16250000 
11:17:07.548687>  DevBUY (+): 205.13750000 avgGapBuy:3525.16250000 
11:17:07.911723>  DevBUY (-): 188.05750000 avgGapBuy:3525.16250000 
11:17:40.987499>  DevBUY (-): 167.07000000 avgGapBuy:3536.34000000 
11:17:41.048494>  DevBUY (+): 166.17000000 avgGapBuy:3536.34000000 
11:17:41.544493>  DevBUY (+): 171.77000000 avgGapBuy:3536.34000000 
11:17:41.912710>  DevBUY (-): 181.09000000 avgGapBuy:3536.34000000 
11:17:42.073054>  DevBUY (+): 189.19000000 avgGapBuy:3536.34000000 
11:17:44.107571>  DevBUY (+): 191.80000000 avgGapBuy:3536.34000000 
11:17:45.987799>  DevBUY (-): 182.30150000 avgGapBuy:3529.63850000 
11:17:46.777360>  DevBUY (+): 202.70150000 avgGapBuy:3529.63850000 
11:17:46.912388>  DevBUY (-): 206.99150000 avgGapBuy:3529.63850000 
11:17:47.295395>  DevBUY (+): 220.49150000 avgGapBuy:3529.63850000 
11:17:49.913533>  DevBUY (-): 207.45150000 avgGapBuy:3529.63850000 
11:17:55.988686>  DevBUY (-): 188.38050000 avgGapBuy:3534.71950000 
11:17:56.023685>  DevBUY (+): 179.78050000 avgGapBuy:3534.71950000 
11:17:56.526185>  DevBUY (+): 198.38050000 avgGapBuy:3534.71950000 
11:17:56.912774>  DevBUY (-): 188.78050000 avgGapBuy:3534.71950000 
11:17:58.575699>  DevBUY (+): 204.98050000 avgGapBuy:3534.71950000 
11:17:58.913719>  DevBUY (-): 201.16050000 avgGapBuy:3534.71950000 
11:18:00.988995>  DevBUY (-): 345.68750000 avgGapBuy:3353.62250000 
11:18:01.143003>  DevBUY (+): 345.98750000 avgGapBuy:3353.62250000 
11:18:01.650032>  DevBUY (+): 352.48750000 avgGapBuy:3353.62250000 
11:18:01.913060>  DevBUY (-): 362.48750000 avgGapBuy:3353.62250000 
11:18:02.170061>  DevBUY (+): 362.38750000 avgGapBuy:3353.62250000 
11:18:04.201591>  DevBUY (+): 367.72750000 avgGapBuy:3353.62250000 
11:18:04.914828>  DevBUY (-): 371.66750000 avgGapBuy:3353.62250000 
11:18:05.253580>  DevBUY (+): 417.06750000 avgGapBuy:3353.62250000 
11:18:05.915742>  DevBUY (-): 389.27750000 avgGapBuy:3353.62250000 
11:18:30.994869>  DevBUY (-): 201.21950000 avgGapBuy:3536.05050000 
11:18:31.378701>  DevBUY (+): 201.01950000 avgGapBuy:3536.05050000 
11:18:33.472107>  DevBUY (+): 203.83950000 avgGapBuy:3536.05050000 
11:19:56.011434>  DevBUY (-): 182.77600000 avgGapBuy:3543.59400000 
11:19:56.920874>  DevBUY (-): 194.22600000 avgGapBuy:3543.59400000 
11:19:57.729267>  DevBUY (+): 177.12600000 avgGapBuy:3543.59400000 
11:19:58.920292>  DevBUY (-): 196.82600000 avgGapBuy:3543.59400000 
11:19:59.418292>  DevBUY (+): 196.72600000 avgGapBuy:3543.59400000 
11:20:00.994472>  DevBUY (+): 212.13600000 avgGapBuy:3543.59400000 
11:20:41.021587>  DevBUY (-): 186.98000000 avgGapBuy:3547.83000000 
11:20:41.328133>  DevBUY (+): 195.38000000 avgGapBuy:3547.83000000 
11:20:41.847347>  DevBUY (+): 202.18000000 avgGapBuy:3547.83000000 
11:20:41.923362>  DevBUY (-): 193.53000000 avgGapBuy:3547.83000000 
11:20:42.875373>  DevBUY (+): 207.13000000 avgGapBuy:3547.83000000 
11:20:43.906130>  DevBUY (+): 213.27000000 avgGapBuy:3547.83000000 
11:20:43.923140>  DevBUY (-): 203.41000000 avgGapBuy:3547.83000000 
11:20:44.407712>  DevBUY (+): 214.11000000 avgGapBuy:3547.83000000 
11:20:44.912291>  DevBUY (+): 214.31000000 avgGapBuy:3547.83000000 
11:20:44.924294>  DevBUY (-): 204.79000000 avgGapBuy:3547.83000000 
11:20:45.561220>  DevBUY (+): 221.09000000 avgGapBuy:3547.83000000 
11:20:45.922810>  DevBUY (-): 208.18000000 avgGapBuy:3547.83000000 
11:21:06.025686>  DevBUY (-): 180.65950000 avgGapBuy:3556.04050000 
11:21:06.183686>  DevBUY (+): 180.55950000 avgGapBuy:3556.04050000 
11:21:06.708530>  DevBUY (+): 180.65950000 avgGapBuy:3556.04050000 
11:21:09.924826>  DevBUY (-): 183.30950000 avgGapBuy:3556.04050000 
11:21:56.034676>  DevBUY (-): 183.55750000 avgGapBuy:3548.59250000 
11:21:56.145678>  DevBUY (+): 174.45750000 avgGapBuy:3548.59250000 
11:21:56.667603>  DevBUY (+): 198.05750000 avgGapBuy:3548.59250000 
11:21:56.928254>  DevBUY (-): 193.44750000 avgGapBuy:3548.59250000 
11:21:58.257617>  DevBUY (+): 199.32750000 avgGapBuy:3548.59250000 
11:21:58.925642>  DevBUY (-): 204.82750000 avgGapBuy:3548.59250000 
11:22:00.318469>  DevBUY (+): 204.05750000 avgGapBuy:3548.59250000 
11:22:00.883453>  DevBUY (+): 217.95750000 avgGapBuy:3548.59250000 
11:22:06.036790>  DevBUY (-): 222.26800000 avgGapBuy:3563.23200000 
11:22:06.169794>  DevBUY (+): 219.06800000 avgGapBuy:3563.23200000 
11:22:51.043919>  DevBUY (-): 176.36500000 avgGapBuy:3586.16500000 
11:22:51.358061>  DevBUY (+): 179.46500000 avgGapBuy:3586.16500000 
11:22:51.929994>  DevBUY (-): 185.42500000 avgGapBuy:3586.16500000 
11:23:36.050908>  DevBUY (+): 397.44300000 avgGapBuy:3404.97700000 
11:23:36.470529>  DevBUY (+): 410.84300000 avgGapBuy:3404.97700000 
11:23:36.935559>  DevBUY (-): 369.52300000 avgGapBuy:3404.97700000 
11:23:37.937110>  DevBUY (-): 374.42300000 avgGapBuy:3404.97700000 
11:23:40.936778>  DevBUY (-): 379.54300000 avgGapBuy:3404.97700000 
11:23:41.051782>  DevBUY (-): 381.40250000 avgGapBuy:3403.11750000 
11:23:44.936506>  DevBUY (-): 391.37250000 avgGapBuy:3403.11750000 
11:24:01.054824>  DevBUY (-): 365.98300000 avgGapBuy:3400.01700000 
11:24:01.265833>  DevBUY (+): 377.08300000 avgGapBuy:3400.01700000 
11:24:01.938193>  DevBUY (-): 371.04300000 avgGapBuy:3400.01700000 
11:24:02.937576>  DevBUY (-): 374.37300000 avgGapBuy:3400.01700000 
11:24:03.353599>  DevBUY (+): 383.27300000 avgGapBuy:3400.01700000 
11:24:04.937806>  DevBUY (-): 377.48300000 avgGapBuy:3400.01700000 
11:24:36.061877>  DevBUY (-): 195.11300000 avgGapBuy:3579.82700000 
11:24:36.330877>  DevBUY (+): 214.11300000 avgGapBuy:3579.82700000 
11:24:36.842012>  DevBUY (+): 227.51300000 avgGapBuy:3579.82700000 
11:24:37.939441>  DevBUY (-): 196.12300000 avgGapBuy:3579.82700000 
11:24:39.938615>  DevBUY (-): 198.41300000 avgGapBuy:3579.82700000 
11:24:45.939855>  DevBUY (-): 201.09050000 avgGapBuy:3591.83950000 
11:25:36.073269>  DevBUY (+): 184.44400000 avgGapBuy:3576.91600000 
11:25:36.940937>  DevBUY (-): 184.45400000 avgGapBuy:3576.91600000 
11:25:37.940688>  DevBUY (-): 199.26400000 avgGapBuy:3576.91600000 
11:25:38.946205>  DevBUY (-): 208.86400000 avgGapBuy:3576.91600000 
11:25:39.940357>  DevBUY (-): 227.17400000 avgGapBuy:3576.91600000 
11:25:40.940584>  DevBUY (-): 233.57400000 avgGapBuy:3576.91600000 
11:25:43.941318>  DevBUY (-): 247.60800000 avgGapBuy:3580.48200000 
11:25:44.061325>  DevBUY (+): 242.60800000 avgGapBuy:3580.48200000 
11:25:51.074633>  DevBUY (-): 183.52550000 avgGapBuy:3611.57450000 
11:25:51.298641>  DevBUY (+): 168.82550000 avgGapBuy:3611.57450000 
11:25:52.844621>  DevBUY (+): 176.91550000 avgGapBuy:3611.57450000 
11:25:52.942625>  DevBUY (-): 184.90550000 avgGapBuy:3611.57450000 
11:25:53.343653>  DevBUY (+): 185.00550000 avgGapBuy:3611.57450000 
11:25:53.879027>  DevBUY (+): 188.50550000 avgGapBuy:3611.57450000 
11:25:54.399213>  DevBUY (+): 191.88550000 avgGapBuy:3611.57450000 
11:25:56.941238>  DevBUY (-): 201.60000000 avgGapBuy:3602.28000000 
11:25:57.065257>  DevBUY (+): 196.30000000 avgGapBuy:3602.28000000 
11:25:58.955191>  DevBUY (-): 208.71000000 avgGapBuy:3602.28000000 
11:25:59.295945>  DevBUY (+): 212.41000000 avgGapBuy:3602.28000000 
11:25:59.942759>  DevBUY (-): 219.31000000 avgGapBuy:3602.28000000 
11:26:00.941092>  DevBUY (-): 220.41000000 avgGapBuy:3602.28000000 
11:28:11.102740>  DevBUY (+): 188.00000000 avgGapBuy:3612.54000000 
11:28:11.946473>  DevBUY (-): 185.54000000 avgGapBuy:3612.54000000 
11:28:13.310952>  DevBUY (+): 204.94000000 avgGapBuy:3612.54000000 
11:28:13.854115>  DevBUY (+): 205.04000000 avgGapBuy:3612.54000000 
11:28:13.946130>  DevBUY (-): 187.33000000 avgGapBuy:3612.54000000 
11:28:15.947830>  DevBUY (-): 189.66000000 avgGapBuy:3612.54000000 
11:28:21.104441>  DevBUY (+): 190.28050000 avgGapBuy:3616.49950000 
11:28:21.583285>  DevBUY (+): 196.28050000 avgGapBuy:3616.49950000 
11:28:21.948363>  DevBUY (-): 194.69050000 avgGapBuy:3616.49950000 
11:28:22.622707>  DevBUY (+): 201.89050000 avgGapBuy:3616.49950000 
11:28:23.669082>  DevBUY (+): 205.10050000 avgGapBuy:3616.49950000 
11:28:29.947307>  DevBUY (-): 205.57500000 avgGapBuy:3617.51500000 
11:28:30.180319>  DevBUY (+): 206.27500000 avgGapBuy:3617.51500000 
11:29:26.115991>  DevBUY (-): 194.67650000 avgGapBuy:3618.82350000 
11:29:26.324693>  DevBUY (+): 200.87650000 avgGapBuy:3618.82350000 
11:30:16.125652>  DevBUY (-): 177.01900000 avgGapBuy:3613.77100000 
11:30:16.952291>  DevBUY (-): 182.52900000 avgGapBuy:3613.77100000 
11:30:17.635606>  DevBUY (+): 197.42900000 avgGapBuy:3613.77100000 
11:30:21.126411>  DevBUY (-): 184.30100000 avgGapBuy:3608.95900000 
11:30:21.953736>  DevBUY (-): 192.73100000 avgGapBuy:3608.95900000 
11:31:51.143263>  DevBUY (+): 175.49000000 avgGapBuy:3589.68000000 
11:31:51.955902>  DevBUY (-): 181.02000000 avgGapBuy:3589.68000000 
11:31:52.153912>  DevBUY (+): 185.62000000 avgGapBuy:3589.68000000 
11:31:53.721705>  DevBUY (+): 198.22000000 avgGapBuy:3589.68000000 
11:31:53.959717>  DevBUY (-): 188.13000000 avgGapBuy:3589.68000000 
11:31:56.144945>  DevBUY (-): 190.06400000 avgGapBuy:3586.76600000 
11:32:01.145151>  DevBUY (+): 379.48200000 avgGapBuy:3398.91800000 
11:32:01.506172>  DevBUY (+): 389.68200000 avgGapBuy:3398.91800000 
11:32:01.956170>  DevBUY (-): 382.36200000 avgGapBuy:3398.91800000 
11:32:03.097108>  DevBUY (+): 391.66200000 avgGapBuy:3398.91800000 
11:32:03.956133>  DevBUY (-): 383.68200000 avgGapBuy:3398.91800000 
11:32:31.149427>  DevBUY (-): 180.54050000 avgGapBuy:3588.74950000 
11:32:31.427570>  DevBUY (+): 193.34050000 avgGapBuy:3588.74950000 
11:32:31.938867>  DevBUY (+): 193.94050000 avgGapBuy:3588.74950000 
11:32:31.956867>  DevBUY (-): 184.79050000 avgGapBuy:3588.74950000 
11:32:34.957250>  DevBUY (-): 185.54050000 avgGapBuy:3588.74950000 
11:32:35.956671>  DevBUY (-): 185.94050000 avgGapBuy:3588.74950000 
11:32:36.564954>  DevBUY (+): 195.87700000 avgGapBuy:3588.01300000 
11:32:36.956833>  DevBUY (-): 187.47700000 avgGapBuy:3588.01300000 
11:32:39.957505>  DevBUY (-): 188.78700000 avgGapBuy:3588.01300000 
11:32:40.661840>  DevBUY (+): 197.18700000 avgGapBuy:3588.01300000 
11:32:56.155293>  DevBUY (-): 187.21250000 avgGapBuy:3590.42750000 
11:32:56.574332>  DevBUY (+): 207.51250000 avgGapBuy:3590.42750000 
11:32:56.961627>  DevBUY (-): 195.63250000 avgGapBuy:3590.42750000 
11:33:01.961499>  DevBUY (-): 196.58600000 avgGapBuy:3590.80400000 
11:33:31.160861>  DevBUY (+): 378.15450000 avgGapBuy:3399.05550000 
11:33:32.070418>  DevBUY (+): 381.55450000 avgGapBuy:3399.05550000 
11:33:32.965035>  DevBUY (-): 376.84450000 avgGapBuy:3399.05550000 
11:33:34.117416>  DevBUY (+): 381.84450000 avgGapBuy:3399.05550000 
11:33:34.748136>  DevBUY (+): 388.94450000 avgGapBuy:3399.05550000 
11:33:34.965148>  DevBUY (-): 385.10450000 avgGapBuy:3399.05550000 
11:34:26.168228>  DevBUY (-): 189.89900000 avgGapBuy:3578.03100000 
11:34:26.433233>  DevBUY (+): 183.09900000 avgGapBuy:3578.03100000 
11:34:26.914963>  DevBUY (+): 200.39900000 avgGapBuy:3578.03100000 
11:34:26.970961>  DevBUY (-): 190.84900000 avgGapBuy:3578.03100000 
11:34:28.937730>  DevBUY (+): 206.05900000 avgGapBuy:3578.03100000 
11:34:28.966731>  DevBUY (-): 194.66900000 avgGapBuy:3578.03100000 
11:34:56.171634>  DevBUY (+): 190.07000000 avgGapBuy:3577.23000000 
11:34:58.200395>  DevBUY (+): 198.87000000 avgGapBuy:3577.23000000 
11:34:58.738510>  DevBUY (+): 208.67000000 avgGapBuy:3577.23000000 
11:34:58.968512>  DevBUY (-): 190.41000000 avgGapBuy:3577.23000000 
11:34:59.966678>  DevBUY (-): 196.17000000 avgGapBuy:3577.23000000 
11:35:16.173654>  DevBUY (+): 193.10900000 avgGapBuy:3583.29100000 
11:35:16.967505>  DevBUY (-): 198.48900000 avgGapBuy:3583.29100000 
11:35:18.230683>  DevBUY (+): 206.60900000 avgGapBuy:3583.29100000 
11:35:18.719456>  DevBUY (+): 210.30900000 avgGapBuy:3583.29100000 
11:35:26.173989>  DevBUY (-): 186.90950000 avgGapBuy:3584.59050000 
11:35:26.318989>  DevBUY (+): 193.00950000 avgGapBuy:3584.59050000 
11:35:26.968494>  DevBUY (-): 190.04950000 avgGapBuy:3584.59050000 
11:35:36.970304>  DevBUY (-): 190.42500000 avgGapBuy:3575.45500000 
11:35:38.969973>  DevBUY (-): 192.29500000 avgGapBuy:3575.45500000 
11:35:39.737624>  DevBUY (+): 203.79500000 avgGapBuy:3575.45500000 
11:35:39.968626>  DevBUY (-): 194.03500000 avgGapBuy:3575.45500000 
11:35:56.177254>  DevBUY (-): 183.26500000 avgGapBuy:3584.66500000 
11:35:56.281256>  DevBUY (+): 196.66500000 avgGapBuy:3584.66500000 
11:35:56.969906>  DevBUY (-): 194.26500000 avgGapBuy:3584.66500000 
11:35:59.969924>  DevBUY (-): 194.62500000 avgGapBuy:3584.66500000 
11:36:03.077857>  DevBUY (+): 200.03700000 avgGapBuy:3582.66300000 
11:36:03.587294>  DevBUY (+): 206.73700000 avgGapBuy:3582.66300000 
11:36:11.178489>  DevBUY (+): 187.57450000 avgGapBuy:3582.31550000 
11:36:11.960105>  DevBUY (+): 193.07450000 avgGapBuy:3582.31550000 
11:36:12.970613>  DevBUY (-): 181.79450000 avgGapBuy:3582.31550000 
11:36:13.017617>  DevBUY (+): 194.99450000 avgGapBuy:3582.31550000 
11:36:13.543216>  DevBUY (+): 208.89450000 avgGapBuy:3582.31550000 
11:36:13.970190>  DevBUY (-): 193.65450000 avgGapBuy:3582.31550000 
11:36:15.971490>  DevBUY (-): 195.21450000 avgGapBuy:3582.31550000 
11:36:17.654582>  DevBUY (+): 209.49050000 avgGapBuy:3581.91950000 
11:36:17.970601>  DevBUY (-): 198.17050000 avgGapBuy:3581.91950000 
11:36:31.179689>  DevBUY (+): 206.45850000 avgGapBuy:3583.44150000 
11:36:31.659131>  DevBUY (+): 207.15850000 avgGapBuy:3583.44150000 
11:36:31.971133>  DevBUY (-): 193.25850000 avgGapBuy:3583.44150000 
11:36:33.970782>  DevBUY (-): 199.69850000 avgGapBuy:3583.44150000 
11:36:51.183403>  DevBUY (-): 199.31800000 avgGapBuy:3581.16200000 
11:36:51.378780>  DevBUY (+): 198.81800000 avgGapBuy:3581.16200000 
11:37:01.184368>  DevBUY (+): 182.23100000 avgGapBuy:3581.64900000 
11:37:01.576369>  DevBUY (+): 185.63100000 avgGapBuy:3581.64900000 
11:37:01.975194>  DevBUY (-): 189.64100000 avgGapBuy:3581.64900000 
11:37:02.071199>  DevBUY (+): 188.74100000 avgGapBuy:3581.64900000 
11:37:02.653208>  DevBUY (+): 189.64100000 avgGapBuy:3581.64900000 
11:37:04.707690>  DevBUY (+): 209.34100000 avgGapBuy:3581.64900000 
11:37:04.972645>  DevBUY (-): 193.85100000 avgGapBuy:3581.64900000 
11:37:05.972207>  DevBUY (-): 195.94100000 avgGapBuy:3581.64900000 
11:37:11.185885>  DevBUY (+): 182.92150000 avgGapBuy:3582.87850000 
11:37:11.971891>  DevBUY (-): 184.16150000 avgGapBuy:3582.87850000 
11:37:12.074888>  DevBUY (+): 189.86150000 avgGapBuy:3582.87850000 
11:37:12.587015>  DevBUY (+): 191.46150000 avgGapBuy:3582.87850000 
11:37:13.087664>  DevBUY (+): 194.66150000 avgGapBuy:3582.87850000 
11:37:15.141958>  DevBUY (+): 196.26150000 avgGapBuy:3582.87850000 
11:37:16.186128>  DevBUY (+): 197.10450000 avgGapBuy:3582.03550000 
11:37:18.925646>  DevBUY (+): 216.80450000 avgGapBuy:3582.03550000 
11:37:18.971654>  DevBUY (-): 196.86450000 avgGapBuy:3582.03550000 
11:37:20.972573>  DevBUY (-): 217.56450000 avgGapBuy:3582.03550000 
11:37:26.189081>  DevBUY (+): 368.71500000 avgGapBuy:3394.57500000 
11:37:26.972234>  DevBUY (-): 376.72500000 avgGapBuy:3394.57500000 
11:37:27.164246>  DevBUY (+): 370.02500000 avgGapBuy:3394.57500000 
11:37:29.202459>  DevBUY (+): 372.62500000 avgGapBuy:3394.57500000 
11:37:30.218245>  DevBUY (+): 380.50500000 avgGapBuy:3394.57500000 
11:38:16.196580>  DevBUY (+): 194.44650000 avgGapBuy:3574.35350000 
11:38:16.654390>  DevBUY (+): 201.74650000 avgGapBuy:3574.35350000 
11:38:16.974408>  DevBUY (-): 185.82650000 avgGapBuy:3574.35350000 
11:38:19.975446>  DevBUY (-): 186.53650000 avgGapBuy:3574.35350000 
11:38:21.197194>  DevBUY (-): 187.17400000 avgGapBuy:3571.72600000 
11:38:22.866039>  DevBUY (+): 206.57400000 avgGapBuy:3571.72600000 
11:38:22.976046>  DevBUY (-): 198.57400000 avgGapBuy:3571.72600000 
11:38:24.923918>  DevBUY (+): 213.87400000 avgGapBuy:3571.72600000 
11:38:46.199635>  DevBUY (+): 188.27000000 avgGapBuy:3579.72000000 
11:38:46.973018>  DevBUY (-): 179.17000000 avgGapBuy:3579.72000000 
11:38:49.973653>  DevBUY (-): 179.64000000 avgGapBuy:3579.72000000 
11:38:50.980680>  DevBUY (-): 182.77000000 avgGapBuy:3579.72000000 
11:38:51.199695>  DevBUY (-): 193.16050000 avgGapBuy:3569.32950000 
11:38:51.341701>  DevBUY (+): 189.36050000 avgGapBuy:3569.32950000 
11:38:54.526597>  DevBUY (+): 195.16050000 avgGapBuy:3569.32950000 
11:38:56.673909>  DevBUY (+): 203.29700000 avgGapBuy:3568.79300000 
11:38:56.975801>  DevBUY (-): 193.30700000 avgGapBuy:3568.79300000 
11:38:57.690569>  DevBUY (+): 203.30700000 avgGapBuy:3568.79300000 
11:39:11.201570>  DevBUY (-): 194.79350000 avgGapBuy:3574.19650000 
11:39:11.263563>  DevBUY (+): 184.89350000 avgGapBuy:3574.19650000 
11:39:13.374684>  DevBUY (+): 193.52350000 avgGapBuy:3574.19650000 
11:39:31.205767>  DevBUY (-): 181.70950000 avgGapBuy:3571.17050000 
11:39:31.394777>  DevBUY (+): 178.50950000 avgGapBuy:3571.17050000 
11:39:31.919499>  DevBUY (+): 191.30950000 avgGapBuy:3571.17050000 
11:39:31.976502>  DevBUY (-): 191.31950000 avgGapBuy:3571.17050000 
11:39:32.430852>  DevBUY (+): 192.21950000 avgGapBuy:3571.17050000 
11:39:32.954345>  DevBUY (+): 198.01950000 avgGapBuy:3571.17050000 
11:39:34.975724>  DevBUY (-): 194.00950000 avgGapBuy:3571.17050000 
11:39:38.710676>  DevBUY (+): 198.80350000 avgGapBuy:3568.38650000 
11:39:39.980371>  DevBUY (-): 199.60350000 avgGapBuy:3568.38650000 
11:39:40.224384>  DevBUY (+): 199.20350000 avgGapBuy:3568.38650000 
11:39:40.976388>  DevBUY (-): 230.60350000 avgGapBuy:3568.38650000 
11:40:51.238911>  DevBUY (-): 183.36800000 avgGapBuy:3609.88200000 
11:40:51.889391>  DevBUY (+): 189.76800000 avgGapBuy:3609.88200000 
11:40:51.977392>  DevBUY (-): 190.15800000 avgGapBuy:3609.88200000 
11:40:52.379976>  DevBUY (+): 190.45800000 avgGapBuy:3609.88200000 
11:40:53.425133>  DevBUY (+): 195.11800000 avgGapBuy:3609.88200000 
11:40:55.978505>  DevBUY (-): 202.42800000 avgGapBuy:3609.88200000 
11:40:56.240512>  DevBUY (-): 207.87650000 avgGapBuy:3604.43350000 
11:40:56.507536>  DevBUY (+): 214.57650000 avgGapBuy:3604.43350000 
11:40:56.979286>  DevBUY (-): 211.59650000 avgGapBuy:3604.43350000 
11:41:00.680227>  DevBUY (+): 219.40650000 avgGapBuy:3604.43350000 
11:41:26.246925>  DevBUY (-): 370.96600000 avgGapBuy:3435.73400000 
11:41:26.331927>  DevBUY (+): 363.06600000 avgGapBuy:3435.73400000 
11:41:27.981130>  DevBUY (-): 374.45600000 avgGapBuy:3435.73400000 
11:41:27.996131>  DevBUY (+): 371.55600000 avgGapBuy:3435.73400000 
11:41:28.497002>  DevBUY (+): 379.05600000 avgGapBuy:3435.73400000 
11:41:28.981636>  DevBUY (-): 375.75600000 avgGapBuy:3435.73400000 
11:41:29.980146>  DevBUY (-): 378.75600000 avgGapBuy:3435.73400000 
11:42:26.260827>  DevBUY (+): 193.23900000 avgGapBuy:3605.13100000 
11:42:26.984824>  DevBUY (-): 182.10900000 avgGapBuy:3605.13100000 
11:42:27.158029>  DevBUY (+): 202.50900000 avgGapBuy:3605.13100000 
11:42:27.662094>  DevBUY (+): 216.10900000 avgGapBuy:3605.13100000 
11:42:27.984675>  DevBUY (-): 195.61900000 avgGapBuy:3605.13100000 
11:43:31.270046>  DevBUY (-): 183.17400000 avgGapBuy:3600.92600000 
11:43:31.276036>  DevBUY (+): 190.67400000 avgGapBuy:3600.92600000 
11:43:31.758111>  DevBUY (+): 205.87400000 avgGapBuy:3600.92600000 
11:43:31.989023>  DevBUY (-): 194.13400000 avgGapBuy:3600.92600000 
11:43:32.989899>  DevBUY (-): 194.76400000 avgGapBuy:3600.92600000 
11:43:38.988061>  DevBUY (-): 194.82400000 avgGapBuy:3597.61600000 
11:43:40.988134>  DevBUY (-): 196.09400000 avgGapBuy:3597.61600000 
11:44:01.274677>  DevBUY (-): 188.52000000 avgGapBuy:3596.18000000 
11:44:01.334661>  DevBUY (+): 188.02000000 avgGapBuy:3596.18000000 
11:44:01.834442>  DevBUY (+): 192.32000000 avgGapBuy:3596.18000000 
11:44:02.332231>  DevBUY (+): 205.32000000 avgGapBuy:3596.18000000 
11:44:04.990185>  DevBUY (-): 195.13000000 avgGapBuy:3596.18000000 
11:44:08.532939>  DevBUY (+): 210.75200000 avgGapBuy:3597.75800000 
11:44:31.278330>  DevBUY (+): 183.07700000 avgGapBuy:3603.89300000 
11:44:31.685219>  DevBUY (+): 190.37700000 avgGapBuy:3603.89300000 
11:44:32.199076>  DevBUY (+): 190.57700000 avgGapBuy:3603.89300000 
11:44:32.992154>  DevBUY (-): 188.70700000 avgGapBuy:3603.89300000 
11:44:34.393743>  DevBUY (+): 194.00700000 avgGapBuy:3603.89300000 
11:44:34.997652>  DevBUY (-): 189.81700000 avgGapBuy:3603.89300000 
11:44:35.998813>  DevBUY (-): 196.39700000 avgGapBuy:3603.89300000 
11:45:21.289460>  DevBUY (+): 189.91650000 avgGapBuy:3598.58350000 
11:45:22.999896>  DevBUY (-): 188.79650000 avgGapBuy:3598.58350000 
11:45:24.342584>  DevBUY (+): 191.71650000 avgGapBuy:3598.58350000 
11:45:25.870595>  DevBUY (+): 197.71650000 avgGapBuy:3598.58350000 
11:45:25.999602>  DevBUY (-): 193.14650000 avgGapBuy:3598.58350000 
11:45:26.995958>  DevBUY (+): 226.84600000 avgGapBuy:3599.08400000 
11:45:26.999958>  DevBUY (-): 200.22600000 avgGapBuy:3599.08400000 
11:45:27.999194>  DevBUY (-): 200.51600000 avgGapBuy:3599.08400000 
11:45:41.293249>  DevBUY (+): 180.64750000 avgGapBuy:3602.77250000 
11:45:41.641256>  DevBUY (+): 186.84750000 avgGapBuy:3602.77250000 
11:45:42.000018>  DevBUY (-): 190.39750000 avgGapBuy:3602.77250000 
11:45:42.699251>  DevBUY (+): 190.29750000 avgGapBuy:3602.77250000 
11:45:43.193893>  DevBUY (+): 190.49750000 avgGapBuy:3602.77250000 
11:45:47.000857>  DevBUY (-): 191.51000000 avgGapBuy:3600.96000000 
11:45:47.563285>  DevBUY (+): 194.31000000 avgGapBuy:3600.96000000 
11:45:50.306348>  DevBUY (+): 200.61000000 avgGapBuy:3600.96000000 
11:46:26.303587>  DevBUY (+): 198.65150000 avgGapBuy:3596.04850000 
11:46:27.002737>  DevBUY (-): 200.14150000 avgGapBuy:3596.04850000 
11:46:32.762764>  DevBUY (+): 207.43050000 avgGapBuy:3602.16950000 
11:46:33.775611>  DevBUY (+): 216.63050000 avgGapBuy:3602.16950000 
11:48:26.323035>  DevBUY (+): 192.60450000 avgGapBuy:3538.26550000 
11:48:27.009893>  DevBUY (-): 191.98450000 avgGapBuy:3538.26550000 
11:48:30.372122>  DevBUY (+): 194.21450000 avgGapBuy:3538.26550000 
11:48:30.896829>  DevBUY (+): 208.51450000 avgGapBuy:3538.26550000 
11:48:31.006836>  DevBUY (-): 194.28450000 avgGapBuy:3538.26550000 
11:49:11.334376>  DevBUY (+): 192.04400000 avgGapBuy:3540.99600000 
11:49:13.011119>  DevBUY (-): 181.29400000 avgGapBuy:3540.99600000 
11:49:14.011620>  DevBUY (-): 187.62400000 avgGapBuy:3540.99600000 
11:49:19.012054>  DevBUY (-): 195.92150000 avgGapBuy:3538.32850000 
11:49:19.720254>  DevBUY (+): 192.62150000 avgGapBuy:3538.32850000 
11:49:20.752981>  DevBUY (+): 207.12150000 avgGapBuy:3538.32850000 
11:49:51.342991>  DevBUY (+): 191.65250000 avgGapBuy:3539.59750000 
11:49:51.766835>  DevBUY (+): 192.45250000 avgGapBuy:3539.59750000 
11:49:58.015499>  DevBUY (-): 174.71450000 avgGapBuy:3542.87550000 
11:49:59.014021>  DevBUY (-): 183.03450000 avgGapBuy:3542.87550000 
11:50:51.353952>  DevBUY (-): 178.34900000 avgGapBuy:3558.02100000 
11:50:51.513955>  DevBUY (+): 185.44900000 avgGapBuy:3558.02100000 
11:50:52.017740>  DevBUY (-): 183.47900000 avgGapBuy:3558.02100000 
11:50:53.639456>  DevBUY (+): 198.03900000 avgGapBuy:3558.02100000 
11:50:54.016911>  DevBUY (-): 184.63900000 avgGapBuy:3558.02100000 
11:51:11.358112>  DevBUY (+): 182.31400000 avgGapBuy:3549.91600000 
11:51:11.605119>  DevBUY (+): 184.71400000 avgGapBuy:3549.91600000 
11:51:13.719631>  DevBUY (+): 191.11400000 avgGapBuy:3549.91600000 
11:51:14.019645>  DevBUY (-): 186.59400000 avgGapBuy:3549.91600000 
11:51:14.256656>  DevBUY (+): 194.69400000 avgGapBuy:3549.91600000 
11:51:15.019931>  DevBUY (-): 191.11400000 avgGapBuy:3549.91600000 
11:51:15.797344>  DevBUY (+): 204.51400000 avgGapBuy:3549.91600000 
11:51:18.019800>  DevBUY (-): 193.97200000 avgGapBuy:3552.52800000 
11:51:56.365095>  DevBUY (-): 187.32950000 avgGapBuy:3549.66050000 
11:51:56.394083>  DevBUY (+): 175.12950000 avgGapBuy:3549.66050000 
11:51:56.938116>  DevBUY (+): 187.32950000 avgGapBuy:3549.66050000 
11:51:57.023120>  DevBUY (-): 194.03950000 avgGapBuy:3549.66050000 
11:51:57.939969>  DevBUY (+): 193.63950000 avgGapBuy:3549.66050000 
11:52:07.022488>  DevBUY (-): 195.89050000 avgGapBuy:3548.78950000 
11:52:07.593997>  DevBUY (+): 195.89050000 avgGapBuy:3548.78950000 
11:52:31.370740>  DevBUY (+): 188.26600000 avgGapBuy:3554.82400000 
11:52:31.956181>  DevBUY (+): 193.06600000 avgGapBuy:3554.82400000 
11:52:32.028186>  DevBUY (-): 188.47600000 avgGapBuy:3554.82400000 
11:52:33.024907>  DevBUY (-): 190.46600000 avgGapBuy:3554.82400000 
11:52:38.025153>  DevBUY (-): 192.02350000 avgGapBuy:3556.84650000 
11:52:39.941907>  DevBUY (+): 195.95350000 avgGapBuy:3556.84650000 
11:52:40.976353>  DevBUY (+): 198.50350000 avgGapBuy:3556.84650000 
11:53:26.391839>  DevBUY (+): 183.22900000 avgGapBuy:3558.57100000 
11:53:26.903869>  DevBUY (+): 183.32900000 avgGapBuy:3558.57100000 
11:53:27.962558>  DevBUY (+): 183.62900000 avgGapBuy:3558.57100000 
11:53:28.028563>  DevBUY (-): 188.71900000 avgGapBuy:3558.57100000 
11:53:29.063000>  DevBUY (+): 188.81900000 avgGapBuy:3558.57100000 
11:53:30.728145>  DevBUY (+): 194.92900000 avgGapBuy:3558.57100000 
11:54:01.398956>  DevBUY (-): 379.25200000 avgGapBuy:3374.94800000 
11:54:01.803210>  DevBUY (+): 385.95200000 avgGapBuy:3374.94800000 
11:54:04.030427>  DevBUY (-): 381.08200000 avgGapBuy:3374.94800000 
11:54:05.221645>  DevBUY (+): 395.97200000 avgGapBuy:3374.94800000 
11:54:06.030567>  DevBUY (-): 383.64200000 avgGapBuy:3374.94800000 
11:54:09.282672>  DevBUY (+): 406.24950000 avgGapBuy:3375.69050000 
11:54:10.029667>  DevBUY (-): 388.62950000 avgGapBuy:3375.69050000 
11:54:41.407155>  DevBUY (+): 193.58150000 avgGapBuy:3563.08850000 
11:54:42.034092>  DevBUY (-): 178.93150000 avgGapBuy:3563.08850000 
11:54:42.833108>  DevBUY (+): 208.93150000 avgGapBuy:3563.08850000 
11:54:43.032110>  DevBUY (-): 189.24150000 avgGapBuy:3563.08850000 
11:54:44.031815>  DevBUY (-): 189.53150000 avgGapBuy:3563.08850000 
11:54:45.032701>  DevBUY (-): 197.62150000 avgGapBuy:3563.08850000 
11:55:21.418779>  DevBUY (+): 194.12200000 avgGapBuy:3568.57800000 
11:55:21.657789>  DevBUY (+): 204.72200000 avgGapBuy:3568.57800000 
11:55:22.034265>  DevBUY (-): 194.87200000 avgGapBuy:3568.57800000 
11:55:23.035222>  DevBUY (-): 204.01200000 avgGapBuy:3568.57800000 
11:55:23.739315>  DevBUY (+): 207.71200000 avgGapBuy:3568.57800000 
