12:22:27.289639> WebSocket connected! Start @depth [Future] process...
12:22:27.289639> Lenta has started...Start SubscribeToAggTradeStream @aggTrade [future] process...
12:22:27.316641> WebSocket connected! Start Partial @depth20 [MARGIN] process...
12:22:27.327640> WebSocket connected! Start Partial @depth20 [Future] process...
12:22:27.613675> WebSocket connected! Start Partial @depth20 [MARGIN] process...
12:22:27.648661> Binance - Vxxv1AWf[MARGIN] MARGIN Balance: 0.85708695 USDT
12:22:28.068702> WebSocket connected! Start @depth [Future] process...
12:22:28.071694> WebSocket connected! Start Partial @depth20 [Future] process...
12:22:28.159689> Lenta has started...Start SubscribeToAggTradeStream @aggTrade [future] process...
12:22:28.594784> BinanceFuture - Vxxv1AWf[USD_M] USD_M Balance: 537.61470948 USDT
13:12:52.349408> Try Open Sell Pos, deviationSell: 6.11100000 Ask: 66983.00
13:12:52.349408> Support: 66982.9 VolS:1.086 Resistence: 66983 VolR:4.711
13:12:52.619410> [1Leg]: Sell OK BTCUSDT at 66983.0000;Gap=6.11100000;Price=66983.0000;Slippage=0.0;Execution=265.014 ms;
13:12:52.619410> Elapsted Open Sell (1Leg)
13:20:28.489611> Try Close Sell Pos, deviationBuy: -5.51100000 Bid: 66880.60
13:20:28.490610> Support: 66878.7 VolS:1.12 Resistence: 66880.7 VolR:7.19
13:20:28.490610> Ask1: 66880.70 Vol:7.190 Bid1: 66880.60 Vol:0.350
13:20:28.490610> Ask2: 66874.01000000 Vol:8.88944000 Bid2: 66874.00000000 Vol:0.40868000
13:20:28.789629> [1Leg]: Buy OK BTCUSDT at 66880.6000;Gap=6.69000000;Price=66880.7000;Slippage=0.1;Execution=298.018 ms;
13:20:28.789629> Close Sell Pos 
13:20:31.001472> Try Close Sell Pos, deviationBuy: 1.01150000 Bid: 66869.20
13:20:31.002470> Support: 66869.2 VolS:1.993 Resistence: 66869.3 VolR:13.24
13:20:31.002470> Ask1: 66869.30 Vol:13.240 Bid1: 66869.20 Vol:1.993
13:20:31.002470> Ask2: 66856.01000000 Vol:1.77444000 Bid2: 66856.00000000 Vol:4.44835000
13:20:32.069011> [1Leg]: Buy OK BTCUSDT at 66869.2000;Gap=13.29000000;Price=66872.1000;Slippage=2.9;Execution=1066.541 ms;
13:20:32.070010> Close Sell Pos 
13:37:20.985416> Try Close Buy Pos
13:37:20.988401> Support: 66975 VolS:0.786 Resistence: 66977.3 VolR:5.572
13:37:20.988401> Ask1: 66977.30 Vol:5.572 Bid1: 66975.50 Vol:0.073
13:37:20.988401> Ask2: 66953.48000000 Vol:0.00009000 Bid2: 66953.47000000 Vol:0.59824000
13:37:21.349423> [1Leg]: Sell OK BTCUSDT at 66977.3000;Gap=22.03000000;Price=66977.3000;Slippage=0.0;Execution=360.021 ms;
13:37:21.349423> Close Buy Pos 
13:37:21.409424> Try Close Buy Pos
13:37:21.409424> Support: 66975 VolS:0.786 Resistence: 66977.3 VolR:5.572
13:37:21.410425> Ask1: 66977.30 Vol:5.572 Bid1: 66975.50 Vol:0.073
13:37:21.410425> Ask2: 66953.62000000 Vol:2.48733000 Bid2: 66953.61000000 Vol:4.55996000
13:37:22.566884> [1Leg]: Sell OK BTCUSDT at 66977.3000;Gap=21.89000000;Price=67011.0000;Slippage=33.7;Execution=1156.459 ms;
13:37:22.566884> Close Buy Pos 
13:37:26.000350> Try Close Buy Pos
13:37:26.001422> Support: 66997.8 VolS:1.121 Resistence: 66997.9 VolR:10.174
13:37:26.002348> Ask1: 66997.90 Vol:10.174 Bid1: 66997.80 Vol:1.121
13:37:26.002348> Ask2: 66978.01000000 Vol:8.48837000 Bid2: 66978.00000000 Vol:0.15353000
13:37:26.284363> [1Leg]: Sell OK BTCUSDT at 66997.9000;Gap=19.80000000;Price=67005.6000;Slippage=7.7;Execution=282.015 ms;
13:37:26.291364> Close Buy Pos 
13:37:31.000133> Try Close Sell Pos, deviationBuy: -1.50450000 Bid: 67010.40
13:37:31.001120> Support: 67010.4 VolS:2.473 Resistence: 67010.5 VolR:3.459
13:37:31.002121> Ask1: 67010.50 Vol:3.459 Bid1: 67010.40 Vol:2.473
13:37:31.002121> Ask2: 66987.26000000 Vol:2.42274000 Bid2: 66987.25000000 Vol:1.92926000
13:37:31.257133> [1Leg]: Buy OK BTCUSDT at 67010.4000;Gap=23.24000000;Price=67018.8000;Slippage=8.4;Execution=255.013 ms;
13:37:31.258135> Close Sell Pos 
13:37:36.001591> Try Close Sell Pos, deviationBuy: 8.66550000 Bid: 67016.00
13:37:36.010588> Support: 67016 VolS:1.515 Resistence: 67016.1 VolR:5.816
13:37:36.040595> Ask1: 67016.10 Vol:5.816 Bid1: 67016.00 Vol:1.515
13:37:36.040595> Ask2: 66987.47000000 Vol:0.90192000 Bid2: 66987.46000000 Vol:5.23874000
13:37:36.295642> [1Leg]: Buy OK BTCUSDT at 67016.0000;Gap=28.63000000;Price=67016.1000;Slippage=0.1;Execution=255.047 ms;
13:37:36.296606> Close Sell Pos 
13:37:41.004974> Try Close Sell Pos, deviationBuy: -8.05850000 Bid: 67016.00
13:37:41.005972> Support: 67010.2 VolS:1.121 Resistence: 67016.1 VolR:12.266
13:37:41.005972> Ask1: 67016.10 Vol:12.266 Bid1: 67016.00 Vol:0.221
13:37:41.005972> Ask2: 67000.00000000 Vol:0.89153000 Bid2: 66994.32000000 Vol:0.07000000
13:37:41.274996> [1Leg]: Buy OK BTCUSDT at 67016.0000;Gap=16.10000000;Price=67027.5000;Slippage=11.5;Execution=269.024 ms;
13:37:41.275986> Close Sell Pos 
14:02:07.580072> Try Open BuyLimit, Bid: 67000.90 Ask:  67001.00
14:02:07.596074> Support: 67000 VolS:4.826 Resistence: 67001 VolR:22.672
14:02:07.897091> [1Leg]: Buy OK BTCUSDT at 67000.9000;Gap=-5.08300000;Price=67001.0000;Slippage=0.1;Execution=301.017 ms;
14:02:07.897091> Elapsted Open BuyLimit 
14:02:34.523818> Try Open BuyLimit, Bid: 66939.40 Ask:  66939.50
14:02:34.524819> Support: 66938.8 VolS:2.936 Resistence: 66939.9 VolR:2.086
14:02:34.800840> [1Leg]: Buy OK BTCUSDT at 66939.4000;Gap=-28.03600000;Price=66939.5000;Slippage=0.1;Execution=276.021 ms;
14:02:34.802879> Elapsted Open BuyLimit 
14:08:28.662355> Try Open BuyLimit, Bid: 66888.00 Ask:  66888.10
14:08:28.663356> Support: 66886.1 VolS:0.462 Resistence: 66888.1 VolR:7.696
14:08:28.935369> [1Leg]: Buy OK BTCUSDT at 66888.0000;Gap=-11.76400000;Price=66888.1000;Slippage=0.1;Execution=272.013 ms;
14:08:28.936370> Elapsted Open BuyLimit 
14:10:30.111827> Try Close Buy Pos
14:10:30.116827> Support: 67063.2 VolS:8.62 Resistence: 67063.8 VolR:1.919
14:10:30.117830> Ask1: 67063.30 Vol:1.191 Bid1: 67063.20 Vol:8.620
14:10:30.117830> Ask2: 67033.34000000 Vol:0.53259000 Bid2: 67033.33000000 Vol:5.92781000
14:10:30.376842> [1Leg]: Sell OK BTCUSDT at 67063.3000;Gap=29.87000000;Price=67063.3000;Slippage=0.0;Execution=258.015 ms;
14:10:30.377842> Close Buy Pos 
14:10:30.378851> Try Close Buy Pos
14:10:30.378851> Support: 67063.2 VolS:8.62 Resistence: 67063.8 VolR:1.919
14:10:30.378851> Ask1: 67063.30 Vol:1.191 Bid1: 67063.20 Vol:8.620
14:10:30.378851> Ask2: 67033.34000000 Vol:0.23579000 Bid2: 67033.33000000 Vol:5.93480000
14:10:30.655857> [1Leg]: Sell OK BTCUSDT at 67063.3000;Gap=29.87000000;Price=67063.3000;Slippage=0.0;Execution=276.016 ms;
14:10:30.655857> Close Buy Pos 
14:10:30.656857> Try Close Buy Pos
14:10:30.657856> Support: 67063.2 VolS:8.703 Resistence: 67063.8 VolR:1.919
14:10:30.657856> Ask1: 67063.30 Vol:1.045 Bid1: 67063.20 Vol:8.703
14:10:30.657856> Ask2: 67033.34000000 Vol:0.23579000 Bid2: 67033.33000000 Vol:5.93480000
14:10:30.958875> [1Leg]: Sell OK BTCUSDT at 67063.3000;Gap=29.87000000;Price=67063.3000;Slippage=0.0;Execution=301.019 ms;
14:10:30.958875> Close Buy Pos 
14:10:30.959875> Try Close Buy Pos
14:10:30.959875> Support: 67063.2 VolS:8.703 Resistence: 67063.8 VolR:1.919
14:10:30.959875> Ask1: 67063.30 Vol:1.045 Bid1: 67063.20 Vol:8.703
14:10:30.960875> Ask2: 67033.34000000 Vol:0.23579000 Bid2: 67033.33000000 Vol:5.93480000
14:10:31.264894> [1Leg]: Sell OK BTCUSDT at 67063.3000;Gap=29.87000000;Price=67077.0000;Slippage=13.7;Execution=304.018 ms;
14:10:31.264894> Close Buy Pos 
14:10:31.296896> Try Close Buy Pos
14:10:31.297894> Support: 67076.8 VolS:7.422 Resistence: 67080.8 VolR:3.019
14:10:31.297894> Ask1: 67077.00 Vol:1.000 Bid1: 67076.90 Vol:4.969
14:10:31.297894> Ask2: 67050.76000000 Vol:0.65439000 Bid2: 67050.75000000 Vol:3.74166000
14:10:32.338169> [1Leg]: Sell OK BTCUSDT at 67077.0000;Gap=26.15000000;Price=67082.4000;Slippage=5.4;Execution=1039.276 ms;
14:10:32.338169> Close Buy Pos 
