16:14:13.955873> Binance - Vxxv1AWf[MARGIN] MARGIN Balance: 0.94433883 USDT
16:14:14.312011> WebSocket connected! Start @depth [Future] process...
16:14:14.341015> Lenta has started...Start SubscribeToAggTradeStream @aggTrade [future] process...
16:14:14.342013> WebSocket connected! Start Partial @depth20 [MARGIN] process...
16:14:14.343013> WebSocket connected! Start Partial @depth20 [Future] process...
16:14:14.667044> WebSocket connected! Start Partial @depth20 [MARGIN] process...
16:14:15.217080> WebSocket connected! Start Partial @depth20 [Future] process...
16:14:15.232065> Lenta has started...Start SubscribeToAggTradeStream @aggTrade [future] process...
16:14:15.241064> WebSocket connected! Start @depth [Future] process...
16:14:15.247065> BinanceFuture - Vxxv1AWf[USD_M] USD_M Balance: 458.08642790 USDT
18:31:02.546468>  DevSELL (+): -136.12450000 avgGapSell:31.72450000 
20:41:40.150729> Unable to read data from the transport connection: An existing connection was forcibly closed by the remote host.
20:41:45.169020> BinanceFuture - Vxxv1AWf[USD_M] Reconect to WebSocket #
20:41:45.170019> WebSocket [SubscribeToAggTradeStream()] [Closed] [future] and reconnect again [with Task.Delay]..
20:41:46.689107> Lenta has started...Start SubscribeToAggTradeStream @aggTrade [future] process...
20:47:45.337668> Unable to write data to the transport connection: An existing connection was forcibly closed by the remote host.
20:47:45.340671> Unable to read data from the transport connection: An existing connection was forcibly closed by the remote host.
20:47:50.764980> BinanceFuture - Vxxv1AWf[USD_M] Reconect to WebSocket #
20:47:50.775981> WebSocket [SubscribeToAggTradeStream()] [Closed] [future] and reconnect again [with Task.Delay]..
20:48:04.356760> Lenta has started...Start SubscribeToAggTradeStream @aggTrade [future] process...
20:57:08.726758> Unable to read data from the transport connection: An existing connection was forcibly closed by the remote host.
20:57:13.823049> BinanceFuture - Vxxv1AWf[USD_M] Reconect to WebSocket #
20:57:13.839049> WebSocket [SubscribeToAggTradeStream()] [Closed] [future] and reconnect again [with Task.Delay]..
20:57:18.061291> Lenta has started...Start SubscribeToAggTradeStream @aggTrade [future] process...
21:02:49.268284> Unable to read data from the transport connection: An existing connection was forcibly closed by the remote host.
21:02:55.119619> BinanceFuture - Vxxv1AWf[USD_M] Reconect to WebSocket #
21:02:55.922666> WebSocket [SubscribeToAggTradeStream()] [Closed] [future] and reconnect again [with Task.Delay]..
21:03:05.016186> Lenta has started...Start SubscribeToAggTradeStream @aggTrade [future] process...
21:06:21.479449> Unable to read data from the transport connection: An existing connection was forcibly closed by the remote host.
21:06:27.969821> BinanceFuture - Vxxv1AWf[USD_M] Reconect to WebSocket #
21:06:27.984823> WebSocket [SubscribeToAggTradeStream()] [Closed] [future] and reconnect again [with Task.Delay]..
21:06:34.836215> Lenta has started...Start SubscribeToAggTradeStream @aggTrade [future] process...
