11:52:01.518752> Lenta has started...Start SubscribeToAggTradeStream @aggTrade [future] process...
11:52:01.518752> WebSocket connected! Start Partial @depth20 [MARGIN] process...
11:52:01.522753> WebSocket connected! Start Partial @depth20 [Future] process...
11:52:01.531753> WebSocket connected! Start @depth [Future] process...
11:52:02.009780> WebSocket connected! Start Partial @depth20 [MARGIN] process...
11:52:02.350805> WebSocket connected! Start Partial @depth20 [Future] process...
11:52:02.354799> WebSocket connected! Start @depth [Future] process...
11:52:02.361800> Binance - Vxxv1AWf[MARGIN] MARGIN Balance: 0.91024208 USDT
11:52:02.511810> Lenta has started...Start SubscribeToAggTradeStream @aggTrade [future] process...
11:52:02.815193> BinanceFuture - Vxxv1AWf[USD_M] USD_M Balance: 294.12234799 USDT
11:53:57.152767>  DevBUY (+): 251.59700000 avgGapBuy:59.63300000 
11:53:57.447846>  DevBUY (-): 240.26700000 avgGapBuy:59.63300000 
11:53:57.659857>  DevBUY (+): 393.86700000 avgGapBuy:59.63300000 
11:53:58.132566>  DevBUY (-): 378.81700000 avgGapBuy:59.63300000 
11:54:15.841454>  DevBUY (+): 141.38950000 avgGapBuy:106.61050000 
11:54:16.134465>  DevBUY (-): 131.38950000 avgGapBuy:106.61050000 
11:54:22.976171>  DevBUY (+): 211.08000000 avgGapBuy:144.82000000 
11:54:23.150179>  DevBUY (-): 199.08000000 avgGapBuy:144.82000000 
11:54:25.138609>  DevBUY (-): 213.99000000 avgGapBuy:144.82000000 
11:54:25.449769>  DevBUY (-): 279.67000000 avgGapBuy:144.82000000 
11:54:31.050908>  DevSELL (+): -138.08200000 avgGapSell:251.28200000 
11:54:31.455702>  DevSELL (-): -127.03200000 avgGapSell:251.28200000 
11:55:15.561451>  DevBUY (+): 177.92900000 avgGapBuy:111.87100000 
