17:32:08.840192> WebSocket connected! Start Partial @depth20 [Future] process...
17:32:08.842192> WebSocket connected! Start @depth [Future] process...
17:32:08.842192> WebSocket connected! Start Partial @depth20 [SPOT] process...
17:32:08.843193> Lenta has started...Start SubscribeToAggTradeStream @aggTrade [future] process...
17:32:09.150220> WebSocket connected! Start Partial @depth20 [SPOT] process...
17:32:09.511229> Binance - Vxxv1AWf[SPOT] SPOT Balance: 0 USDT
17:32:09.708247> Lenta has started...Start SubscribeToAggTradeStream @aggTrade [future] process...
17:32:09.711245> WebSocket connected! Start @depth [Future] process...
17:32:09.718240> WebSocket connected! Start Partial @depth20 [Future] process...
17:32:10.250270> BinanceFuture - Vxxv1AWf[USD_M] USD_M Balance: 59.70555021 USDT
17:42:09.370548>  DevBUY (-): 180.61862500 avgGapBuy:4293.33137500 
17:42:10.064253>  DevBUY (+): 176.11862500 avgGapBuy:4293.33137500 
17:42:12.196856>  DevBUY (+): 178.25862500 avgGapBuy:4293.33137500 
17:42:12.311860>  DevBUY (-): 184.66862500 avgGapBuy:4293.33137500 
17:42:12.694884>  DevBUY (+): 184.46862500 avgGapBuy:4293.33137500 
17:42:24.581083>  DevBUY (+): 187.43862500 avgGapBuy:4293.33137500 
17:42:25.105372>  DevBUY (+): 187.63862500 avgGapBuy:4293.33137500 
17:42:31.767834>  DevBUY (+): 190.56862500 avgGapBuy:4293.33137500 
17:43:09.769651>  DevBUY (+): 191.33862500 avgGapBuy:4293.33137500 
17:43:46.186830>  DevBUY (-): 190.47862500 avgGapBuy:4293.33137500 
17:43:46.326840>  DevBUY (-): 204.61862500 avgGapBuy:4293.33137500 
17:43:50.016608>  DevBUY (+): 191.81862500 avgGapBuy:4293.33137500 
17:44:02.043540>  DevBUY (+): 197.01862500 avgGapBuy:4293.33137500 
17:44:04.226273>  DevBUY (+): 197.31862500 avgGapBuy:4293.33137500 
17:44:31.777717>  DevBUY (+): 199.40862500 avgGapBuy:4293.33137500 
18:18:55.661592>  DevBUY (+): 207.31612500 avgGapBuy:4346.66387500 
18:18:56.133626>  DevBUY (+): 212.81612500 avgGapBuy:4346.66387500 
18:20:03.486753>  DevBUY (+): 217.37612500 avgGapBuy:4346.66387500 
18:20:03.513745>  DevBUY (-): 213.63612500 avgGapBuy:4346.66387500 
18:20:09.334327>  DevBUY (+): 223.69612500 avgGapBuy:4346.66387500 
18:42:25.445101>  DevBUY (+): 130.14025000 avgGapBuy:4379.08975000 
18:42:35.070980>  DevBUY (+): 130.22025000 avgGapBuy:4379.08975000 
18:42:42.191241>  DevBUY (+): 137.70025000 avgGapBuy:4379.08975000 
18:43:58.356929>  DevBUY (+): 137.90025000 avgGapBuy:4379.08975000 
18:44:15.466691>  DevBUY (-): 129.40025000 avgGapBuy:4379.08975000 
18:52:09.377839>  DevBUY (+): 171.84412500 avgGapBuy:4287.99587500 
18:52:09.486840>  DevBUY (-): 155.70412500 avgGapBuy:4287.99587500 
18:52:09.584842>  DevBUY (+): 183.70412500 avgGapBuy:4287.99587500 
18:52:09.658845>  DevBUY (-): 175.70412500 avgGapBuy:4287.99587500 
18:52:30.131644>  DevBUY (+): 188.00412500 avgGapBuy:4287.99587500 
18:52:38.343706>  DevBUY (+): 188.46412500 avgGapBuy:4287.99587500 
18:52:39.875119>  DevBUY (+): 189.20412500 avgGapBuy:4287.99587500 
18:52:40.380148>  DevBUY (+): 193.50412500 avgGapBuy:4287.99587500 
18:52:40.667164>  DevBUY (-): 176.03412500 avgGapBuy:4287.99587500 
18:53:08.664496>  DevBUY (-): 176.20412500 avgGapBuy:4287.99587500 
18:53:34.667863>  DevBUY (-): 176.60412500 avgGapBuy:4287.99587500 
19:10:09.578409>  DevSELL (-): -134.69425000 avgGapSell:4340.70425000 
19:10:12.036914>  DevSELL (+): -138.69425000 avgGapSell:4340.70425000 
