16:26:47.421071> Lenta has started...Start SubscribeToAggTradeStream @aggTrade [future] process...
16:26:47.427071> WebSocket connected! Start Partial @depth20 [Future] process...
16:26:47.427071> WebSocket connected! Start @depth [Future] process...
16:26:47.431072> WebSocket connected! Start Partial @depth20 [Future] process...
16:26:47.487073> WebSocket connected! Start @depth [Future] process...
16:26:47.691086> Lenta has started...Start SubscribeToAggTradeStream @aggTrade [future] process...
16:26:47.747090> WebSocket connected! Start @depth [Future] process...
16:26:47.780090> Lenta has started...Start SubscribeToAggTradeStream @aggTrade [future] process...
16:26:47.782092> WebSocket connected! Start Partial @depth20 [Future] process...
16:29:10.444057> BinanceFuture - Vxxv1AWf[USD_M] Reconect ConnectToDepthStream() to WebSocket #
16:29:10.445059> WebSocket [ConnectToDepthStream()] [Closed] [future] and reconnect again [during Task.Delay]..
16:29:10.446058> BinanceFuture - Vxxv1AWf[USD_M] USD_M Balance: 0 USDT
16:29:11.667128> WebSocket connected! Start @depth [Future] process...
16:29:13.000204> WebSocket [ConnectToDepthStream()] [future] error: Unable to read data from the transport connection: An established connection was aborted by the software in your host machine.
16:29:17.154204> BinanceFuture - Vxxv1AWf[USD_M] Reconect ConnectToDepthStream() to WebSocket #
16:29:17.154790> WebSocket [ConnectToDepthStream()] [Closed] [future] and reconnect again [during Task.Delay]..
16:29:17.663157> BinanceFuture - Vxxv1AWf[USD_M] Reconect ConnectToDepthStream() to WebSocket #
16:29:17.663157> WebSocket [ConnectToDepthStream()] [Closed] [future] and reconnect again [during Task.Delay]..
16:29:18.002724> BinanceFuture - Vxxv1AWf[USD_M] Reconect ConnectToDepthStream() to WebSocket #
16:29:18.002724> WebSocket [ConnectToDepthStream()] [Closed] [future] and reconnect again [during Task.Delay]..
16:29:18.115736> WebSocket connected! Start @depth [Future] process...
16:29:18.667269> WebSocket connected! Start @depth [Future] process...
16:29:19.006870> WebSocket connected! Start @depth [Future] process...
16:29:39.923229> Lenta has started...Start SubscribeToAggTradeStream @aggTrade [future] process...
16:29:40.014232> WebSocket connected! Start @depth [Future] process...
16:29:40.028233> WebSocket connected! Start @depth [Future] process...
16:29:40.029233> WebSocket connected! Start Partial @depth20 [Future] process...
16:29:40.030235> WebSocket connected! Start Partial @depth20 [Future] process...
16:29:40.056234> Lenta has started...Start SubscribeToAggTradeStream @aggTrade [future] process...
16:29:40.798280> Lenta has started...Start SubscribeToAggTradeStream @aggTrade [future] process...
16:29:40.801278> WebSocket connected! Start Partial @depth20 [Future] process...
16:29:40.814277> Lenta has started...Start SubscribeToAggTradeStream @aggTrade [future] process...
16:29:40.820278> WebSocket connected! Start Partial @depth20 [Future] process...
16:29:40.838279> WebSocket connected! Start @depth [Future] process...
16:29:40.846286> WebSocket connected! Start @depth [Future] process...
16:29:41.850025> BinanceFuture - Vxxv1AWf[USD_M] USD_M Balance: 320.31680688 USDT
