20:55:33.895600> Lenta has started...Start SubscribeToAggTradeStream @aggTrade [future] process...
20:55:33.895600> WebSocket connected! Start Partial @depth20 [MARGIN] process...
20:55:33.897601> WebSocket connected! Start @depth [Future] process...
20:55:33.900601> WebSocket connected! Start Partial @depth20 [Future] process...
20:55:34.226620> WebSocket connected! Start Partial @depth20 [MARGIN] process...
20:55:34.244621> Binance - Vxxv1AWf[MARGIN] MARGIN Balance: 0.94380848 USDT
20:55:34.725657> WebSocket connected! Start @depth [Future] process...
20:55:34.738664> Lenta has started...Start SubscribeToAggTradeStream @aggTrade [future] process...
20:55:34.739649> WebSocket connected! Start Partial @depth20 [Future] process...
20:55:35.242689> BinanceFuture - Vxxv1AWf[USD_M] USD_M Balance: 550.64413723 USDT
21:32:29.968280> Try Open BuyLimit, Bid: 68619.90 Ask:  68620.00
21:32:29.968280> Support: 68619.1 VolS:1.287 Resistence: 68628 VolR:26.296
21:32:30.247293> [1Leg]: Buy OK BTCUSDT at 68619.9000;Gap=1.29600000;Price=68620.0000;Slippage=0.1;Execution=275.024 ms;
21:32:30.247293> Elapsted Open BuyLimit 
21:33:22.402377> Try Open BuyLimit, Bid: 68562.90 Ask:  68563.20
21:33:22.403369> Support: 68560 VolS:11.084 Resistence: 68568.1 VolR:1.525
21:33:22.779220> [1Leg]: Buy OK BTCUSDT at 68562.9000;Gap=-28.92000000;Price=68563.2000;Slippage=0.3;Execution=374.850 ms;
21:33:22.780215> Elapsted Open BuyLimit 
21:34:10.481590> Try Close Buy Pos
21:34:10.482322> Support: 68715.8 VolS:0.715 Resistence: 68720 VolR:3.857
21:34:10.482322> Ask1: 68720.00 Vol:3.857 Bid1: 68719.90 Vol:0.369
21:34:10.483326> Ask2: 68710.00000000 Vol:3.93629000 Bid2: 68709.99000000 Vol:2.06390000
21:34:10.741339> [1Leg]: Sell OK BTCUSDT at 68720.0000;Gap=9.91000000;Price=68720.0000;Slippage=0.0;Execution=258.013 ms;
21:34:10.741339> Close Buy Pos 
21:34:10.743338> Try Close Buy Pos
21:34:10.743338> Support: 68715.8 VolS:0.715 Resistence: 68720 VolR:3.857
21:34:10.744337> Ask1: 68720.00 Vol:3.857 Bid1: 68719.90 Vol:0.369
21:34:10.744337> Ask2: 68714.28000000 Vol:2.72173000 Bid2: 68714.27000000 Vol:4.59482000
21:34:11.071371> [1Leg]: Sell OK BTCUSDT at 68720.0000;Gap=5.63000000;Price=68724.1000;Slippage=4.1;Execution=327.034 ms;
21:34:11.082361> Close Buy Pos 
21:34:12.001583> Try Close Buy Pos
21:34:12.002584> Support: 68724 VolS:4.728 Resistence: 68725 VolR:1.015
21:34:12.002584> Ask1: 68724.10 Vol:0.627 Bid1: 68724.00 Vol:4.728
21:34:12.002584> Ask2: 68719.97000000 Vol:0.24229000 Bid2: 68719.96000000 Vol:6.95864000
21:34:13.096934> [1Leg]: Sell OK BTCUSDT at 68724.1000;Gap=4.04000000;Price=68712.8000;Slippage=-11.3;Execution=1093.361 ms;
21:34:13.097977> Close Buy Pos 
21:34:27.312991> Try Close Sell Pos, deviationBuy: -3.73750000 Bid: 68622.50
21:34:27.312991> Support: 68622.5 VolS:1.859 Resistence: 68622.6 VolR:11.057
21:34:27.312991> Ask1: 68622.60 Vol:11.057 Bid1: 68622.50 Vol:1.859
21:34:27.312991> Ask2: 68625.82000000 Vol:1.97795000 Bid2: 68625.81000000 Vol:1.60563000
21:34:27.567512> [1Leg]: Buy OK BTCUSDT at 68622.5000;Gap=-3.22000000;Price=68622.6000;Slippage=0.1;Execution=253.537 ms;
21:34:27.568518> Close Sell Pos 
21:34:32.000946> Try Close Sell Pos, deviationBuy: 1.24050000 Bid: 68608.80
21:34:32.003946> Support: 68601.4 VolS:2.062 Resistence: 68608.9 VolR:4.964
21:34:32.003946> Ask1: 68608.90 Vol:4.964 Bid1: 68608.80 Vol:0.228
21:34:32.015946> Ask2: 68610.01000000 Vol:1.40911000 Bid2: 68610.00000000 Vol:2.08060000
21:34:32.280963> [1Leg]: Buy OK BTCUSDT at 68608.8000;Gap=-1.11000000;Price=68608.9000;Slippage=0.1;Execution=264.015 ms;
21:34:32.280963> Close Sell Pos 
21:36:37.384414> Try Close Buy Pos
21:36:37.385402> Support: 68711.9 VolS:4.459 Resistence: 68712 VolR:3.405
21:36:37.385402> Ask1: 68712.00 Vol:3.405 Bid1: 68711.90 Vol:4.459
21:36:37.386401> Ask2: 68708.00000000 Vol:0.23820000 Bid2: 68707.99000000 Vol:6.84242000
21:36:37.657416> [1Leg]: Sell OK BTCUSDT at 68712.0000;Gap=3.91000000;Price=68712.0000;Slippage=0.0;Execution=271.015 ms;
21:36:37.658416> Close Buy Pos 
21:36:42.002367> Try Close Buy Pos
21:36:42.005382> Support: 68739.3 VolS:5.312 Resistence: 68740 VolR:1.083
21:36:42.006384> Ask1: 68739.40 Vol:0.287 Bid1: 68739.30 Vol:5.312
21:36:42.007389> Ask2: 68740.00000000 Vol:0.03563000 Bid2: 68739.99000000 Vol:8.47292000
21:36:43.095529> [1Leg]: Sell OK BTCUSDT at 68739.4000;Gap=-0.69000000;Price=68760.0000;Slippage=20.6;Execution=1087.151 ms;
21:36:43.096520> Close Buy Pos 
21:52:32.308254> Try Close Sell Pos, deviationBuy: -3.76050000 Bid: 68817.20
21:52:32.308254> Support: 68817.2 VolS:1.337 Resistence: 68817.3 VolR:8.035
21:52:32.309255> Ask1: 68817.30 Vol:8.035 Bid1: 68817.20 Vol:1.337
21:52:32.309255> Ask2: 68841.09000000 Vol:3.47256000 Bid2: 68841.08000000 Vol:1.70180000
21:52:33.353353> [1Leg]: Buy OK BTCUSDT at 68817.2000;Gap=-23.79000000;Price=68817.3000;Slippage=0.1;Execution=1044.099 ms;
21:52:33.354346> Close Sell Pos 
21:52:37.001109> Try Close Sell Pos, deviationBuy: 1.39300000 Bid: 68798.80
21:52:37.002107> Support: 68798.8 VolS:1.089 Resistence: 68798.9 VolR:5.324
21:52:37.003107> Ask1: 68798.90 Vol:5.324 Bid1: 68798.80 Vol:1.089
21:52:37.003107> Ask2: 68820.19000000 Vol:4.93117000 Bid2: 68820.18000000 Vol:1.98962000
21:52:37.257122> [1Leg]: Buy OK BTCUSDT at 68798.8000;Gap=-21.29000000;Price=68798.9000;Slippage=0.1;Execution=254.015 ms;
21:52:37.258122> Close Sell Pos 
21:52:42.000480> Try Close Sell Pos, deviationBuy: 10.90300000 Bid: 68828.70
21:52:42.001472> Support: 68828.7 VolS:17.351 Resistence: 68832.2 VolR:3.102
21:52:42.001472> Ask1: 68828.80 Vol:0.647 Bid1: 68828.70 Vol:17.351
21:52:42.001472> Ask2: 68840.00000000 Vol:0.87906000 Bid2: 68839.99000000 Vol:8.63095000
21:52:42.257489> [1Leg]: Buy OK BTCUSDT at 68828.7000;Gap=-11.20000000;Price=68828.8000;Slippage=0.1;Execution=255.016 ms;
21:52:42.258487> Close Sell Pos 
22:18:45.823862> Try Open BuyLimit, Bid: 68370.00 Ask:  68370.10
22:18:45.824862> Support: 68370 VolS:3.331 Resistence: 68370.1 VolR:7.82
22:18:46.082877> [1Leg]: Buy OK BTCUSDT at 68370.0000;Gap=-1.71700000;Price=68370.1000;Slippage=0.1;Execution=257.015 ms;
22:18:46.083877> Elapsted Open BuyLimit 
22:20:27.312776> Try Close Buy Pos
22:20:27.313776> Support: 68575.6 VolS:6.932 Resistence: 68575.7 VolR:2.147
22:20:27.313776> Ask1: 68575.70 Vol:2.147 Bid1: 68575.60 Vol:6.932
22:20:27.313776> Ask2: 68588.00000000 Vol:2.52416000 Bid2: 68587.99000000 Vol:6.83966000
22:20:28.427325> [1Leg]: Sell OK BTCUSDT at 68575.7000;Gap=-12.39000000;Price=68573.0000;Slippage=-2.7;Execution=1113.549 ms;
22:20:28.428325> Close Buy Pos 
22:20:28.537330> Try Close Buy Pos
22:20:28.538329> Support: 68572.9 VolS:4.806 Resistence: 68573 VolR:2.189
22:20:28.538329> Ask1: 68573.00 Vol:2.189 Bid1: 68572.90 Vol:4.806
22:20:28.539330> Ask2: 68580.87000000 Vol:4.45794000 Bid2: 68580.86000000 Vol:3.52097000
22:20:28.794346> [1Leg]: Sell OK BTCUSDT at 68573.0000;Gap=-7.96000000;Price=68573.0000;Slippage=0.0;Execution=255.016 ms;
22:20:28.794346> Close Buy Pos 
22:20:32.000905> Try Close Buy Pos
22:20:32.001899> Support: 68572.7 VolS:7.559 Resistence: 68572.8 VolR:2.572
22:20:32.001899> Ask1: 68572.80 Vol:2.572 Bid1: 68572.70 Vol:7.559
22:20:32.002898> Ask2: 68587.29000000 Vol:3.07317000 Bid2: 68587.28000000 Vol:6.31585000
22:20:32.261912> [1Leg]: Sell OK BTCUSDT at 68572.8000;Gap=-14.58000000;Price=68572.8000;Slippage=0.0;Execution=259.014 ms;
22:20:32.262913> Close Buy Pos 
22:20:37.021001> Try Close Buy Pos
22:20:37.059003> Support: 68568 VolS:3.141 Resistence: 68568.1 VolR:2.136
22:20:37.060007> Ask1: 68568.10 Vol:2.136 Bid1: 68568.00 Vol:3.141
22:20:37.060007> Ask2: 68587.29000000 Vol:5.50388000 Bid2: 68587.28000000 Vol:2.94307000
22:20:37.315019> [1Leg]: Sell OK BTCUSDT at 68568.1000;Gap=-19.28000000;Price=68568.1000;Slippage=0.0;Execution=255.012 ms;
22:20:37.316019> Close Buy Pos 
22:20:42.001214> Try Close Buy Pos
22:20:42.004218> Support: 68599.9 VolS:4.978 Resistence: 68600 VolR:7.339
22:20:42.005220> Ask1: 68600.00 Vol:7.339 Bid1: 68599.90 Vol:4.978
22:20:42.005220> Ask2: 68621.39000000 Vol:0.56587000 Bid2: 68621.38000000 Vol:0.90000000
22:20:42.283223> [1Leg]: Sell OK BTCUSDT at 68600.0000;Gap=-21.48000000;Price=68587.3000;Slippage=-12.7;Execution=276.995 ms;
22:20:42.283223> Close Buy Pos 
22:20:58.649656> Try Open Sell Pos, deviationSell: 12.09350000 Ask: 68649.10
22:20:58.650658> Support: 68643.3 VolS:0.116 Resistence: 68649.1 VolR:8.886
22:20:59.142681> [1Leg]: Sell OK BTCUSDT at 68649.1000;Gap=12.09350000;Price=68641.9000;Slippage=-7.2;Execution=491.025 ms;
22:20:59.142681> Elapsted Open Sell (1Leg)
22:21:53.627694> Try Open Sell Pos, deviationSell: 15.64600000 Ask: 68702.70
22:21:53.628695> Support: 68700.2 VolS:2.211 Resistence: 68702.7 VolR:5.836
22:21:53.885387> [1Leg]: Sell OK BTCUSDT at 68702.7000;Gap=15.64600000;Price=68702.7000;Slippage=0.0;Execution=255.692 ms;
22:21:53.887321> Elapsted Open Sell (1Leg)
22:25:38.434803> Try Open Sell Pos, deviationSell: 3.26800000 Ask: 68754.90
22:25:38.435796> Support: 68754.8 VolS:2.674 Resistence: 68754.9 VolR:2.772
22:25:38.692818> [1Leg]: Sell OK BTCUSDT at 68754.9000;Gap=3.26800000;Price=68754.9000;Slippage=0.0;Execution=257.022 ms;
22:25:38.692818> Elapsted Open Sell (1Leg)
22:39:36.449696> Try Close Sell Pos, deviationBuy: -3.34950000 Bid: 68859.00
22:39:36.449696> Support: 68859 VolS:6.087 Resistence: 68859.1 VolR:5.283
22:39:36.449696> Ask1: 68859.10 Vol:5.283 Bid1: 68859.00 Vol:6.087
22:39:36.449696> Ask2: 68885.12000000 Vol:4.43416000 Bid2: 68885.11000000 Vol:1.48997000
22:39:36.703716> [1Leg]: Buy OK BTCUSDT at 68859.0000;Gap=-26.02000000;Price=68859.1000;Slippage=0.1;Execution=254.020 ms;
22:39:36.704711> Close Sell Pos 
22:39:36.705711> Try Close Sell Pos, deviationBuy: -3.34950000 Bid: 68859.00
22:39:36.705711> Support: 68859 VolS:6.087 Resistence: 68859.1 VolR:5.283
22:39:36.705711> Ask1: 68859.10 Vol:5.283 Bid1: 68859.00 Vol:6.087
22:39:36.706711> Ask2: 68885.12000000 Vol:4.43416000 Bid2: 68885.11000000 Vol:1.48997000
22:39:36.960726> [1Leg]: Buy OK BTCUSDT at 68859.0000;Gap=-26.02000000;Price=68860.9000;Slippage=1.9;Execution=254.016 ms;
22:39:36.961725> Close Sell Pos 
22:39:36.962725> Try Close Sell Pos, deviationBuy: 1.63050000 Bid: 68860.80
22:39:36.975740> Support: 68860.8 VolS:6.34 Resistence: 68866.5 VolR:2.989
22:39:36.976726> Ask1: 68860.90 Vol:0.762 Bid1: 68860.80 Vol:6.340
22:39:36.976726> Ask2: 68881.94000000 Vol:4.97208000 Bid2: 68881.93000000 Vol:1.35725000
22:39:37.264847> [1Leg]: Buy OK BTCUSDT at 68860.8000;Gap=-21.04000000;Price=68846.5000;Slippage=-14.3;Execution=287.122 ms;
22:39:37.265742> Close Sell Pos 
22:39:37.266743> Try Close Sell Pos, deviationBuy: -12.76950000 Bid: 68846.40
22:39:37.266743> Support: 68846.4 VolS:2.891 Resistence: 68846.5 VolR:4.116
22:39:37.267743> Ask1: 68846.50 Vol:4.116 Bid1: 68846.40 Vol:2.891
22:39:37.267743> Ask2: 68881.94000000 Vol:4.97208000 Bid2: 68881.93000000 Vol:1.35725000
22:39:38.973900> [1Leg]: Buy OK BTCUSDT at 68846.4000;Gap=-35.44000000;Price=68844.4000;Slippage=-2.0;Execution=1695.147 ms;
22:39:38.975896> Close Sell Pos 
22:39:42.001176> Try Close Sell Pos, deviationBuy: 2.62300000 Bid: 68870.90
22:39:42.002162> Support: 68870.9 VolS:8.433 Resistence: 68875.8 VolR:0.053
22:39:42.002162> Ask1: 68871.00 Vol:0.014 Bid1: 68870.90 Vol:8.433
22:39:42.002162> Ask2: 68889.89000000 Vol:0.20551000 Bid2: 68889.88000000 Vol:5.57639000
22:39:42.248164> [1Leg]: Buy OK BTCUSDT at 68870.9000;Gap=-18.89000000;Price=68871.0000;Slippage=0.1;Execution=245.013 ms;
22:39:42.249165> Close Sell Pos 
22:39:47.001069> Try Close Sell Pos, deviationBuy: -0.42300000 Bid: 68888.10
22:39:47.002062> Support: 68888.1 VolS:4.33 Resistence: 68891 VolR:0.738
22:39:47.002062> Ask1: 68888.20 Vol:0.158 Bid1: 68888.10 Vol:4.330
22:39:47.002062> Ask2: 68905.44000000 Vol:0.99993000 Bid2: 68905.43000000 Vol:3.12981000
22:39:47.249078> [1Leg]: Buy OK BTCUSDT at 68888.1000;Gap=-17.24000000;Price=68888.2000;Slippage=0.1;Execution=245.028 ms;
22:39:47.249078> Close Sell Pos 
