11:16:03.399576> WebSocket connected! Start Partial @depth20 [Future] process...
11:16:03.400575> WebSocket connected! Start Partial @depth20 [MARGIN] process...
11:16:03.405580> WebSocket connected! Start @depth [Future] process...
11:16:03.408578> Lenta has started...Start SubscribeToAggTradeStream @aggTrade [future] process...
11:16:03.679591> Binance - Vxxv1AWf[MARGIN] MARGIN Balance: 0.98290443 USDT
11:16:03.716601> WebSocket connected! Start Partial @depth20 [MARGIN] process...
11:16:04.294196> WebSocket connected! Start Partial @depth20 [Future] process...
11:16:04.294196> WebSocket connected! Start @depth [Future] process...
11:16:04.301213> Lenta has started...Start SubscribeToAggTradeStream @aggTrade [future] process...
11:16:04.831737> BinanceFuture - Vxxv1AWf[USD_M] USD_M Balance: 353.96547094 USDT
11:16:18.493914> Binance - Vxxv1AWf[MARGIN] MARGIN Balance: 0.98352388 USDT
11:16:18.873889> Lenta has started...Start SubscribeToAggTradeStream @aggTrade [future] process...
11:16:18.881892> WebSocket connected! Start Partial @depth20 [Future] process...
11:16:18.885888> WebSocket connected! Start @depth [Future] process...
11:16:18.888890> WebSocket connected! Start Partial @depth20 [MARGIN] process...
11:16:19.052920> WebSocket connected! Start Partial @depth20 [MARGIN] process...
11:16:19.542405> WebSocket connected! Start @depth [Future] process...
11:16:19.543401> Lenta has started...Start SubscribeToAggTradeStream @aggTrade [future] process...
11:16:19.546405> WebSocket connected! Start Partial @depth20 [Future] process...
11:16:20.085269> BinanceFuture - Vxxv1AWf[USD_M] USD_M Balance: 354.25102454 USDT
