20:30:24.228104> WebSocket connected! Start Partial @depth20 [Future] process...
20:30:24.255105> Lenta has started...Start SubscribeToAggTradeStream @aggTrade [future] process...
20:30:24.255105> WebSocket connected! Start Partial @depth20 [Future] process...
20:30:24.255105> WebSocket connected! Start @depth [Future] process...
20:30:24.256107> WebSocket connected! Start @depth [Future] process...
20:30:24.256107> Lenta has started...Start SubscribeToAggTradeStream @aggTrade [future] process...
20:30:24.677131> Try Open BuyLimit, Bid: 65267.00 Ask:  65267.10
20:30:24.677131> Support: 65267 VolS:5.389 Resistence: 65268 VolR:3.193
20:30:32.528335> BinanceFuture - Vxxv1AWf[USD_M] USD_M Balance: 0 USDT
20:30:32.959361> Lenta has started...Start SubscribeToAggTradeStream @aggTrade [future] process...
20:30:32.959361> WebSocket connected! Start Partial @depth20 [Future] process...
20:30:32.960360> Lenta has started...Start SubscribeToAggTradeStream @aggTrade [future] process...
20:30:32.960360> WebSocket connected! Start Partial @depth20 [Future] process...
20:30:32.961360> WebSocket connected! Start @depth [Future] process...
20:30:32.961360> WebSocket connected! Start @depth [Future] process...
20:33:53.601633> [1Leg]: Buy OK BTCUSDT at 64767.0000;Gap=0.00;Price=65255.4000;Slippage=475.6;Execution=34782.127 ms;
20:34:51.182453> Elapsted Open BuyLimit 
20:34:52.351521> WebSocket [ConnectToDepthStream()] [future] error: Received an unexpected EOF or 0 bytes from the transport stream.
20:34:52.477528> WebSocket [ConnectToDepthStream()] [future] error: Unable to read data from the transport connection: An established connection was aborted by the software in your host machine.
20:34:52.763546> WebSocket [ConnectToDepthStream()] [future] error: Received an unexpected EOF or 0 bytes from the transport stream.
20:34:52.820548> WebSocket [ConnectToDepthStream()] [future] error: Received an unexpected EOF or 0 bytes from the transport stream.
20:34:53.228571>  DevSELL (-): -126.55 avgGapSell:-18.95 
20:34:57.371245> BinanceFuture - Vxxv1AWf[USD_M] Reconect ConnectToDepthStream() to WebSocket #
20:34:57.380217> WebSocket [ConnectToDepthStream()] [Closed] [future] and reconnect again [during Task.Delay]..
20:34:57.479207> BinanceFuture - Vxxv1AWf[USD_M] Reconect ConnectToDepthStream() to WebSocket #
20:34:57.479207> WebSocket [ConnectToDepthStream()] [Closed] [future] and reconnect again [during Task.Delay]..
20:34:57.766228> BinanceFuture - Vxxv1AWf[USD_M] Reconect ConnectToDepthStream() to WebSocket #
20:34:57.766228> WebSocket [ConnectToDepthStream()] [Closed] [future] and reconnect again [during Task.Delay]..
20:34:57.829234> BinanceFuture - Vxxv1AWf[USD_M] Reconect ConnectToDepthStream() to WebSocket #
20:34:57.829234> WebSocket [ConnectToDepthStream()] [Closed] [future] and reconnect again [during Task.Delay]..
20:34:58.019249> BinanceFuture - Vxxv1AWf[USD_M] Reconect to WebSocket #
20:34:58.020239> WebSocket [SubscribeToAggTradeStream()] [Closed] [future] and reconnect again [with Task.Delay]..
20:34:58.376745> WebSocket connected! Start @depth [Future] process...
20:34:58.461738> WebSocket connected! Start @depth [Future] process...
