19:24:02.018479> WebSocket connected! Start @depth [Future] process...
19:24:02.018479> Lenta has started...Start SubscribeToAggTradeStream @aggTrade [future] process...
19:24:02.019481> WebSocket connected! Start Partial @depth20 [Future] process...
19:24:02.020481> WebSocket connected! Start Partial @depth20 [SPOT] process...
19:24:02.358500> Binance - Vxxv1AWf[SPOT] SPOT Balance: 0 USDT
19:24:02.415505> WebSocket connected! Start Partial @depth20 [SPOT] process...
19:24:02.919987> WebSocket connected! Start @depth [Future] process...
19:24:02.936986> WebSocket connected! Start Partial @depth20 [Future] process...
19:24:02.945987> Lenta has started...Start SubscribeToAggTradeStream @aggTrade [future] process...
19:24:03.489011> BinanceFuture - Vxxv1AWf[USD_M] USD_M Balance: 56.21569997 USDT
19:34:07.055964>  DevBUY (+): 73.66887500 avgGapBuy:4672.00112500 
19:34:07.496414>  DevBUY (-): 63.69887500 avgGapBuy:4672.00112500 
19:34:07.583425>  DevBUY (+): 73.79887500 avgGapBuy:4672.00112500 
19:34:09.498069>  DevBUY (-): 63.95887500 avgGapBuy:4672.00112500 
19:34:11.495942>  DevBUY (-): 64.55887500 avgGapBuy:4672.00112500 
19:34:11.564937>  DevBUY (-): 64.69887500 avgGapBuy:4672.00112500 
19:34:31.236646>  DevBUY (+): 79.07887500 avgGapBuy:4672.00112500 
19:34:42.498759>  DevBUY (-): 67.98887500 avgGapBuy:4672.00112500 
19:34:45.090419>  DevBUY (+): 81.08887500 avgGapBuy:4672.00112500 
19:36:14.508327>  DevBUY (-): 70.99887500 avgGapBuy:4672.00112500 
19:36:15.353240>  DevBUY (+): 91.29887500 avgGapBuy:4672.00112500 
19:36:19.509768>  DevBUY (-): 72.32887500 avgGapBuy:4672.00112500 
19:36:20.575944>  DevBUY (-): 73.39887500 avgGapBuy:4672.00112500 
19:36:21.508630>  DevBUY (-): 88.27887500 avgGapBuy:4672.00112500 
19:36:31.006886>  DevBUY (+): 93.69887500 avgGapBuy:4672.00112500 
19:36:31.501667>  DevBUY (+): 105.19887500 avgGapBuy:4672.00112500 
19:36:57.511569>  DevBUY (-): 89.28887500 avgGapBuy:4672.00112500 
19:39:32.529610>  DevBUY (-): 91.46887500 avgGapBuy:4672.00112500 
19:39:43.359292>  DevBUY (+): 105.44887500 avgGapBuy:4672.00112500 
19:39:43.530298>  DevBUY (-): 91.98887500 avgGapBuy:4672.00112500 
19:39:44.530319>  DevBUY (-): 92.79887500 avgGapBuy:4672.00112500 
19:40:09.252494>  DevBUY (+): 105.87887500 avgGapBuy:4672.00112500 
19:40:26.535615>  DevBUY (-): 92.81887500 avgGapBuy:4672.00112500 
19:40:35.539946>  DevBUY (-): 95.43887500 avgGapBuy:4672.00112500 
19:44:02.656726>  DevBUY (-): 117.65350000 avgGapBuy:4634.14650000 
19:44:02.842722>  DevBUY (+): 114.45350000 avgGapBuy:4634.14650000 
19:44:04.866936>  DevBUY (+): 121.06350000 avgGapBuy:4634.14650000 
19:44:08.172389>  DevBUY (+): 134.06350000 avgGapBuy:4634.14650000 
19:44:08.551748>  DevBUY (-): 125.30350000 avgGapBuy:4634.14650000 
19:44:11.423562>  DevBUY (+): 134.62350000 avgGapBuy:4634.14650000 
19:44:12.551547>  DevBUY (-): 128.05350000 avgGapBuy:4634.14650000 
19:44:24.552885>  DevBUY (-): 128.27350000 avgGapBuy:4634.14650000 
19:44:32.035478>  DevBUY (+): 137.27350000 avgGapBuy:4634.14650000 
19:44:34.778487>  DevBUY (+): 137.34350000 avgGapBuy:4634.14650000 
19:44:35.284435>  DevBUY (+): 141.74350000 avgGapBuy:4634.14650000 
19:44:36.349418>  DevBUY (+): 150.24350000 avgGapBuy:4634.14650000 
19:44:36.553430>  DevBUY (-): 137.18350000 avgGapBuy:4634.14650000 
19:45:57.855445>  DevBUY (+): 154.36350000 avgGapBuy:4634.14650000 
