10:00:40.344909> WebSocket connected! Start Partial @depth20 [Future] process...
10:00:40.370913> Lenta has started...Start SubscribeToAggTradeStream @aggTrade [future] process...
10:00:40.443914> WebSocket connected! Start Partial @depth20 [Future] process...
10:00:40.444917> WebSocket connected! Start @depth [Future] process...
10:00:40.444917> Lenta has started...Start SubscribeToAggTradeStream @aggTrade [future] process...
10:00:40.445915> WebSocket connected! Start @depth [Future] process...
10:00:41.410631> WebSocket connected! Start Partial @depth20 [Future] process...
10:00:41.426627> Lenta has started...Start SubscribeToAggTradeStream @aggTrade [future] process...
10:00:41.429628> WebSocket connected! Start @depth [Future] process...
10:00:41.432628> WebSocket connected! Start Partial @depth20 [Future] process...
10:00:41.434628> WebSocket connected! Start @depth [Future] process...
10:00:41.444628> Lenta has started...Start SubscribeToAggTradeStream @aggTrade [future] process...
10:00:41.966424> BinanceFuture - Vxxv1AWf[USD_M] USD_M Balance: 747.91480482 USDT
10:03:52.018586> Try Open Sell Pos, deviationSell: -0.665 Ask: 66700.10
10:03:52.021587> Support: 66700 VolS:2.422 Resistence: 66700.1 VolR:28.694
10:03:52.293943> [1Leg]: Sell OK BTCUSDT at 66695.1000;Gap=-0.665;Price=66700.1000;Slippage=5.0;Execution=269.358 ms;
10:03:52.293943> Elapsted Open Sell (1Leg)
10:03:56.745625> Try Modify Sell order, 
10:03:56.746620> Support: 66696.5 VolS:0.5 Resistence: 66699 VolR:21.449
10:03:57.095771> BinanceFuture - Vxxv1AWf[USD_M] Api Error Code: -2013 Message: Order does not exist.
10:03:57.103773> [1Leg]: Sell failed BTCUSDT;price=66699.0000
10:03:59.004083> Try place BuyLimit, Bid: 66696.50 Ask:  66696.60
10:04:00.022810> [1Leg]: Buy OK BTCUSDT at 66662.8000;Gap=-2.61;Price=66700.0000;Slippage=37.2;Execution=1018.727 ms;
10:04:00.023809> Placed lock BuyLimit 
10:04:00.023809> Try Modify Lock Buy order, 
10:04:00.312177> BinanceFuture - Vxxv1AWf[USD_M] Api Error Code: -2013 Message: Order does not exist.
10:04:00.313178> [1Leg]: Buy failed BTCUSDT;price=66700.0000
10:04:04.010810> Try Modify Lock Buy order, 
10:04:04.298827> BinanceFuture - Vxxv1AWf[USD_M] Api Error Code: -2013 Message: Order does not exist.
10:04:04.299827> [1Leg]: Buy failed BTCUSDT;price=66700.0000
10:04:09.009333> Try Modify Lock Buy order, 
10:04:09.320659> BinanceFuture - Vxxv1AWf[USD_M] Api Error Code: -2013 Message: Order does not exist.
10:04:09.321662> [1Leg]: Buy failed BTCUSDT;price=66700.0000
