18:08:12.099403> Lenta has started...Start SubscribeToAggTradeStream @aggTrade [future] process...
18:08:12.108390> WebSocket connected! Start @depth [Future] process...
18:08:12.115402> WebSocket connected! Start Partial @depth20 [MARGIN] process...
18:08:12.159392> WebSocket connected! Start Partial @depth20 [Future] process...
18:08:12.401405> WebSocket connected! Start Partial @depth20 [MARGIN] process...
18:08:12.440407> Binance - Vxxv1AWf[MARGIN] MARGIN Balance: 0.9382818 USDT
18:08:12.881091> Lenta has started...Start SubscribeToAggTradeStream @aggTrade [future] process...
18:08:12.914106> WebSocket connected! Start Partial @depth20 [Future] process...
18:08:12.916105> WebSocket connected! Start @depth [Future] process...
18:08:13.412134> BinanceFuture - Vxxv1AWf[USD_M] USD_M Balance: 549.72472994 USDT
18:41:30.257166> Try Open Sell Pos, deviationSell: -4.52850000 Ask: 67635.40
18:41:30.260166> Support: 67635.3 VolS:10.614 Resistence: 67635.4 VolR:1.292
18:41:30.525182> [1Leg]: Sell OK BTCUSDT at 67635.4000;Gap=-4.52850000;Price=67637.8000;Slippage=2.4;Execution=261.015 ms;
18:41:30.525182> Elapsted Open Sell (1Leg)
19:06:12.962130> Try Close Sell Pos, deviationBuy: 9.97050000 Bid: 67538.50
19:06:12.962130> Support: 67538.5 VolS:1.62 Resistence: 67538.6 VolR:14.513
19:06:12.963126> Ask1: 67538.60 Vol:14.513 Bid1: 67538.50 Vol:1.620
19:06:12.963126> Ask2: 67545.00000000 Vol:4.26854000 Bid2: 67544.99000000 Vol:1.17243000
19:06:13.247143> [1Leg]: Buy OK BTCUSDT at 67538.5000;Gap=-6.40000000;Price=67538.6000;Slippage=0.1;Execution=284.018 ms;
19:06:13.248143> Close Sell Pos 
19:06:16.000795> Try Close Sell Pos, deviationBuy: 3.17250000 Bid: 67535.10
19:06:16.001789> Support: 67535.1 VolS:8.686 Resistence: 67535.2 VolR:1.094
19:06:16.001789> Ask1: 67535.20 Vol:1.094 Bid1: 67535.10 Vol:8.686
19:06:16.001789> Ask2: 67545.00000000 Vol:3.21255000 Bid2: 67544.99000000 Vol:1.54523000
19:06:17.013780> [1Leg]: Buy OK BTCUSDT at 67535.1000;Gap=-9.80000000;Price=67535.2000;Slippage=0.1;Execution=1011.992 ms;
19:06:17.013780> Close Sell Pos 
19:06:21.011883> Try Open BuyLimit, Bid: 67532.00 Ask:  67532.10
19:06:21.042884> Support: 67528.3 VolS:2.043 Resistence: 67532.1 VolR:12.2
19:06:21.302899> [1Leg]: Buy OK BTCUSDT at 67532.0000;Gap=-0.22700000;Price=67532.1000;Slippage=0.1;Execution=252.014 ms;
19:06:21.302899> Elapsted Open BuyLimit 
19:13:42.287802> Try Close Buy Pos
19:13:42.288802> Support: 67634.6 VolS:11.33 Resistence: 67637.4 VolR:0.682
19:13:42.288802> Ask1: 67634.70 Vol:0.364 Bid1: 67634.60 Vol:11.330
19:13:42.289801> Ask2: 67634.63000000 Vol:0.06110000 Bid2: 67634.62000000 Vol:8.56025000
19:13:42.542816> [1Leg]: Sell OK BTCUSDT at 67634.7000;Gap=-0.02000000;Price=67634.7000;Slippage=0.0;Execution=253.015 ms;
19:13:42.543816> Close Buy Pos 
19:13:51.069491> Try Close Buy Pos
19:13:51.069491> Support: 67635.9 VolS:6.863 Resistence: 67636 VolR:2.438
19:13:51.070493> Ask1: 67636.00 Vol:2.438 Bid1: 67635.90 Vol:6.863
19:13:51.070493> Ask2: 67640.00000000 Vol:1.17565000 Bid2: 67639.99000000 Vol:4.66421000
19:13:52.113775> [1Leg]: Sell OK BTCUSDT at 67636.0000;Gap=-4.09000000;Price=67636.0000;Slippage=0.0;Execution=1043.282 ms;
19:13:52.114817> Close Buy Pos 
19:13:56.019205> Try Close Buy Pos
19:13:56.020202> Support: 67635.9 VolS:1.413 Resistence: 67636 VolR:3.977
19:13:56.021200> Ask1: 67636.00 Vol:3.977 Bid1: 67635.90 Vol:1.413
19:13:56.021200> Ask2: 67640.00000000 Vol:2.50321000 Bid2: 67639.99000000 Vol:4.23849000
19:13:56.287218> [1Leg]: Sell OK BTCUSDT at 67636.0000;Gap=-4.09000000;Price=67636.0000;Slippage=0.0;Execution=265.018 ms;
19:13:56.287218> Close Buy Pos 
19:14:01.001258> Try Close Buy Pos
19:14:01.003253> Support: 67635.9 VolS:4.454 Resistence: 67638.2 VolR:1.301
19:14:01.003253> Ask1: 67636.00 Vol:0.637 Bid1: 67635.90 Vol:4.454
19:14:01.004254> Ask2: 67640.00000000 Vol:1.33158000 Bid2: 67639.99000000 Vol:5.62499000
19:14:01.270270> [1Leg]: Sell OK BTCUSDT at 67636.0000;Gap=-4.09000000;Price=67636.0000;Slippage=0.0;Execution=266.015 ms;
19:14:01.271270> Close Buy Pos 
19:14:06.000295> Try Close Sell Pos, deviationBuy: 0.10600000 Bid: 67642.70
19:14:06.000968> Support: 67642.7 VolS:11.615 Resistence: 67645.6 VolR:0.222
19:14:06.000968> Ask1: 67642.80 Vol:0.122 Bid1: 67642.70 Vol:11.615
19:14:06.000968> Ask2: 67646.96000000 Vol:0.29789000 Bid2: 67646.95000000 Vol:8.85983000
19:14:06.264986> [1Leg]: Buy OK BTCUSDT at 67642.7000;Gap=-4.16000000;Price=67642.8000;Slippage=0.1;Execution=263.018 ms;
19:14:06.264986> Close Sell Pos 
19:14:11.001150> Try Close Sell Pos, deviationBuy: 1.49850000 Bid: 67653.60
19:14:11.002143> Support: 67650 VolS:7.2 Resistence: 67653.7 VolR:7.599
19:14:11.002143> Ask1: 67653.70 Vol:7.599 Bid1: 67653.60 Vol:0.777
19:14:11.002143> Ask2: 67656.00000000 Vol:2.41668000 Bid2: 67655.99000000 Vol:5.57800000
19:14:11.272158> [1Leg]: Buy OK BTCUSDT at 67653.6000;Gap=-2.30000000;Price=67653.7000;Slippage=0.1;Execution=270.015 ms;
19:14:11.273160> Close Sell Pos 
19:14:16.001274> Try Close Sell Pos, deviationBuy: -6.28500000 Bid: 67641.30
19:14:16.002267> Support: 67638.2 VolS:1.892 Resistence: 67641.4 VolR:14.296
19:14:16.002267> Ask1: 67641.40 Vol:14.296 Bid1: 67641.30 Vol:1.276
19:14:16.003268> Ask2: 67650.71000000 Vol:8.35513000 Bid2: 67650.70000000 Vol:0.70204000
19:14:16.264287> [1Leg]: Buy OK BTCUSDT at 67641.3000;Gap=-9.31000000;Price=67641.4000;Slippage=0.1;Execution=261.019 ms;
19:14:16.265283> Close Sell Pos 
19:19:01.088894> Try Open Sell Pos, deviationSell: 4.83450000 Ask: 67839.10
19:19:01.093890> Support: 67838.9 VolS:15.468 Resistence: 67839.1 VolR:0.575
19:19:02.126726> [1Leg]: Sell OK BTCUSDT at 67839.1000;Gap=4.83450000;Price=67841.0000;Slippage=1.9;Execution=1032.836 ms;
19:19:02.127727> Elapsted Open Sell (1Leg)
19:22:52.147242> Try Open Sell Pos, deviationSell: 2.28900000 Ask: 68040.90
19:22:52.156240> Support: 68039.2 VolS:17.123 Resistence: 68041 VolR:30.012
19:22:52.455262> [1Leg]: Sell OK BTCUSDT at 68040.9000;Gap=2.28900000;Price=68040.9000;Slippage=0.0;Execution=298.020 ms;
19:22:52.456259> Elapsted Open Sell (1Leg)
19:27:42.883103> Try Close Sell Pos, deviationBuy: -4.73100000 Bid: 67847.40
19:27:42.884105> Support: 67847.4 VolS:0.919 Resistence: 67847.5 VolR:11.89
19:27:42.884105> Ask1: 67847.50 Vol:11.890 Bid1: 67847.40 Vol:0.919
19:27:42.885103> Ask2: 67866.21000000 Vol:3.17575000 Bid2: 67866.20000000 Vol:1.16271000
19:27:43.136117> [1Leg]: Buy OK BTCUSDT at 67847.4000;Gap=-18.71000000;Price=67847.5000;Slippage=0.1;Execution=251.014 ms;
19:27:43.136117> Close Sell Pos 
19:27:43.137118> Try Close Sell Pos, deviationBuy: -2.53100000 Bid: 67847.40
19:27:43.137118> Support: 67847.4 VolS:0.919 Resistence: 67847.5 VolR:11.89
19:27:43.137118> Ask1: 67847.50 Vol:11.890 Bid1: 67847.40 Vol:0.919
19:27:43.137118> Ask2: 67864.01000000 Vol:6.17898000 Bid2: 67864.00000000 Vol:0.23805000
19:27:43.391173> [1Leg]: Buy OK BTCUSDT at 67847.4000;Gap=-16.51000000;Price=67847.5000;Slippage=0.1;Execution=253.055 ms;
19:27:43.392133> Close Sell Pos 
19:27:46.054577> Try Close Sell Pos, deviationBuy: -2.47950000 Bid: 67840.50
19:27:46.054577> Support: 67838.1 VolS:0.407 Resistence: 67840.6 VolR:6.859
19:27:46.055579> Ask1: 67840.60 Vol:6.859 Bid1: 67840.50 Vol:0.343
19:27:46.055579> Ask2: 67857.16000000 Vol:4.52520000 Bid2: 67857.15000000 Vol:1.76185000
19:27:47.105057> [1Leg]: Buy OK BTCUSDT at 67840.5000;Gap=-16.56000000;Price=67830.5000;Slippage=-10.0;Execution=1048.479 ms;
19:27:47.106041> Close Sell Pos 
19:29:51.826737> Try Close Buy Pos
19:29:51.827710> Support: 67932.8 VolS:12.798 Resistence: 67932.9 VolR:0.527
19:29:51.828715> Ask1: 67932.90 Vol:0.527 Bid1: 67932.80 Vol:12.798
19:29:51.828715> Ask2: 67942.94000000 Vol:1.04894000 Bid2: 67942.93000000 Vol:7.83905000
19:29:52.108716> [1Leg]: Sell OK BTCUSDT at 67932.9000;Gap=-10.13000000;Price=67932.9000;Slippage=0.0;Execution=278.993 ms;
19:29:52.109716> Close Buy Pos 
19:29:58.036502> Try Close Buy Pos
19:29:58.039515> Support: 67931.9 VolS:1.77 Resistence: 67932 VolR:5.567
19:29:58.040510> Ask1: 67932.00 Vol:5.567 Bid1: 67931.90 Vol:1.770
19:29:58.040510> Ask2: 67943.87000000 Vol:1.87057000 Bid2: 67943.86000000 Vol:3.73307000
19:29:58.293507> [1Leg]: Sell OK BTCUSDT at 67932.0000;Gap=-11.96000000;Price=67932.0000;Slippage=0.0;Execution=251.991 ms;
19:29:58.293507> Close Buy Pos 
19:36:24.129757> Try Close Sell Pos, deviationBuy: -5.88250000 Bid: 67831.00
19:36:24.130747> Support: 67831 VolS:4.543 Resistence: 67831.1 VolR:2.638
19:36:24.130747> Ask1: 67831.10 Vol:2.638 Bid1: 67831.00 Vol:4.543
19:36:24.130747> Ask2: 67856.12000000 Vol:12.13349000 Bid2: 67856.11000000 Vol:0.07443000
19:36:24.383764> [1Leg]: Buy OK BTCUSDT at 67831.0000;Gap=-25.02000000;Price=67831.1000;Slippage=0.1;Execution=252.021 ms;
19:36:24.384758> Close Sell Pos 
19:37:16.558473> Try Close Sell Pos, deviationBuy: -7.02200000 Bid: 67828.00
19:37:16.561484> Support: 67828 VolS:2.327 Resistence: 67828.1 VolR:9.422
19:37:16.563466> Ask1: 67828.10 Vol:9.422 Bid1: 67828.00 Vol:2.327
19:37:16.564486> Ask2: 67850.48000000 Vol:6.61417000 Bid2: 67850.47000000 Vol:2.16120000
19:37:16.819483> [1Leg]: Buy OK BTCUSDT at 67828.0000;Gap=-22.38000000;Price=67828.1000;Slippage=0.1;Execution=253.990 ms;
19:37:16.819483> Close Sell Pos 
19:37:42.194148> Try Close Buy Pos
19:37:42.194148> Support: 67926.1 VolS:0.725 Resistence: 67928.9 VolR:4.905
19:37:42.195145> Ask1: 67928.90 Vol:4.905 Bid1: 67928.80 Vol:0.138
19:37:42.196146> Ask2: 67939.30000000 Vol:0.38668000 Bid2: 67939.29000000 Vol:5.66477000
19:37:42.472162> [1Leg]: Sell OK BTCUSDT at 67928.9000;Gap=-10.49000000;Price=67928.9000;Slippage=0.0;Execution=276.016 ms;
19:37:42.475161> Close Buy Pos 
19:37:46.000787> Try Close Buy Pos
19:37:46.001783> Support: 67934.7 VolS:7.445 Resistence: 67938 VolR:1.012
19:37:46.001783> Ask1: 67934.80 Vol:0.394 Bid1: 67934.70 Vol:7.445
19:37:46.002783> Ask2: 67947.99000000 Vol:2.17079000 Bid2: 67947.98000000 Vol:4.83640000
19:37:47.077382> [1Leg]: Sell OK BTCUSDT at 67934.8000;Gap=-13.28000000;Price=67921.1000;Slippage=-13.7;Execution=1074.599 ms;
19:37:47.081392> Close Buy Pos 
19:45:26.317678> Try Close Sell Pos, deviationBuy: -6.15300000 Bid: 67833.80
19:45:26.318677> Support: 67830.8 VolS:2.429 Resistence: 67833.9 VolR:4.504
19:45:26.319678> Ask1: 67833.90 Vol:4.504 Bid1: 67833.80 Vol:1.878
19:45:26.319678> Ask2: 67853.09000000 Vol:9.21837000 Bid2: 67853.08000000 Vol:0.14078000
19:45:26.579690> [1Leg]: Buy OK BTCUSDT at 67833.8000;Gap=-19.19000000;Price=67833.9000;Slippage=0.1;Execution=259.014 ms;
19:45:26.581691> Close Sell Pos 
20:20:24.327387> Unable to read data from the transport connection: An existing connection was forcibly closed by the remote host.
20:20:27.402565> Unable to read data from the transport connection: An existing connection was forcibly closed by the remote host.
20:20:29.531239> BinanceFuture - Vxxv1AWf[USD_M] Reconect to WebSocket #
20:20:29.531239> WebSocket [SubscribeToAggTradeStream()] [Closed] [future] and reconnect again [with Task.Delay]..
