11:01:24.184397> Binance - Vxxv1AWf[SPOT] SPOT Balance: 0 USDT
11:01:24.190399> Lenta has started...Start SubscribeToAggTradeStream @aggTrade [future] process...
11:01:24.190399> WebSocket connected! Start @depth [Future] process...
11:01:24.245401> WebSocket connected! Start Partial @depth20 [Future] process...
11:01:24.278403> WebSocket connected! Start Partial @depth20 [SPOT] process...
11:01:24.537422> WebSocket connected! Start Partial @depth20 [SPOT] process...
11:01:25.036122> Lenta has started...Start SubscribeToAggTradeStream @aggTrade [future] process...
11:01:25.044126> WebSocket connected! Start Partial @depth20 [Future] process...
11:01:25.045119> WebSocket connected! Start @depth [Future] process...
11:01:25.576404> BinanceFuture - Vxxv1AWf[USD_M] USD_M Balance: 43.61661859 USDT
11:03:39.305491>  DevBUY (-): 206.63650000 avgGapBuy:3968.95350000 
11:03:39.395576>  DevBUY (+): 193.33650000 avgGapBuy:3968.95350000 
11:03:41.565499>  DevBUY (+): 211.01650000 avgGapBuy:3968.95350000 
11:03:43.193879>  DevBUY (-): 214.11650000 avgGapBuy:3968.95350000 
11:03:43.297876>  DevBUY (+): 212.31650000 avgGapBuy:3968.95350000 
11:03:44.306064>  DevBUY (+): 214.38400000 avgGapBuy:3964.98600000 
11:03:46.689493>  DevBUY (+): 223.58400000 avgGapBuy:3964.98600000 
11:04:34.314830>  DevBUY (-): 216.35400000 avgGapBuy:3980.43600000 
11:04:34.508841>  DevBUY (+): 205.45400000 avgGapBuy:3980.43600000 
11:04:35.557740>  DevBUY (+): 215.45400000 avgGapBuy:3980.43600000 
11:04:49.318412>  DevBUY (+): 206.18500000 avgGapBuy:3962.97500000 
11:04:50.198816>  DevBUY (-): 201.32500000 avgGapBuy:3962.97500000 
11:04:50.897034>  DevBUY (+): 207.92500000 avgGapBuy:3962.97500000 
11:04:52.958743>  DevBUY (+): 213.52500000 avgGapBuy:3962.97500000 
11:04:53.198881>  DevBUY (-): 211.12500000 avgGapBuy:3962.97500000 
11:04:55.388465>  DevBUY (+): 234.00550000 avgGapBuy:3958.59450000 
11:04:58.199056>  DevBUY (-): 213.05550000 avgGapBuy:3958.59450000 
11:06:09.331864>  DevBUY (-): 202.18100000 avgGapBuy:3962.50900000 
11:06:10.101929>  DevBUY (+): 206.88100000 avgGapBuy:3962.50900000 
11:06:14.210375>  DevBUY (-): 218.14100000 avgGapBuy:3962.50900000 
11:06:14.332380>  DevBUY (-): 219.11850000 avgGapBuy:3961.53150000 
11:06:14.376388>  DevBUY (+): 217.51850000 avgGapBuy:3961.53150000 
11:06:17.144628>  DevBUY (+): 219.59850000 avgGapBuy:3961.53150000 
11:06:18.731317>  DevBUY (+): 223.47850000 avgGapBuy:3961.53150000 
11:06:19.213902>  DevBUY (-): 219.46850000 avgGapBuy:3961.53150000 
11:07:59.346551>  DevBUY (+): 207.68450000 avgGapBuy:3953.11550000 
11:08:01.216006>  DevBUY (-): 211.67450000 avgGapBuy:3953.11550000 
11:08:02.414469>  DevBUY (+): 213.88450000 avgGapBuy:3953.11550000 
11:08:09.215397>  DevBUY (-): 216.00900000 avgGapBuy:3950.80100000 
11:08:34.353709>  DevBUY (-): 206.16200000 avgGapBuy:3954.47800000 
11:08:34.536717>  DevBUY (+): 213.36200000 avgGapBuy:3954.47800000 
11:08:39.353749>  DevBUY (-): 207.17450000 avgGapBuy:3948.51550000 
11:08:43.711673>  DevBUY (+): 214.77450000 avgGapBuy:3948.51550000 
11:08:44.218142>  DevBUY (-): 212.89450000 avgGapBuy:3948.51550000 
11:13:44.415423>  DevBUY (-): 214.18200000 avgGapBuy:3944.78800000 
11:13:45.178668>  DevBUY (+): 217.68200000 avgGapBuy:3944.78800000 
11:14:09.420009>  DevBUY (+): 414.75700000 avgGapBuy:3742.18300000 
11:14:09.926886>  DevBUY (+): 415.25700000 avgGapBuy:3742.18300000 
11:14:13.412761>  DevBUY (+): 422.35700000 avgGapBuy:3742.18300000 
11:14:17.254337>  DevBUY (-): 427.68200000 avgGapBuy:3742.61800000 
11:14:44.424684>  DevBUY (-): 209.33850000 avgGapBuy:3952.78150000 
11:14:44.858706>  DevBUY (+): 201.63850000 avgGapBuy:3952.78150000 
11:14:46.255979>  DevBUY (-): 213.37850000 avgGapBuy:3952.78150000 
11:14:46.427977>  DevBUY (+): 202.97850000 avgGapBuy:3952.78150000 
11:14:47.523986>  DevBUY (+): 206.52850000 avgGapBuy:3952.78150000 
11:14:49.426240>  DevBUY (+): 207.77350000 avgGapBuy:3951.33650000 
11:14:53.128852>  DevBUY (+): 214.47350000 avgGapBuy:3951.33650000 
11:14:53.648140>  DevBUY (+): 225.06350000 avgGapBuy:3951.33650000 
11:14:54.158082>  DevBUY (+): 225.56350000 avgGapBuy:3951.33650000 
11:14:54.256087>  DevBUY (-): 216.72350000 avgGapBuy:3951.33650000 
11:16:14.441298>  DevBUY (-): 216.02700000 avgGapBuy:3951.59300000 
11:16:15.929124>  DevBUY (+): 203.82700000 avgGapBuy:3951.59300000 
11:16:16.437360>  DevBUY (+): 209.49700000 avgGapBuy:3951.59300000 
11:16:18.609382>  DevBUY (+): 210.82700000 avgGapBuy:3951.59300000 
11:16:19.108030>  DevBUY (+): 217.02700000 avgGapBuy:3951.59300000 
11:18:24.463347>  DevBUY (-): 207.40100000 avgGapBuy:3959.37900000 
11:18:26.918074>  DevBUY (+): 202.00100000 avgGapBuy:3959.37900000 
11:18:27.414944>  DevBUY (+): 206.63100000 avgGapBuy:3959.37900000 
11:18:27.923433>  DevBUY (+): 208.33100000 avgGapBuy:3959.37900000 
11:18:34.273693>  DevBUY (-): 215.06950000 avgGapBuy:3960.75050000 
11:20:14.481759>  DevBUY (-): 216.74600000 avgGapBuy:3947.65400000 
11:20:15.769476>  DevBUY (+): 217.74600000 avgGapBuy:3947.65400000 
11:20:17.864435>  DevBUY (+): 223.64600000 avgGapBuy:3947.65400000 
11:20:18.288635>  DevBUY (-): 219.64600000 avgGapBuy:3947.65400000 
11:25:34.539798>  DevBUY (-): 208.95150000 avgGapBuy:3940.59850000 
11:25:34.629800>  DevBUY (+): 214.85150000 avgGapBuy:3940.59850000 
11:25:35.147752>  DevBUY (+): 217.05150000 avgGapBuy:3940.59850000 
11:25:35.320780>  DevBUY (-): 212.30150000 avgGapBuy:3940.59850000 
11:25:36.320952>  DevBUY (-): 220.59150000 avgGapBuy:3940.59850000 
11:28:09.569480>  DevBUY (-): 208.59900000 avgGapBuy:3924.64100000 
11:28:09.756254>  DevBUY (+): 220.29900000 avgGapBuy:3924.64100000 
11:28:13.686202>  DevBUY (+): 224.99900000 avgGapBuy:3924.64100000 
11:28:14.224692>  DevBUY (+): 227.79900000 avgGapBuy:3924.64100000 
11:28:14.337699>  DevBUY (-): 219.85900000 avgGapBuy:3924.64100000 
11:29:29.587207>  DevBUY (+): 208.27750000 avgGapBuy:3935.22250000 
11:29:30.342118>  DevBUY (-): 204.27750000 avgGapBuy:3935.22250000 
11:29:38.744947>  DevBUY (+): 213.10750000 avgGapBuy:3935.30250000 
11:29:39.265088>  DevBUY (+): 221.90750000 avgGapBuy:3935.30250000 
11:29:39.346109>  DevBUY (-): 212.04750000 avgGapBuy:3935.30250000 
11:31:20.785976>  DevBUY (-): 216.78350000 avgGapBuy:3925.41650000 
11:31:21.481166>  DevBUY (+): 214.52350000 avgGapBuy:3925.41650000 
11:31:22.008030>  DevBUY (+): 220.12350000 avgGapBuy:3925.41650000 
11:31:55.792811>  DevBUY (+): 414.88600000 avgGapBuy:3715.41400000 
11:31:56.398753>  DevBUY (+): 419.78600000 avgGapBuy:3715.41400000 
11:31:56.908038>  DevBUY (+): 427.08600000 avgGapBuy:3715.41400000 
11:31:57.366875>  DevBUY (-): 423.08600000 avgGapBuy:3715.41400000 
11:33:20.808202>  DevBUY (-): 205.68450000 avgGapBuy:3933.41550000 
11:33:22.373654>  DevBUY (-): 208.27450000 avgGapBuy:3933.41550000 
11:33:22.378698>  DevBUY (+): 202.97450000 avgGapBuy:3933.41550000 
11:33:24.969798>  DevBUY (+): 204.24450000 avgGapBuy:3933.41550000 
11:33:28.221776>  DevBUY (+): 205.32600000 avgGapBuy:3932.26400000 
11:34:20.817235>  DevBUY (+): 410.71550000 avgGapBuy:3716.66450000 
11:34:21.977525>  DevBUY (+): 415.31550000 avgGapBuy:3716.66450000 
11:34:23.155784>  DevBUY (+): 415.41550000 avgGapBuy:3716.66450000 
11:34:23.768485>  DevBUY (+): 417.61550000 avgGapBuy:3716.66450000 
11:34:24.378756>  DevBUY (-): 408.03550000 avgGapBuy:3716.66450000 
11:34:24.914460>  DevBUY (+): 418.63550000 avgGapBuy:3716.66450000 
11:34:25.379262>  DevBUY (-): 414.63550000 avgGapBuy:3716.66450000 
11:45:50.951389>  DevBUY (-): 204.04450000 avgGapBuy:3890.58550000 
11:45:51.792695>  DevBUY (+): 196.34450000 avgGapBuy:3890.58550000 
11:45:52.288451>  DevBUY (+): 203.74450000 avgGapBuy:3890.58550000 
11:45:52.439466>  DevBUY (-): 213.13450000 avgGapBuy:3890.58550000 
11:45:52.800619>  DevBUY (+): 213.43450000 avgGapBuy:3890.58550000 
11:45:55.428789>  DevBUY (+): 215.11450000 avgGapBuy:3890.58550000 
11:46:35.958741>  DevBUY (+): 201.51600000 avgGapBuy:3889.47400000 
11:46:36.298081>  DevBUY (+): 202.71600000 avgGapBuy:3889.47400000 
11:46:36.832735>  DevBUY (+): 202.81600000 avgGapBuy:3889.47400000 
11:46:37.377435>  DevBUY (+): 217.01600000 avgGapBuy:3889.47400000 
11:46:37.440446>  DevBUY (-): 208.46600000 avgGapBuy:3889.47400000 
11:46:38.442392>  DevBUY (-): 208.80600000 avgGapBuy:3889.47400000 
11:46:38.931823>  DevBUY (+): 227.50600000 avgGapBuy:3889.47400000 
11:46:39.416958>  DevBUY (+): 229.30600000 avgGapBuy:3889.47400000 
11:46:39.440963>  DevBUY (-): 209.40600000 avgGapBuy:3889.47400000 
11:46:45.124573>  DevBUY (+): 229.47950000 avgGapBuy:3893.21050000 
11:46:50.962449>  DevBUY (+): 200.98950000 avgGapBuy:3890.86050000 
11:46:51.129457>  DevBUY (+): 204.58950000 avgGapBuy:3890.86050000 
11:46:51.678732>  DevBUY (+): 209.98950000 avgGapBuy:3890.86050000 
11:46:52.442676>  DevBUY (-): 206.12950000 avgGapBuy:3890.86050000 
11:46:53.442526>  DevBUY (-): 209.25950000 avgGapBuy:3890.86050000 
11:48:15.970188>  DevBUY (+): 202.25750000 avgGapBuy:3897.26250000 
11:48:16.431486>  DevBUY (+): 205.85750000 avgGapBuy:3897.26250000 
11:48:18.605886>  DevBUY (+): 208.25750000 avgGapBuy:3897.26250000 
11:48:25.666718>  DevBUY (+): 214.39450000 avgGapBuy:3897.72550000 
11:48:26.450147>  DevBUY (-): 210.15800000 avgGapBuy:3898.24200000 
11:48:27.236423>  DevBUY (+): 216.25800000 avgGapBuy:3898.24200000 
11:48:27.767734>  DevBUY (+): 216.56800000 avgGapBuy:3898.24200000 
11:48:28.275582>  DevBUY (+): 226.26800000 avgGapBuy:3898.24200000 
11:48:28.462590>  DevBUY (-): 216.41800000 avgGapBuy:3898.24200000 
11:48:29.450003>  DevBUY (-): 217.26800000 avgGapBuy:3898.24200000 
11:48:30.455021>  DevBUY (-): 222.98800000 avgGapBuy:3898.24200000 
11:49:05.978522>  DevBUY (-): 213.44500000 avgGapBuy:3901.65500000 
11:49:07.453315>  DevBUY (-): 220.00500000 avgGapBuy:3901.65500000 
11:49:07.622056>  DevBUY (+): 202.90500000 avgGapBuy:3901.65500000 
11:49:09.197688>  DevBUY (+): 205.93500000 avgGapBuy:3901.65500000 
11:49:11.494556>  DevBUY (+): 207.95550000 avgGapBuy:3902.92450000 
11:49:13.100350>  DevBUY (+): 216.15550000 avgGapBuy:3902.92450000 
11:49:18.443716>  DevBUY (+): 222.19900000 avgGapBuy:3903.39100000 
11:52:06.015696>  DevBUY (+): 431.68500000 avgGapBuy:3695.41500000 
11:52:06.468629>  DevBUY (-): 421.68500000 avgGapBuy:3695.41500000 
11:52:31.019882>  DevBUY (+): 204.20000000 avgGapBuy:3893.04000000 
11:52:31.471913>  DevBUY (-): 202.34000000 avgGapBuy:3893.04000000 
11:52:31.513909>  DevBUY (+): 208.44000000 avgGapBuy:3893.04000000 
11:52:32.474574>  DevBUY (-): 205.01000000 avgGapBuy:3893.04000000 
11:52:32.597589>  DevBUY (+): 216.31000000 avgGapBuy:3893.04000000 
11:52:36.021086>  DevBUY (+): 618.64950000 avgGapBuy:3481.94050000 
11:52:36.474102>  DevBUY (-): 617.00950000 avgGapBuy:3481.94050000 
11:52:36.888128>  DevBUY (+): 626.10950000 avgGapBuy:3481.94050000 
11:52:37.479164>  DevBUY (-): 620.10950000 avgGapBuy:3481.94050000 
11:52:39.007249>  DevBUY (+): 629.30950000 avgGapBuy:3481.94050000 
11:52:39.479276>  DevBUY (-): 623.65950000 avgGapBuy:3481.94050000 
11:52:40.477333>  DevBUY (-): 624.86950000 avgGapBuy:3481.94050000 
