19:55:57.816112> WebSocket connected! Start Partial @depth20 [Future] process...
19:55:57.818111> WebSocket connected! Start @depth [Future] process...
19:55:57.818111> WebSocket connected! Start Partial @depth20 [Future] process...
19:55:57.818111> Lenta has started...Start SubscribeToAggTradeStream @aggTrade [future] process...
19:55:57.819112> WebSocket connected! Start @depth [Future] process...
19:55:57.846113> Lenta has started...Start SubscribeToAggTradeStream @aggTrade [future] process...
19:55:58.894546> Lenta has started...Start SubscribeToAggTradeStream @aggTrade [future] process...
19:55:58.907552> WebSocket connected! Start @depth [Future] process...
19:55:58.908545> WebSocket connected! Start Partial @depth20 [Future] process...
19:55:58.909552> WebSocket connected! Start Partial @depth20 [Future] process...
19:55:58.914552> WebSocket connected! Start @depth [Future] process...
19:55:58.916555> Lenta has started...Start SubscribeToAggTradeStream @aggTrade [future] process...
19:55:59.417574> BinanceFuture - Vxxv1AWf[USD_M] USD_M Balance: 55.01929630 USDT
19:58:47.835791> WebSocket connected! Start Partial @depth20 [Future] process...
19:58:47.836792> Lenta has started...Start SubscribeToAggTradeStream @aggTrade [future] process...
19:58:47.842794> WebSocket connected! Start Partial @depth20 [SPOT] process...
19:58:47.861798> Binance - Vxxv1AWf[SPOT] SPOT Balance: 0 USDT
19:58:47.862794> WebSocket connected! Start @depth [Future] process...
19:58:48.118825> WebSocket connected! Start Partial @depth20 [SPOT] process...
19:58:48.526832> WebSocket connected! Start @depth [Future] process...
19:58:48.551835> Lenta has started...Start SubscribeToAggTradeStream @aggTrade [future] process...
19:58:48.554834> WebSocket connected! Start Partial @depth20 [Future] process...
19:58:49.064862> BinanceFuture - Vxxv1AWf[USD_M] USD_M Balance: 55.46953233 USDT
