18:34:10.542184> Lenta has started...Start SubscribeToAggTradeStream @aggTrade [future] process...
18:34:10.542184> WebSocket connected! Start Partial @depth20 [SPOT] process...
18:34:10.546187> WebSocket connected! Start @depth [Future] process...
18:34:10.546187> WebSocket connected! Start Partial @depth20 [Future] process...
18:34:11.275956> Binance - Vxxv1AWf[SPOT] SPOT Balance: 0.00000000 USDT
18:34:11.552977> WebSocket connected! Start Partial @depth20 [Future] process...
18:34:11.563987> Lenta has started...Start SubscribeToAggTradeStream @aggTrade [future] process...
18:34:11.564973> WebSocket connected! Start @depth [Future] process...
18:34:11.567973> WebSocket connected! Start Partial @depth20 [SPOT] process...
18:34:12.104607> BinanceFuture - Vxxv1AWf[USD_M] USD_M Balance: 425.22346119 USDT
18:41:21.104727>  DevSELL (+): -234.38450000 avgGapSell:-4003.88550000 
18:41:21.229718>  DevSELL (-): -206.28450000 avgGapSell:-4003.88550000 
18:41:22.275119>  DevSELL (-): -227.45450000 avgGapSell:-4003.88550000 
18:41:22.774988>  DevSELL (-): -230.55450000 avgGapSell:-4003.88550000 
18:44:26.142143>  DevSELL (-): -214.76850000 avgGapSell:-4015.14150000 
18:44:26.617361>  DevSELL (-): -215.56850000 avgGapSell:-4015.14150000 
18:44:26.956508>  DevSELL (+): -207.28850000 avgGapSell:-4015.14150000 
18:44:32.955628>  DevSELL (+): -210.03000000 avgGapSell:-4010.14000000 
18:45:01.146728>  DevSELL (+): -211.05050000 avgGapSell:-3987.39950000 
18:45:01.441746>  DevSELL (-): -211.05050000 avgGapSell:-3987.39950000 
18:45:01.958037>  DevSELL (+): -224.50050000 avgGapSell:-3987.39950000 
18:45:03.052712>  DevSELL (-): -213.50050000 avgGapSell:-3987.39950000 
18:45:04.957116>  DevSELL (+): -225.80050000 avgGapSell:-3987.39950000 
18:45:05.666079>  DevSELL (-): -226.50050000 avgGapSell:-3987.39950000 
18:45:07.684105>  DevSELL (-): -250.30850000 avgGapSell:-3991.36150000 
18:45:21.152961>  DevSELL (-): -216.92800000 avgGapSell:-3989.36200000 
18:45:21.959601>  DevSELL (+): -223.80800000 avgGapSell:-3989.36200000 
18:45:28.745132>  DevSELL (-): -219.60000000 avgGapSell:-3986.82000000 
18:45:28.959852>  DevSELL (+): -224.56000000 avgGapSell:-3986.82000000 
18:47:26.171218>  DevSELL (+): -203.93650000 avgGapSell:-4025.27350000 
18:47:26.460225>  DevSELL (+): -206.13650000 avgGapSell:-4025.27350000 
18:47:26.984430>  DevSELL (-): -204.24650000 avgGapSell:-4025.27350000 
18:47:27.495369>  DevSELL (-): -208.04650000 avgGapSell:-4025.27350000 
18:47:28.509287>  DevSELL (-): -208.77650000 avgGapSell:-4025.27350000 
18:47:29.968299>  DevSELL (+): -210.52650000 avgGapSell:-4025.27350000 
18:47:30.131308>  DevSELL (-): -212.12650000 avgGapSell:-4025.27350000 
18:47:30.646666>  DevSELL (-): -213.82650000 avgGapSell:-4025.27350000 
18:47:30.967035>  DevSELL (+): -220.22650000 avgGapSell:-4025.27350000 
18:49:01.189069>  DevSELL (+): -213.54000000 avgGapSell:-4010.50000000 
18:49:01.337035>  DevSELL (-): -197.04000000 avgGapSell:-4010.50000000 
18:49:01.856583>  DevSELL (-): -198.54000000 avgGapSell:-4010.50000000 
18:49:02.369068>  DevSELL (-): -222.04000000 avgGapSell:-4010.50000000 
18:51:01.204938>  DevSELL (+): -212.55500000 avgGapSell:-4054.35500000 
18:51:01.427949>  DevSELL (-): -209.65500000 avgGapSell:-4054.35500000 
18:51:02.459156>  DevSELL (-): -209.85500000 avgGapSell:-4054.35500000 
18:51:04.022116>  DevSELL (-): -212.51500000 avgGapSell:-4054.35500000 
18:51:05.070667>  DevSELL (-): -212.81500000 avgGapSell:-4054.35500000 
18:51:06.116555>  DevSELL (-): -215.41500000 avgGapSell:-4054.35500000 
18:51:06.210548>  DevSELL (-): -428.29550000 avgGapSell:-3841.47450000 
18:51:06.617471>  DevSELL (-): -428.99550000 avgGapSell:-3841.47450000 
18:51:06.982104>  DevSELL (+): -427.03550000 avgGapSell:-3841.47450000 
18:51:07.635251>  DevSELL (-): -430.93550000 avgGapSell:-3841.47450000 
18:51:08.136550>  DevSELL (-): -431.13550000 avgGapSell:-3841.47450000 
18:51:36.217092>  DevSELL (+): -217.92050000 avgGapSell:-4050.43950000 
18:51:36.556156>  DevSELL (-): -242.02050000 avgGapSell:-4050.43950000 
18:51:37.984949>  DevSELL (+): -220.60050000 avgGapSell:-4050.43950000 
18:52:26.226178>  DevSELL (-): -223.09750000 avgGapSell:-4045.60250000 
18:52:26.726517>  DevSELL (-): -234.59750000 avgGapSell:-4045.60250000 
18:52:26.989679>  DevSELL (+): -215.45750000 avgGapSell:-4045.60250000 
18:52:27.991019>  DevSELL (+): -222.06750000 avgGapSell:-4045.60250000 
18:52:31.284823>  DevSELL (-): -234.79850000 avgGapSell:-4048.09150000 
18:52:32.990704>  DevSELL (+): -226.30850000 avgGapSell:-4048.09150000 
18:53:06.236458>  DevSELL (-): -213.34400000 avgGapSell:-4055.71600000 
18:53:07.994213>  DevSELL (+): -207.18400000 avgGapSell:-4055.71600000 
18:53:08.994134>  DevSELL (+): -211.37400000 avgGapSell:-4055.71600000 
18:53:11.958512>  DevSELL (+): -220.40400000 avgGapSell:-4054.47600000 
18:53:13.480379>  DevSELL (-): -217.69400000 avgGapSell:-4054.47600000 
18:56:36.282406>  DevSELL (-): -200.51650000 avgGapSell:-4028.91350000 
18:56:36.725256>  DevSELL (-): -201.31650000 avgGapSell:-4028.91350000 
18:56:37.011189>  DevSELL (+): -217.18650000 avgGapSell:-4028.91350000 
18:56:37.224335>  DevSELL (-): -219.88650000 avgGapSell:-4028.91350000 
18:56:37.731982>  DevSELL (-): -226.08650000 avgGapSell:-4028.91350000 
18:56:39.011909>  DevSELL (+): -217.93650000 avgGapSell:-4028.91350000 
18:56:39.253914>  DevSELL (-): -228.23650000 avgGapSell:-4028.91350000 
18:56:39.760485>  DevSELL (-): -229.93650000 avgGapSell:-4028.91350000 
18:56:41.010990>  DevSELL (+): -218.49650000 avgGapSell:-4028.91350000 
18:59:41.317779>  DevSELL (-): -217.95500000 avgGapSell:-4036.29500000 
18:59:41.430783>  DevSELL (-): -220.25500000 avgGapSell:-4036.29500000 
18:59:41.978421>  DevSELL (-): -220.65500000 avgGapSell:-4036.29500000 
18:59:42.032428>  DevSELL (+): -213.67500000 avgGapSell:-4036.29500000 
18:59:43.031996>  DevSELL (+): -213.81500000 avgGapSell:-4036.29500000 
18:59:45.131687>  DevSELL (+): -214.55500000 avgGapSell:-4036.29500000 
18:59:46.031656>  DevSELL (+): -216.14500000 avgGapSell:-4036.29500000 
18:59:50.784818>  DevSELL (-): -221.76350000 avgGapSell:-4037.96650000 
18:59:51.031981>  DevSELL (+): -217.27350000 avgGapSell:-4037.96650000 
19:05:31.381523>  DevSELL (+): -195.40950000 avgGapSell:-3988.31050000 
19:05:31.419523>  DevSELL (+): -211.10950000 avgGapSell:-3988.31050000 
19:05:32.894317>  DevSELL (-): -233.70950000 avgGapSell:-3988.31050000 
19:05:33.057350>  DevSELL (+): -223.69950000 avgGapSell:-3988.31050000 
19:05:37.056254>  DevSELL (+): -226.37050000 avgGapSell:-3988.02950000 
19:06:31.392639>  DevSELL (-): -212.21350000 avgGapSell:-3984.45650000 
19:06:32.066633>  DevSELL (+): -216.61350000 avgGapSell:-3984.45650000 
19:06:32.376660>  DevSELL (-): -216.71350000 avgGapSell:-3984.45650000 
19:06:33.060995>  DevSELL (+): -217.73350000 avgGapSell:-3984.45650000 
19:06:33.905282>  DevSELL (-): -219.93350000 avgGapSell:-3984.45650000 
19:06:34.059284>  DevSELL (+): -226.14350000 avgGapSell:-3984.45650000 
19:06:34.409306>  DevSELL (-): -230.34350000 avgGapSell:-3984.45650000 
19:07:31.401400>  DevSELL (+): -203.14900000 avgGapSell:-3995.67100000 
19:07:31.477409>  DevSELL (-): -203.14900000 avgGapSell:-3995.67100000 
19:07:33.555268>  DevSELL (-): -215.14900000 avgGapSell:-3995.67100000 
19:08:41.411297>  DevSELL (-): -214.33150000 avgGapSell:-3989.16850000 
19:08:41.706696>  DevSELL (-): -218.13150000 avgGapSell:-3989.16850000 
19:08:42.070710>  DevSELL (+): -211.74150000 avgGapSell:-3989.16850000 
19:08:42.232716>  DevSELL (-): -225.84150000 avgGapSell:-3989.16850000 
19:08:43.072210>  DevSELL (+): -223.81150000 avgGapSell:-3989.16850000 
19:32:56.690553>  DevSELL (-): -216.58000000 avgGapSell:-4029.93000000 
19:32:56.886561>  DevSELL (-): -220.38000000 avgGapSell:-4029.93000000 
19:32:59.186911>  DevSELL (+): -205.80000000 avgGapSell:-4029.93000000 
19:32:59.977349>  DevSELL (-): -226.20000000 avgGapSell:-4029.93000000 
19:33:03.187497>  DevSELL (+): -213.34700000 avgGapSell:-4028.95300000 
19:33:56.700471>  DevSELL (+): -218.34600000 avgGapSell:-4024.61400000 
19:33:58.725326>  DevSELL (-): -215.85600000 avgGapSell:-4024.61400000 
19:37:36.742801>  DevSELL (-): -214.69850000 avgGapSell:-4032.09150000 
19:37:36.744791>  DevSELL (-): -226.69850000 avgGapSell:-4032.09150000 
19:37:37.214819>  DevSELL (+): -226.62850000 avgGapSell:-4032.09150000 
19:38:01.744101>  DevSELL (-): -207.99900000 avgGapSell:-4035.16100000 
19:38:02.215383>  DevSELL (+): -205.96900000 avgGapSell:-4035.16100000 
19:38:02.338379>  DevSELL (-): -209.66900000 avgGapSell:-4035.16100000 
19:38:02.845028>  DevSELL (-): -222.96900000 avgGapSell:-4035.16100000 
19:38:03.215308>  DevSELL (+): -229.12900000 avgGapSell:-4035.16100000 
19:38:41.752049>  DevSELL (-): -220.19400000 avgGapSell:-4036.51600000 
19:38:42.931341>  DevSELL (-): -229.89400000 avgGapSell:-4036.51600000 
19:38:43.218691>  DevSELL (+): -206.88400000 avgGapSell:-4036.51600000 
19:38:43.938269>  DevSELL (-): -233.98400000 avgGapSell:-4036.51600000 
19:38:44.216849>  DevSELL (+): -225.15400000 avgGapSell:-4036.51600000 
19:38:44.951993>  DevSELL (-): -237.05400000 avgGapSell:-4036.51600000 
19:46:36.829207>  DevSELL (-): -213.44400000 avgGapSell:-4084.10600000 
19:46:38.249621>  DevSELL (+): -215.15400000 avgGapSell:-4084.10600000 
19:46:39.246771>  DevSELL (+): -215.29400000 avgGapSell:-4084.10600000 
19:46:39.293771>  DevSELL (-): -215.29400000 avgGapSell:-4084.10600000 
19:46:41.247283>  DevSELL (+): -216.96400000 avgGapSell:-4084.10600000 
19:46:41.319281>  DevSELL (-): -217.36400000 avgGapSell:-4084.10600000 
19:46:41.822998>  DevSELL (-): -217.56400000 avgGapSell:-4084.10600000 
19:46:41.830020>  DevSELL (-): -219.02200000 avgGapSell:-4082.64800000 
19:46:43.047867>  DevSELL (-): -219.22200000 avgGapSell:-4082.64800000 
19:46:43.551862>  DevSELL (-): -231.42200000 avgGapSell:-4082.64800000 
19:46:44.056901>  DevSELL (-): -232.52200000 avgGapSell:-4082.64800000 
19:46:44.245904>  DevSELL (+): -217.97200000 avgGapSell:-4082.64800000 
19:46:45.247105>  DevSELL (+): -220.32200000 avgGapSell:-4082.64800000 
19:53:06.898470>  DevSELL (-): -214.12750000 avgGapSell:-4112.78250000 
19:53:08.277256>  DevSELL (+): -215.33750000 avgGapSell:-4112.78250000 
19:53:08.398262>  DevSELL (-): -215.33750000 avgGapSell:-4112.78250000 
19:53:08.926763>  DevSELL (-): -218.13750000 avgGapSell:-4112.78250000 
19:53:09.428118>  DevSELL (-): -220.73750000 avgGapSell:-4112.78250000 
19:53:09.967956>  DevSELL (-): -223.13750000 avgGapSell:-4112.78250000 
19:53:10.474475>  DevSELL (-): -223.23750000 avgGapSell:-4112.78250000 
19:53:12.616229>  DevSELL (-): -224.25300000 avgGapSell:-4113.26700000 
19:53:13.156497>  DevSELL (-): -225.95300000 avgGapSell:-4113.26700000 
19:53:13.276501>  DevSELL (+): -219.45300000 avgGapSell:-4113.26700000 
19:53:16.280428>  DevSELL (+): -220.20300000 avgGapSell:-4113.26700000 
20:01:16.989954>  DevSELL (-): -219.28450000 avgGapSell:-4125.82550000 
20:01:17.192983>  DevSELL (-): -224.28450000 avgGapSell:-4125.82550000 
20:01:17.320989>  DevSELL (+): -214.43450000 avgGapSell:-4125.82550000 
20:01:18.321471>  DevSELL (+): -215.68450000 avgGapSell:-4125.82550000 
20:01:26.320720>  DevSELL (+): -235.64400000 avgGapSell:-4125.05600000 
20:10:27.089668>  DevSELL (-): -233.16400000 avgGapSell:-4122.44600000 
20:10:27.375687>  DevSELL (+): -225.85400000 avgGapSell:-4122.44600000 
20:10:32.086659>  DevSELL (-): -242.72400000 avgGapSell:-4122.44600000 
20:12:57.116937>  DevSELL (-): -225.29250000 avgGapSell:-4132.66750000 
20:12:57.388948>  DevSELL (+): -210.94250000 avgGapSell:-4132.66750000 
20:13:03.390386>  DevSELL (+): -212.52150000 avgGapSell:-4131.96850000 
20:13:04.390124>  DevSELL (+): -212.71150000 avgGapSell:-4131.96850000 
20:16:27.151427>  DevSELL (-): -226.27200000 avgGapSell:-4136.00800000 
20:16:31.411443>  DevSELL (+): -212.75200000 avgGapSell:-4136.00800000 
20:16:33.286885>  DevSELL (-): -229.84500000 avgGapSell:-4134.31500000 
20:16:33.410895>  DevSELL (+): -220.90500000 avgGapSell:-4134.31500000 
20:16:33.782917>  DevSELL (-): -239.20500000 avgGapSell:-4134.31500000 
20:16:34.410888>  DevSELL (+): -226.90500000 avgGapSell:-4134.31500000 
20:16:35.412255>  DevSELL (+): -230.10500000 avgGapSell:-4134.31500000 
20:17:12.159617>  DevSELL (-): -202.88450000 avgGapSell:-4134.56550000 
20:17:12.414635>  DevSELL (+): -214.44450000 avgGapSell:-4134.56550000 
20:17:12.537638>  DevSELL (-): -214.44450000 avgGapSell:-4134.56550000 
20:17:13.415135>  DevSELL (+): -218.07450000 avgGapSell:-4134.56550000 
20:17:17.171517>  DevSELL (-): -216.38350000 avgGapSell:-4124.97650000 
20:17:17.699282>  DevSELL (-): -217.68350000 avgGapSell:-4124.97650000 
20:17:18.194936>  DevSELL (-): -235.08350000 avgGapSell:-4124.97650000 
20:17:20.415949>  DevSELL (+): -229.92350000 avgGapSell:-4124.97650000 
20:18:47.179752>  DevSELL (-): -203.12850000 avgGapSell:-4134.68150000 
20:18:47.422766>  DevSELL (+): -200.47850000 avgGapSell:-4134.68150000 
20:18:47.661776>  DevSELL (-): -207.57850000 avgGapSell:-4134.68150000 
20:18:48.180324>  DevSELL (-): -227.57850000 avgGapSell:-4134.68150000 
20:18:48.424348>  DevSELL (+): -223.92850000 avgGapSell:-4134.68150000 
20:18:52.422740>  DevSELL (+): -223.99950000 avgGapSell:-4132.04050000 
20:19:17.184026>  DevSELL (-): -220.88650000 avgGapSell:-4134.24350000 
20:19:17.264031>  DevSELL (-): -223.98650000 avgGapSell:-4134.24350000 
20:19:17.775071>  DevSELL (-): -224.68650000 avgGapSell:-4134.24350000 
20:19:18.280096>  DevSELL (-): -232.68650000 avgGapSell:-4134.24350000 
20:19:18.445105>  DevSELL (+): -219.67650000 avgGapSell:-4134.24350000 
20:19:20.425256>  DevSELL (+): -223.88650000 avgGapSell:-4134.24350000 
20:19:21.425825>  DevSELL (+): -227.33650000 avgGapSell:-4134.24350000 
20:28:07.277909>  DevSELL (-): -216.89250000 avgGapSell:-4139.55750000 
20:28:08.482614>  DevSELL (+): -218.33250000 avgGapSell:-4139.55750000 
20:28:08.498600>  DevSELL (-): -218.43250000 avgGapSell:-4139.55750000 
20:28:09.068641>  DevSELL (-): -220.53250000 avgGapSell:-4139.55750000 
20:28:10.427424>  DevSELL (-): -228.73250000 avgGapSell:-4139.55750000 
20:28:11.487505>  DevSELL (+): -221.97250000 avgGapSell:-4139.55750000 
20:28:12.478356>  DevSELL (+): -223.64400000 avgGapSell:-4142.05600000 
20:36:37.381217>  DevSELL (-): -214.25550000 avgGapSell:-4137.92450000 
20:36:37.530929>  DevSELL (+): -221.86550000 avgGapSell:-4137.92450000 
20:36:37.625936>  DevSELL (+): -224.16550000 avgGapSell:-4137.92450000 
20:36:38.132960>  DevSELL (-): -224.56550000 avgGapSell:-4137.92450000 
20:36:41.179005>  DevSELL (-): -227.79550000 avgGapSell:-4137.92450000 
20:36:42.183512>  DevSELL (-): -230.61550000 avgGapSell:-4137.92450000 
20:36:44.531600>  DevSELL (+): -224.47100000 avgGapSell:-4140.81900000 
20:39:27.408111>  DevSELL (-): -213.41900000 avgGapSell:-4141.56100000 
20:39:27.713869>  DevSELL (-): -214.41900000 avgGapSell:-4141.56100000 
20:39:28.238374>  DevSELL (-): -215.81900000 avgGapSell:-4141.56100000 
20:39:28.549513>  DevSELL (+): -212.10900000 avgGapSell:-4141.56100000 
20:39:30.299678>  DevSELL (-): -220.10900000 avgGapSell:-4141.56100000 
20:39:30.549683>  DevSELL (+): -217.65900000 avgGapSell:-4141.56100000 
20:39:37.000926>  DevSELL (-): -233.90450000 avgGapSell:-4141.56550000 
20:42:07.432148>  DevSELL (-): -214.34000000 avgGapSell:-4157.28000000 
20:42:08.557365>  DevSELL (+): -229.84000000 avgGapSell:-4157.28000000 
20:42:11.274722>  DevSELL (-): -219.44000000 avgGapSell:-4157.28000000 
20:42:21.191764>  DevSELL (-): -221.55850000 avgGapSell:-4152.94150000 
20:46:37.487751>  DevSELL (-): -201.55400000 avgGapSell:-4146.05600000 
20:46:37.587754>  DevSELL (+): -218.73400000 avgGapSell:-4146.05600000 
20:46:37.873763>  DevSELL (-): -218.93400000 avgGapSell:-4146.05600000 
20:46:40.495383>  DevSELL (-): -218.95400000 avgGapSell:-4146.05600000 
20:46:44.089777>  DevSELL (-): -219.01200000 avgGapSell:-4144.00800000 
20:46:44.596057>  DevSELL (-): -223.00200000 avgGapSell:-4144.00800000 
20:46:45.587996>  DevSELL (+): -225.49200000 avgGapSell:-4144.00800000 
20:49:37.518249>  DevSELL (-): -225.23550000 avgGapSell:-4136.55450000 
20:49:38.573823>  DevSELL (-): -228.73550000 avgGapSell:-4136.55450000 
20:49:38.602827>  DevSELL (+): -225.45550000 avgGapSell:-4136.55450000 
20:49:42.306477>  DevSELL (-): -232.56550000 avgGapSell:-4136.55450000 
20:56:07.577389>  DevSELL (+): -221.98700000 avgGapSell:-4165.16300000 
20:56:07.616385>  DevSELL (-): -217.68700000 avgGapSell:-4165.16300000 
20:56:08.640403>  DevSELL (+): -223.03700000 avgGapSell:-4165.16300000 
20:56:10.645610>  DevSELL (-): -218.16700000 avgGapSell:-4165.16300000 
20:59:47.612705>  DevSELL (-): -198.93800000 avgGapSell:-4163.25200000 
20:59:47.659703>  DevSELL (+): -213.46800000 avgGapSell:-4163.25200000 
20:59:47.698698>  DevSELL (-): -210.76800000 avgGapSell:-4163.25200000 
20:59:48.735978>  DevSELL (-): -213.86800000 avgGapSell:-4163.25200000 
20:59:52.613303>  DevSELL (-): -214.58800000 avgGapSell:-4157.03200000 
20:59:52.702295>  DevSELL (-): -214.78800000 avgGapSell:-4157.03200000 
20:59:55.235300>  DevSELL (-): -223.98800000 avgGapSell:-4157.03200000 
20:59:55.660802>  DevSELL (+): -223.96800000 avgGapSell:-4157.03200000 
21:04:42.658647>  DevSELL (+): -224.74150000 avgGapSell:-4163.94850000 
21:04:42.986657>  DevSELL (-): -232.76150000 avgGapSell:-4163.94850000 
21:04:43.493696>  DevSELL (-): -232.86150000 avgGapSell:-4163.94850000 
21:04:43.684708>  DevSELL (+): -226.26150000 avgGapSell:-4163.94850000 
21:17:57.813383>  DevSELL (+): -445.71350000 avgGapSell:-3947.09650000 
21:17:57.982390>  DevSELL (-): -445.91350000 avgGapSell:-3947.09650000 
21:17:58.531454>  DevSELL (-): -446.71350000 avgGapSell:-3947.09650000 
21:17:59.044742>  DevSELL (-): -446.81350000 avgGapSell:-3947.09650000 
21:17:59.717454>  DevSELL (-): -451.11350000 avgGapSell:-3947.09650000 
21:17:59.768458>  DevSELL (+): -447.91350000 avgGapSell:-3947.09650000 
21:19:57.839413>  DevSELL (+): -217.84450000 avgGapSell:-4171.68550000 
21:19:58.207967>  DevSELL (-): -219.44450000 avgGapSell:-4171.68550000 
21:19:59.220732>  DevSELL (+): -225.43450000 avgGapSell:-4171.68550000 
21:19:59.223749>  DevSELL (-): -225.43450000 avgGapSell:-4171.68550000 
21:22:02.861884>  DevSELL (+): -220.28050000 avgGapSell:-4266.00950000 
21:22:04.214585>  DevSELL (-): -218.59050000 avgGapSell:-4266.00950000 
21:22:04.792564>  DevSELL (+): -227.99050000 avgGapSell:-4266.00950000 
21:22:05.792009>  DevSELL (+): -260.55050000 avgGapSell:-4266.00950000 
21:22:06.792023>  DevSELL (+): -267.15050000 avgGapSell:-4266.00950000 
21:22:10.543718>  DevSELL (-): -256.20900000 avgGapSell:-4273.40100000 
21:22:42.873649>  DevSELL (+): -288.89700000 avgGapSell:-4276.05300000 
21:22:43.302194>  DevSELL (-): -262.59700000 avgGapSell:-4276.05300000 
21:22:45.940142>  DevSELL (-): -306.75700000 avgGapSell:-4276.05300000 
21:31:07.961134>  DevSELL (+): -225.28000000 avgGapSell:-4272.01000000 
21:31:07.968100>  DevSELL (-): -226.88000000 avgGapSell:-4272.01000000 
21:31:08.502414>  DevSELL (-): -228.08000000 avgGapSell:-4272.01000000 
21:31:08.838987>  DevSELL (+): -226.11000000 avgGapSell:-4272.01000000 
21:31:09.838840>  DevSELL (+): -229.40000000 avgGapSell:-4272.01000000 
21:31:11.838765>  DevSELL (+): -229.88000000 avgGapSell:-4272.01000000 
21:33:02.978505>  DevSELL (-): -222.19450000 avgGapSell:-4245.63550000 
21:33:03.471558>  DevSELL (-): -225.89450000 avgGapSell:-4245.63550000 
21:33:05.849111>  DevSELL (+): -223.98450000 avgGapSell:-4245.63550000 
21:33:07.523985>  DevSELL (-): -226.98450000 avgGapSell:-4245.63550000 
21:33:07.979011>  DevSELL (-): -228.42000000 avgGapSell:-4244.20000000 
21:33:08.060015>  DevSELL (-): -228.72000000 avgGapSell:-4244.20000000 
21:33:08.567915>  DevSELL (-): -237.22000000 avgGapSell:-4244.20000000 
21:33:10.632908>  DevSELL (-): -243.85000000 avgGapSell:-4244.20000000 
21:33:10.849923>  DevSELL (+): -227.11000000 avgGapSell:-4244.20000000 
21:33:12.187933>  DevSELL (-): -246.81000000 avgGapSell:-4244.20000000 
21:33:12.688209>  DevSELL (-): -249.91000000 avgGapSell:-4244.20000000 
21:33:12.850219>  DevSELL (+): -237.82000000 avgGapSell:-4244.20000000 
21:33:27.981791>  DevSELL (-): -220.36000000 avgGapSell:-4250.77000000 
21:33:29.852459>  DevSELL (+): -225.25000000 avgGapSell:-4250.77000000 
21:33:30.080152>  DevSELL (-): -225.45000000 avgGapSell:-4250.77000000 
21:33:31.123719>  DevSELL (-): -225.85000000 avgGapSell:-4250.77000000 
21:33:31.625524>  DevSELL (-): -225.95000000 avgGapSell:-4250.77000000 
21:33:37.454984>  DevSELL (-): -228.50550000 avgGapSell:-4251.31450000 
21:33:37.853049>  DevSELL (+): -225.60550000 avgGapSell:-4251.31450000 
21:37:03.021307>  DevSELL (+): -225.23000000 avgGapSell:-4245.34000000 
21:37:03.067299>  DevSELL (+): -231.53000000 avgGapSell:-4245.34000000 
21:37:04.085525>  DevSELL (-): -227.31000000 avgGapSell:-4245.34000000 
21:37:04.593963>  DevSELL (-): -227.71000000 avgGapSell:-4245.34000000 
21:37:06.405174>  DevSELL (-): -228.31000000 avgGapSell:-4245.34000000 
21:37:07.560023>  DevSELL (-): -236.55000000 avgGapSell:-4245.34000000 
21:37:08.021885>  DevSELL (+): -451.71400000 avgGapSell:-4024.10600000 
21:37:08.660968>  DevSELL (-): -444.61400000 avgGapSell:-4024.10600000 
21:37:08.869981>  DevSELL (+): -458.69400000 avgGapSell:-4024.10600000 
21:37:09.140100>  DevSELL (-): -452.29400000 avgGapSell:-4024.10600000 
21:37:15.002289>  DevSELL (-): -454.76900000 avgGapSell:-4025.88100000 
21:48:48.149014>  DevSELL (+): -220.72500000 avgGapSell:-4246.93500000 
21:48:48.296032>  DevSELL (+): -221.52500000 avgGapSell:-4246.93500000 
21:48:50.183589>  DevSELL (+): -221.92500000 avgGapSell:-4246.93500000 
21:48:50.704879>  DevSELL (-): -222.12500000 avgGapSell:-4246.93500000 
21:48:51.208945>  DevSELL (-): -224.42500000 avgGapSell:-4246.93500000 
21:48:51.770709>  DevSELL (-): -225.22500000 avgGapSell:-4246.93500000 
21:48:52.280737>  DevSELL (-): -225.62500000 avgGapSell:-4246.93500000 
21:48:52.952036>  DevSELL (+): -224.36500000 avgGapSell:-4246.93500000 
21:48:53.149052>  DevSELL (+): -224.91600000 avgGapSell:-4246.38400000 
21:48:53.323066>  DevSELL (-): -226.51600000 avgGapSell:-4246.38400000 
21:48:53.838390>  DevSELL (-): -228.41600000 avgGapSell:-4246.38400000 
21:48:56.431993>  DevSELL (-): -229.41600000 avgGapSell:-4246.38400000 
21:48:56.934478>  DevSELL (-): -237.61600000 avgGapSell:-4246.38400000 
21:48:56.954478>  DevSELL (+): -234.92600000 avgGapSell:-4246.38400000 
21:49:28.154978>  DevSELL (+): -223.73800000 avgGapSell:-4255.81200000 
21:49:28.380969>  DevSELL (-): -223.93800000 avgGapSell:-4255.81200000 
21:49:28.890841>  DevSELL (-): -224.03800000 avgGapSell:-4255.81200000 
21:49:29.945201>  DevSELL (-): -224.43800000 avgGapSell:-4255.81200000 
21:49:30.455913>  DevSELL (-): -233.23800000 avgGapSell:-4255.81200000 
21:49:30.955200>  DevSELL (+): -227.89800000 avgGapSell:-4255.81200000 
21:51:28.178924>  DevSELL (-): -231.24500000 avgGapSell:-4254.91500000 
21:51:29.970584>  DevSELL (+): -227.70500000 avgGapSell:-4254.91500000 
21:51:30.183285>  DevSELL (+): -228.80500000 avgGapSell:-4254.91500000 
21:51:31.890385>  DevSELL (-): -231.50500000 avgGapSell:-4254.91500000 
21:51:31.975390>  DevSELL (+): -231.49500000 avgGapSell:-4254.91500000 
21:51:32.411079>  DevSELL (+): -236.39500000 avgGapSell:-4254.91500000 
21:51:32.905157>  DevSELL (-): -236.79500000 avgGapSell:-4254.91500000 
21:56:08.219397>  DevSELL (+): -217.87500000 avgGapSell:-4264.04500000 
21:56:08.471400>  DevSELL (-): -217.87500000 avgGapSell:-4264.04500000 
21:56:09.001432>  DevSELL (+): -222.63500000 avgGapSell:-4264.04500000 
21:56:10.002951>  DevSELL (+): -238.63500000 avgGapSell:-4264.04500000 
21:56:10.063956>  DevSELL (-): -224.33500000 avgGapSell:-4264.04500000 
21:56:10.595877>  DevSELL (-): -224.53500000 avgGapSell:-4264.04500000 
21:56:11.086907>  DevSELL (-): -229.59500000 avgGapSell:-4264.04500000 
21:56:13.219527>  DevSELL (-): -231.07800000 avgGapSell:-4262.56200000 
21:56:14.747529>  DevSELL (-): -232.07800000 avgGapSell:-4262.56200000 
22:09:23.379397>  DevSELL (+): -228.85900000 avgGapSell:-4252.71100000 
22:09:23.474394>  DevSELL (-): -239.55900000 avgGapSell:-4252.71100000 
22:09:32.787373>  DevSELL (-): -242.85550000 avgGapSell:-4254.83450000 
22:09:33.086938>  DevSELL (+): -233.14550000 avgGapSell:-4254.83450000 
22:10:13.389468>  DevSELL (-): -227.54800000 avgGapSell:-4225.46200000 
22:10:13.757687>  DevSELL (-): -240.54800000 avgGapSell:-4225.46200000 
22:10:14.096478>  DevSELL (+): -235.82800000 avgGapSell:-4225.46200000 
22:12:38.422111>  DevSELL (-): -210.44850000 avgGapSell:-4246.34150000 
22:12:39.109509>  DevSELL (+): -222.07850000 avgGapSell:-4246.34150000 
22:12:39.415256>  DevSELL (-): -217.97850000 avgGapSell:-4246.34150000 
22:12:40.109414>  DevSELL (+): -224.35850000 avgGapSell:-4246.34150000 
22:12:44.574713>  DevSELL (+): -224.95050000 avgGapSell:-4240.38950000 
22:12:45.121647>  DevSELL (-): -230.15050000 avgGapSell:-4240.38950000 
22:12:47.109016>  DevSELL (+): -229.18050000 avgGapSell:-4240.38950000 
22:18:18.492682>  DevSELL (-): -222.05250000 avgGapSell:-4254.75750000 
22:18:19.217973>  DevSELL (-): -223.65250000 avgGapSell:-4254.75750000 
22:18:19.755463>  DevSELL (-): -224.05250000 avgGapSell:-4254.75750000 
22:18:20.329945>  DevSELL (-): -224.15250000 avgGapSell:-4254.75750000 
22:18:20.894610>  DevSELL (-): -226.85250000 avgGapSell:-4254.75750000 
22:18:21.439171>  DevSELL (-): -229.35250000 avgGapSell:-4254.75750000 
22:18:21.959611>  DevSELL (-): -234.05250000 avgGapSell:-4254.75750000 
22:18:22.138628>  DevSELL (+): -228.25250000 avgGapSell:-4254.75750000 
22:31:53.651280>  DevSELL (+): -219.12100000 avgGapSell:-4241.21900000 
22:31:53.677282>  DevSELL (+): -219.32100000 avgGapSell:-4241.21900000 
22:31:54.222376>  DevSELL (-): -219.72100000 avgGapSell:-4241.21900000 
22:31:58.527024>  DevSELL (-): -234.49100000 avgGapSell:-4241.21900000 
22:31:58.652031>  DevSELL (-): -236.43200000 avgGapSell:-4239.27800000 
22:32:11.101436>  DevSELL (-): -236.59500000 avgGapSell:-4239.01500000 
22:32:11.229442>  DevSELL (+): -229.28500000 avgGapSell:-4239.01500000 
22:32:12.714801>  DevSELL (-): -244.68500000 avgGapSell:-4239.01500000 
22:32:13.224911>  DevSELL (-): -244.88500000 avgGapSell:-4239.01500000 
22:32:13.235909>  DevSELL (+): -234.56500000 avgGapSell:-4239.01500000 
22:35:38.690563>  DevSELL (+): -221.02100000 avgGapSell:-4238.88900000 
22:35:39.890134>  DevSELL (+): -221.42100000 avgGapSell:-4238.88900000 
22:35:41.112087>  DevSELL (-): -221.42100000 avgGapSell:-4238.88900000 
22:35:43.228577>  DevSELL (-): -221.62100000 avgGapSell:-4238.88900000 
22:35:43.692297>  DevSELL (-): -222.81500000 avgGapSell:-4237.69500000 
22:35:44.263018>  DevSELL (-): -232.05500000 avgGapSell:-4237.69500000 
22:35:45.870884>  DevSELL (-): -239.25500000 avgGapSell:-4237.69500000 
22:35:46.252508>  DevSELL (+): -232.93500000 avgGapSell:-4237.69500000 
22:35:46.376514>  DevSELL (-): -241.53500000 avgGapSell:-4237.69500000 
22:35:47.261171>  DevSELL (+): -238.80500000 avgGapSell:-4237.69500000 
22:38:03.711355>  DevSELL (-): -230.70100000 avgGapSell:-4235.88900000 
22:38:03.870363>  DevSELL (-): -233.00100000 avgGapSell:-4235.88900000 
22:38:04.269391>  DevSELL (+): -228.20100000 avgGapSell:-4235.88900000 
22:38:06.570978>  DevSELL (-): -236.90100000 avgGapSell:-4235.88900000 
22:42:38.759239>  DevSELL (-): -227.42950000 avgGapSell:-4249.03050000 
22:42:39.208956>  DevSELL (-): -228.02950000 avgGapSell:-4249.03050000 
22:42:39.300966>  DevSELL (+): -227.45950000 avgGapSell:-4249.03050000 
22:42:41.834633>  DevSELL (-): -232.63950000 avgGapSell:-4249.03050000 
22:42:44.944855>  DevSELL (-): -232.79750000 avgGapSell:-4249.07250000 
22:42:45.301879>  DevSELL (+): -232.78750000 avgGapSell:-4249.07250000 
22:42:45.469880>  DevSELL (-): -233.18750000 avgGapSell:-4249.07250000 
22:44:23.775292>  DevSELL (-): -230.94650000 avgGapSell:-4242.96350000 
22:44:45.317255>  DevSELL (+): -230.75800000 avgGapSell:-4246.80200000 
22:50:43.844278>  DevSELL (-): -225.44850000 avgGapSell:-4265.53150000 
22:50:44.082287>  DevSELL (-): -225.94850000 avgGapSell:-4265.53150000 
22:50:44.355424>  DevSELL (+): -222.62850000 avgGapSell:-4265.53150000 
22:50:45.099636>  DevSELL (-): -227.62850000 avgGapSell:-4265.53150000 
22:50:45.623873>  DevSELL (-): -227.72850000 avgGapSell:-4265.53150000 
22:50:48.417604>  DevSELL (-): -228.31850000 avgGapSell:-4265.53150000 
22:50:48.923164>  DevSELL (-): -228.49900000 avgGapSell:-4266.75100000 
22:50:51.354708>  DevSELL (+): -226.41900000 avgGapSell:-4266.75100000 
22:50:52.024456>  DevSELL (-): -229.71900000 avgGapSell:-4266.75100000 
22:52:38.867135>  DevSELL (+): -226.47350000 avgGapSell:-4272.09650000 
22:52:38.968139>  DevSELL (-): -233.27350000 avgGapSell:-4272.09650000 
22:52:44.765413>  DevSELL (-): -234.14900000 avgGapSell:-4270.92100000 
22:52:45.269449>  DevSELL (-): -235.54900000 avgGapSell:-4270.92100000 
22:52:45.366463>  DevSELL (+): -226.89900000 avgGapSell:-4270.92100000 
22:52:46.371181>  DevSELL (+): -229.15900000 avgGapSell:-4270.92100000 
22:56:23.907995>  DevSELL (-): -235.76550000 avgGapSell:-4276.26450000 
22:56:24.286988>  DevSELL (-): -242.46550000 avgGapSell:-4276.26450000 
22:56:24.796574>  DevSELL (-): -267.76550000 avgGapSell:-4276.26450000 
22:56:25.297846>  DevSELL (-): -268.36550000 avgGapSell:-4276.26450000 
22:56:25.392850>  DevSELL (+): -250.34550000 avgGapSell:-4276.26450000 
