10:16:28.873340> WebSocket connected! Start Partial @depth20 [MARGIN] process...
10:16:28.873340> Lenta has started...Start SubscribeToAggTradeStream @aggTrade [future] process...
10:16:28.882354> WebSocket connected! Start @depth [Future] process...
10:16:28.874340> WebSocket connected! Start Partial @depth20 [Future] process...
10:16:29.139355> WebSocket connected! Start Partial @depth20 [MARGIN] process...
10:16:29.633836> Binance - Vxxv1AWf[MARGIN] MARGIN Balance: 0.92428482 USDT
10:16:29.726853> WebSocket connected! Start @depth [Future] process...
10:16:29.740870> Lenta has started...Start SubscribeToAggTradeStream @aggTrade [future] process...
10:16:29.763042> WebSocket connected! Start Partial @depth20 [Future] process...
10:16:30.254873> BinanceFuture - Vxxv1AWf[USD_M] USD_M Balance: 459.80551224 USDT
10:37:51.352906> WebSocket [SubscribePartialDepthStream()] [future] error: Unable to read data from the transport connection: A connection attempt failed because the connected party did not properly respond after a period of time, or established connection failed because connected host has failed to respond.
10:37:52.054877> WebSocket [ConnectToDepthStream()] [future] error: Unable to read data from the transport connection: A connection attempt failed because the connected party did not properly respond after a period of time, or established connection failed because connected host has failed to respond.
10:37:53.460739> WebSocket [SubscribePartialDepthStream()] [future] error: Unable to read data from the transport connection: A connection attempt failed because the connected party did not properly respond after a period of time, or established connection failed because connected host has failed to respond.
10:37:54.166035> Unable to read data from the transport connection: A connection attempt failed because the connected party did not properly respond after a period of time, or established connection failed because connected host has failed to respond.
10:37:56.414884> BinanceFuture - Vxxv1AWf[USD_M] Reconect to WebSocket #
10:37:56.415881> WebSocket [SubscribePartialDepthStream()] [Closed] [future] and reconnect again [during Task.Delay]..
10:37:57.056467> BinanceFuture - Vxxv1AWf[USD_M] Reconect ConnectToDepthStream() to WebSocket #
10:37:57.057457> WebSocket [ConnectToDepthStream()] [Closed] [future] and reconnect again [during Task.Delay]..
10:37:58.466542> BinanceFuture - Vxxv1AWf[USD_M] Reconect to WebSocket #
10:37:58.466542> WebSocket [SubscribePartialDepthStream()] [Closed] [future] and reconnect again [during Task.Delay]..
10:37:59.169617> BinanceFuture - Vxxv1AWf[USD_M] Reconect to WebSocket #
10:37:59.170609> WebSocket [SubscribeToAggTradeStream()] [Closed] [future] and reconnect again [with Task.Delay]..
10:38:00.162486> Lenta has started...Start SubscribeToAggTradeStream @aggTrade [future] process...
10:38:18.421189> WebSocket connected! Start @depth [Future] process...
10:38:19.031908> WebSocket connected! Start @depth [Future] process...
10:38:20.461484> WebSocket connected! Start @depth [Future] process...
10:41:30.775541> Unable to read data from the transport connection: A connection attempt failed because the connected party did not properly respond after a period of time, or established connection failed because connected host has failed to respond.
10:41:35.789562> BinanceFuture - Vxxv1AWf[USD_M] Reconect to WebSocket #
10:41:35.790558> WebSocket [SubscribeToAggTradeStream()] [Closed] [future] and reconnect again [with Task.Delay]..
10:41:36.785862> Lenta has started...Start SubscribeToAggTradeStream @aggTrade [future] process...
10:41:47.512386> WebSocket [ConnectToDepthStream()] [future] error: Unable to read data from the transport connection: A connection attempt failed because the connected party did not properly respond after a period of time, or established connection failed because connected host has failed to respond.
10:41:49.026477> WebSocket [ConnectToDepthStream()] [future] error: Unable to read data from the transport connection: A connection attempt failed because the connected party did not properly respond after a period of time, or established connection failed because connected host has failed to respond.
10:41:51.767164> WebSocket [ConnectToDepthStream()] [future] error: Unable to read data from the transport connection: A connection attempt failed because the connected party did not properly respond after a period of time, or established connection failed because connected host has failed to respond.
10:41:52.536141> BinanceFuture - Vxxv1AWf[USD_M] Reconect ConnectToDepthStream() to WebSocket #
10:41:52.536141> WebSocket [ConnectToDepthStream()] [Closed] [future] and reconnect again [during Task.Delay]..
10:41:54.037800> BinanceFuture - Vxxv1AWf[USD_M] Reconect ConnectToDepthStream() to WebSocket #
10:41:54.039796> WebSocket [ConnectToDepthStream()] [Closed] [future] and reconnect again [during Task.Delay]..
10:41:55.017138> WebSocket connected! Start @depth [Future] process...
